Flow report for controlunit_butterfly
Tue Jan 05 10:57:07 2021
Quartus Prime Version 20.1.1 Build 720 11/11/2020 SJ Lite Edition


---------------------
; Table of Contents ;
---------------------
  1. Legal Notice
  2. Flow Summary
  3. Flow Settings
  4. Flow Non-Default Global Settings
  5. Flow Elapsed Time
  6. Flow OS Summary
  7. Flow Log
  8. Flow Messages
  9. Flow Suppressed Messages



----------------
; Legal Notice ;
----------------
Copyright (C) 2020  Intel Corporation. All rights reserved.
Your use of Intel Corporation's design tools, logic functions 
and other software and tools, and any partner logic 
functions, and any output files from any of the foregoing 
(including device programming or simulation files), and any 
associated documentation or information are expressly subject 
to the terms and conditions of the Intel Program License 
Subscription Agreement, the Intel Quartus Prime License Agreement,
the Intel FPGA IP License Agreement, or other applicable license
agreement, including, without limitation, that your use is for
the sole purpose of programming logic devices manufactured by
Intel and sold by Intel or its authorized distributors.  Please
refer to the applicable agreement for further details, at
https://fpgasoftware.intel.com/eula.



+----------------------------------------------------------------------------------+
; Flow Summary                                                                     ;
+------------------------------------+---------------------------------------------+
; Flow Status                        ; Successful - Tue Jan 05 10:56:57 2021       ;
; Quartus Prime Version              ; 20.1.1 Build 720 11/11/2020 SJ Lite Edition ;
; Revision Name                      ; controlunit_butterfly                       ;
; Top-level Entity Name              ; controlunit_butterfly                       ;
; Family                             ; Cyclone 10 LP                               ;
; Total logic elements               ; 40 / 6,272 ( < 1 % )                        ;
;     Total combinational functions  ; 40 / 6,272 ( < 1 % )                        ;
;     Dedicated logic registers      ; 10 / 6,272 ( < 1 % )                        ;
; Total registers                    ; 10                                          ;
; Total pins                         ; 22 / 89 ( 25 % )                            ;
; Total virtual pins                 ; 0                                           ;
; Total memory bits                  ; 0 / 276,480 ( 0 % )                         ;
; Embedded Multiplier 9-bit elements ; 0 / 30 ( 0 % )                              ;
; Total PLLs                         ; 0 / 2 ( 0 % )                               ;
; Device                             ; 10CL006YE144C6G                             ;
; Timing Models                      ; Final                                       ;
+------------------------------------+---------------------------------------------+


+-------------------------------------------+
; Flow Settings                             ;
+-------------------+-----------------------+
; Option            ; Setting               ;
+-------------------+-----------------------+
; Start date & time ; 01/05/2021 10:56:30   ;
; Main task         ; Compilation           ;
; Revision Name     ; controlunit_butterfly ;
+-------------------+-----------------------+


+-------------------------------------------------------------------------------------------------------------------------+
; Flow Non-Default Global Settings                                                                                        ;
+-------------------------------------+----------------------------------------+---------------+-------------+------------+
; Assignment Name                     ; Value                                  ; Default Value ; Entity Name ; Section Id ;
+-------------------------------------+----------------------------------------+---------------+-------------+------------+
; COMPILER_SIGNATURE_ID               ; 150461128790758.160984058914316        ; --            ; --          ; --         ;
; PARTITION_COLOR                     ; -- (Not supported for targeted family) ; --            ; --          ; Top        ;
; PARTITION_FITTER_PRESERVATION_LEVEL ; -- (Not supported for targeted family) ; --            ; --          ; Top        ;
; PARTITION_NETLIST_TYPE              ; -- (Not supported for targeted family) ; --            ; --          ; Top        ;
; PROJECT_OUTPUT_DIRECTORY            ; output_files                           ; --            ; --          ; --         ;
+-------------------------------------+----------------------------------------+---------------+-------------+------------+


+--------------------------------------------------------------------------------------------------------------------------+
; Flow Elapsed Time                                                                                                        ;
+----------------------+--------------+-------------------------+---------------------+------------------------------------+
; Module Name          ; Elapsed Time ; Average Processors Used ; Peak Virtual Memory ; Total CPU Time (on all processors) ;
+----------------------+--------------+-------------------------+---------------------+------------------------------------+
; Analysis & Synthesis ; 00:00:14     ; 1.0                     ; 4782 MB             ; 00:00:28                           ;
; Fitter               ; 00:00:08     ; 1.0                     ; 5231 MB             ; 00:00:07                           ;
; Assembler            ; 00:00:02     ; 1.0                     ; 4678 MB             ; 00:00:01                           ;
; Timing Analyzer      ; 00:00:08     ; 1.0                     ; 4745 MB             ; 00:00:03                           ;
; Total                ; 00:00:32     ; --                      ; --                  ; 00:00:39                           ;
+----------------------+--------------+-------------------------+---------------------+------------------------------------+


+------------------------------------------------------------------------------------+
; Flow OS Summary                                                                    ;
+----------------------+------------------+------------+------------+----------------+
; Module Name          ; Machine Hostname ; OS Name    ; OS Version ; Processor type ;
+----------------------+------------------+------------+------------+----------------+
; Analysis & Synthesis ; LAPTOP-ALD2IQR5  ; Windows 10 ; 10.0       ; x86_64         ;
; Fitter               ; LAPTOP-ALD2IQR5  ; Windows 10 ; 10.0       ; x86_64         ;
; Assembler            ; LAPTOP-ALD2IQR5  ; Windows 10 ; 10.0       ; x86_64         ;
; Timing Analyzer      ; LAPTOP-ALD2IQR5  ; Windows 10 ; 10.0       ; x86_64         ;
+----------------------+------------------+------------+------------+----------------+


------------
; Flow Log ;
------------
quartus_map --read_settings_files=on --write_settings_files=off controlunit_butterfly -c controlunit_butterfly
quartus_fit --read_settings_files=off --write_settings_files=off controlunit_butterfly -c controlunit_butterfly
quartus_asm --read_settings_files=off --write_settings_files=off controlunit_butterfly -c controlunit_butterfly
quartus_sta controlunit_butterfly -c controlunit_butterfly



