Analysis & Synthesis report for controlunit_butterfly
Mon Jan 04 13:59:13 2021
Quartus Prime Version 20.1.1 Build 720 11/11/2020 SJ Lite Edition


---------------------
; Table of Contents ;
---------------------
  1. Legal Notice
  2. Analysis & Synthesis Summary
  3. Analysis & Synthesis Settings
  4. Parallel Compilation
  5. Analysis & Synthesis Source Files Read
  6. Analysis & Synthesis Resource Usage Summary
  7. Analysis & Synthesis Resource Utilization by Entity
  8. Logic Cells Representing Combinational Loops
  9. General Register Statistics
 10. Multiplexer Restructuring Statistics (Restructuring Performed)
 11. Parameter Settings for User Entity Instance: microROM:rom
 12. Post-Synthesis Netlist Statistics for Top Partition
 13. Elapsed Time Per Partition
 14. Analysis & Synthesis Messages



----------------
; Legal Notice ;
----------------
Copyright (C) 2020  Intel Corporation. All rights reserved.
Your use of Intel Corporation's design tools, logic functions 
and other software and tools, and any partner logic 
functions, and any output files from any of the foregoing 
(including device programming or simulation files), and any 
associated documentation or information are expressly subject 
to the terms and conditions of the Intel Program License 
Subscription Agreement, the Intel Quartus Prime License Agreement,
the Intel FPGA IP License Agreement, or other applicable license
agreement, including, without limitation, that your use is for
the sole purpose of programming logic devices manufactured by
Intel and sold by Intel or its authorized distributors.  Please
refer to the applicable agreement for further details, at
https://fpgasoftware.intel.com/eula.



+----------------------------------------------------------------------------------+
; Analysis & Synthesis Summary                                                     ;
+------------------------------------+---------------------------------------------+
; Analysis & Synthesis Status        ; Successful - Mon Jan 04 13:59:13 2021       ;
; Quartus Prime Version              ; 20.1.1 Build 720 11/11/2020 SJ Lite Edition ;
; Revision Name                      ; controlunit_butterfly                       ;
; Top-level Entity Name              ; controlunit_butterfly                       ;
; Family                             ; Cyclone 10 LP                               ;
; Total logic elements               ; 22                                          ;
;     Total combinational functions  ; 22                                          ;
;     Dedicated logic registers      ; 0                                           ;
; Total registers                    ; 0                                           ;
; Total pins                         ; 22                                          ;
; Total virtual pins                 ; 0                                           ;
; Total memory bits                  ; 0                                           ;
; Embedded Multiplier 9-bit elements ; 0                                           ;
; Total PLLs                         ; 0                                           ;
+------------------------------------+---------------------------------------------+


+------------------------------------------------------------------------------------------------------------------+
; Analysis & Synthesis Settings                                                                                    ;
+------------------------------------------------------------------+-----------------------+-----------------------+
; Option                                                           ; Setting               ; Default Value         ;
+------------------------------------------------------------------+-----------------------+-----------------------+
; Top-level entity name                                            ; controlunit_butterfly ; controlunit_butterfly ;
; Family name                                                      ; Cyclone 10 LP         ; Cyclone V             ;
; Use smart compilation                                            ; Off                   ; Off                   ;
; Enable parallel Assembler and Timing Analyzer during compilation ; On                    ; On                    ;
; Enable compact report table                                      ; Off                   ; Off                   ;
; Restructure Multiplexers                                         ; Auto                  ; Auto                  ;
; Create Debugging Nodes for IP Cores                              ; Off                   ; Off                   ;
; Preserve fewer node names                                        ; On                    ; On                    ;
; Intel FPGA IP Evaluation Mode                                    ; Enable                ; Enable                ;
; Verilog Version                                                  ; Verilog_2001          ; Verilog_2001          ;
; VHDL Version                                                     ; VHDL_1993             ; VHDL_1993             ;
; State Machine Processing                                         ; Auto                  ; Auto                  ;
; Safe State Machine                                               ; Off                   ; Off                   ;
; Extract Verilog State Machines                                   ; On                    ; On                    ;
; Extract VHDL State Machines                                      ; On                    ; On                    ;
; Ignore Verilog initial constructs                                ; Off                   ; Off                   ;
; Iteration limit for constant Verilog loops                       ; 5000                  ; 5000                  ;
; Iteration limit for non-constant Verilog loops                   ; 250                   ; 250                   ;
; Add Pass-Through Logic to Inferred RAMs                          ; On                    ; On                    ;
; Infer RAMs from Raw Logic                                        ; On                    ; On                    ;
; Parallel Synthesis                                               ; On                    ; On                    ;
; DSP Block Balancing                                              ; Auto                  ; Auto                  ;
; NOT Gate Push-Back                                               ; On                    ; On                    ;
; Power-Up Don't Care                                              ; On                    ; On                    ;
; Remove Redundant Logic Cells                                     ; Off                   ; Off                   ;
; Remove Duplicate Registers                                       ; On                    ; On                    ;
; Ignore CARRY Buffers                                             ; Off                   ; Off                   ;
; Ignore CASCADE Buffers                                           ; Off                   ; Off                   ;
; Ignore GLOBAL Buffers                                            ; Off                   ; Off                   ;
; Ignore ROW GLOBAL Buffers                                        ; Off                   ; Off                   ;
; Ignore LCELL Buffers                                             ; Off                   ; Off                   ;
; Ignore SOFT Buffers                                              ; On                    ; On                    ;
; Limit AHDL Integers to 32 Bits                                   ; Off                   ; Off                   ;
; Optimization Technique                                           ; Balanced              ; Balanced              ;
; Carry Chain Length                                               ; 70                    ; 70                    ;
; Auto Carry Chains                                                ; On                    ; On                    ;
; Auto Open-Drain Pins                                             ; On                    ; On                    ;
; Perform WYSIWYG Primitive Resynthesis                            ; Off                   ; Off                   ;
; Auto ROM Replacement                                             ; On                    ; On                    ;
; Auto RAM Replacement                                             ; On                    ; On                    ;
; Auto DSP Block Replacement                                       ; On                    ; On                    ;
; Auto Shift Register Replacement                                  ; Auto                  ; Auto                  ;
; Allow Shift Register Merging across Hierarchies                  ; Auto                  ; Auto                  ;
; Auto Clock Enable Replacement                                    ; On                    ; On                    ;
; Strict RAM Replacement                                           ; Off                   ; Off                   ;
; Allow Synchronous Control Signals                                ; On                    ; On                    ;
; Force Use of Synchronous Clear Signals                           ; Off                   ; Off                   ;
; Auto RAM Block Balancing                                         ; On                    ; On                    ;
; Auto RAM to Logic Cell Conversion                                ; Off                   ; Off                   ;
; Auto Resource Sharing                                            ; Off                   ; Off                   ;
; Allow Any RAM Size For Recognition                               ; Off                   ; Off                   ;
; Allow Any ROM Size For Recognition                               ; Off                   ; Off                   ;
; Allow Any Shift Register Size For Recognition                    ; Off                   ; Off                   ;
; Use LogicLock Constraints during Resource Balancing              ; On                    ; On                    ;
; Ignore translate_off and synthesis_off directives                ; Off                   ; Off                   ;
; Timing-Driven Synthesis                                          ; On                    ; On                    ;
; Report Parameter Settings                                        ; On                    ; On                    ;
; Report Source Assignments                                        ; On                    ; On                    ;
; Report Connectivity Checks                                       ; On                    ; On                    ;
; Ignore Maximum Fan-Out Assignments                               ; Off                   ; Off                   ;
; Synchronization Register Chain Length                            ; 2                     ; 2                     ;
; Power Optimization During Synthesis                              ; Normal compilation    ; Normal compilation    ;
; HDL message level                                                ; Level2                ; Level2                ;
; Suppress Register Optimization Related Messages                  ; Off                   ; Off                   ;
; Number of Removed Registers Reported in Synthesis Report         ; 5000                  ; 5000                  ;
; Number of Swept Nodes Reported in Synthesis Report               ; 5000                  ; 5000                  ;
; Number of Inverted Registers Reported in Synthesis Report        ; 100                   ; 100                   ;
; Clock MUX Protection                                             ; On                    ; On                    ;
; Auto Gated Clock Conversion                                      ; Off                   ; Off                   ;
; Block Design Naming                                              ; Auto                  ; Auto                  ;
; SDC constraint protection                                        ; Off                   ; Off                   ;
; Synthesis Effort                                                 ; Auto                  ; Auto                  ;
; Shift Register Replacement - Allow Asynchronous Clear Signal     ; On                    ; On                    ;
; Pre-Mapping Resynthesis Optimization                             ; Off                   ; Off                   ;
; Analysis & Synthesis Message Level                               ; Medium                ; Medium                ;
; Disable Register Merging Across Hierarchies                      ; Auto                  ; Auto                  ;
; Resource Aware Inference For Block RAM                           ; On                    ; On                    ;
+------------------------------------------------------------------+-----------------------+-----------------------+


+------------------------------------------+
; Parallel Compilation                     ;
+----------------------------+-------------+
; Processors                 ; Number      ;
+----------------------------+-------------+
; Number detected on machine ; 4           ;
; Maximum allowed            ; 2           ;
;                            ;             ;
; Average used               ; 1.00        ;
; Maximum used               ; 2           ;
;                            ;             ;
; Usage by Processor         ; % Time Used ;
;     Processor 1            ; 100.0%      ;
;     Processor 2            ;   0.2%      ;
+----------------------------+-------------+


+-----------------------------------------------------------------------------------------------------------------------------------------------------------------------------------------------------------------------+
; Analysis & Synthesis Source Files Read                                                                                                                                                                                ;
+----------------------------------+-----------------+-----------------+--------------------------------------------------------------------------------------------------------------------------------------+---------+
; File Name with User-Entered Path ; Used in Netlist ; File Type       ; File Name with Absolute Path                                                                                                         ; Library ;
+----------------------------------+-----------------+-----------------+--------------------------------------------------------------------------------------------------------------------------------------+---------+
; microROM.vhd                     ; yes             ; User VHDL File  ; C:/Users/User/Dropbox/Il mio PC (LAPTOP-ALD2IQR5)/Documents/github/SDI_20_21/butterfly/vhd/quartus control/microROM.vhd              ;         ;
; mux2_to_1.vhd                    ; yes             ; User VHDL File  ; C:/Users/User/Dropbox/Il mio PC (LAPTOP-ALD2IQR5)/Documents/github/SDI_20_21/butterfly/vhd/quartus control/mux2_to_1.vhd             ;         ;
; pla_status.vhd                   ; yes             ; User VHDL File  ; C:/Users/User/Dropbox/Il mio PC (LAPTOP-ALD2IQR5)/Documents/github/SDI_20_21/butterfly/vhd/quartus control/pla_status.vhd            ;         ;
; mux2_to_1_rom.vhd                ; yes             ; User VHDL File  ; C:/Users/User/Dropbox/Il mio PC (LAPTOP-ALD2IQR5)/Documents/github/SDI_20_21/butterfly/vhd/quartus control/mux2_to_1_rom.vhd         ;         ;
; controlunit_butterfly.vhd        ; yes             ; User VHDL File  ; C:/Users/User/Dropbox/Il mio PC (LAPTOP-ALD2IQR5)/Documents/github/SDI_20_21/butterfly/vhd/quartus control/controlunit_butterfly.vhd ;         ;
+----------------------------------+-----------------+-----------------+--------------------------------------------------------------------------------------------------------------------------------------+---------+


+--------------------------------------------------------------------+
; Analysis & Synthesis Resource Usage Summary                        ;
+---------------------------------------------+----------------------+
; Resource                                    ; Usage                ;
+---------------------------------------------+----------------------+
; Estimated Total logic elements              ; 22                   ;
;                                             ;                      ;
; Total combinational functions               ; 22                   ;
; Logic element usage by number of LUT inputs ;                      ;
;     -- 4 input functions                    ; 19                   ;
;     -- 3 input functions                    ; 3                    ;
;     -- <=2 input functions                  ; 0                    ;
;                                             ;                      ;
; Logic elements by mode                      ;                      ;
;     -- normal mode                          ; 22                   ;
;     -- arithmetic mode                      ; 0                    ;
;                                             ;                      ;
; Total registers                             ; 0                    ;
;     -- Dedicated logic registers            ; 0                    ;
;     -- I/O registers                        ; 0                    ;
;                                             ;                      ;
; I/O pins                                    ; 22                   ;
;                                             ;                      ;
; Embedded Multiplier 9-bit elements          ; 0                    ;
;                                             ;                      ;
; Maximum fan-out node                        ; microROM:rom|Mux22~0 ;
; Maximum fan-out                             ; 22                   ;
; Total fan-out                               ; 126                  ;
; Average fan-out                             ; 1.91                 ;
+---------------------------------------------+----------------------+


+---------------------------------------------------------------------------------------------------------------------------------------------------------------------------------------------------------------------------------------------+
; Analysis & Synthesis Resource Utilization by Entity                                                                                                                                                                                         ;
+----------------------------+---------------------+---------------------------+-------------+--------------+---------+-----------+------+--------------+----------------------------------------------+-----------------------+--------------+
; Compilation Hierarchy Node ; Combinational ALUTs ; Dedicated Logic Registers ; Memory Bits ; DSP Elements ; DSP 9x9 ; DSP 18x18 ; Pins ; Virtual Pins ; Full Hierarchy Name                          ; Entity Name           ; Library Name ;
+----------------------------+---------------------+---------------------------+-------------+--------------+---------+-----------+------+--------------+----------------------------------------------+-----------------------+--------------+
; |controlunit_butterfly     ; 22 (0)              ; 0 (0)                     ; 0           ; 0            ; 0       ; 0         ; 22   ; 0            ; |controlunit_butterfly                       ; controlunit_butterfly ; work         ;
;    |microROM:rom|          ; 16 (16)             ; 0 (0)                     ; 0           ; 0            ; 0       ; 0         ; 0    ; 0            ; |controlunit_butterfly|microROM:rom          ; microROM              ; work         ;
;    |mux_2_to_1_rom:muxROM| ; 6 (6)               ; 0 (0)                     ; 0           ; 0            ; 0       ; 0         ; 0    ; 0            ; |controlunit_butterfly|mux_2_to_1_rom:muxROM ; mux_2_to_1_rom        ; work         ;
+----------------------------+---------------------+---------------------------+-------------+--------------+---------+-----------+------+--------------+----------------------------------------------+-----------------------+--------------+
Note: For table entries with two numbers listed, the numbers in parentheses indicate the number of resources of the given type used by the specific entity alone. The numbers listed outside of parentheses indicate the total resources of the given type used by the specific entity and all of its sub-entities in the hierarchy.


+------------------------------------------------------------+
; Logic Cells Representing Combinational Loops               ;
+--------------------------------------------------------+---+
; Logic Cell Name                                        ;   ;
+--------------------------------------------------------+---+
; mux_2_to_1_rom:muxROM|m1[4]~0                          ;   ;
; mux_2_to_1_rom:muxROM|m1~4                             ;   ;
; mux_2_to_1_rom:muxROM|m1[1]~3                          ;   ;
; mux_2_to_1_rom:muxROM|m1[2]~2                          ;   ;
; mux_2_to_1_rom:muxROM|m1[3]~1                          ;   ;
; mux_2_to_1:mux|m1~0                                    ;   ;
; Number of logic cells representing combinational loops ; 6 ;
+--------------------------------------------------------+---+
Note: All cells listed above may not be present at the end of synthesis due to various synthesis optimizations.


+------------------------------------------------------+
; General Register Statistics                          ;
+----------------------------------------------+-------+
; Statistic                                    ; Value ;
+----------------------------------------------+-------+
; Total registers                              ; 0     ;
; Number of registers using Synchronous Clear  ; 0     ;
; Number of registers using Synchronous Load   ; 0     ;
; Number of registers using Asynchronous Clear ; 0     ;
; Number of registers using Asynchronous Load  ; 0     ;
; Number of registers using Clock Enable       ; 0     ;
; Number of registers using Preset             ; 0     ;
+----------------------------------------------+-------+


+------------------------------------------------------------------------------------------------------------------------------------------------------------------+
; Multiplexer Restructuring Statistics (Restructuring Performed)                                                                                                   ;
+--------------------+-----------+---------------+----------------------+------------------------+------------+----------------------------------------------------+
; Multiplexer Inputs ; Bus Width ; Baseline Area ; Area if Restructured ; Saving if Restructured ; Registered ; Example Multiplexer Output                         ;
+--------------------+-----------+---------------+----------------------+------------------------+------------+----------------------------------------------------+
; 30:1               ; 5 bits    ; 100 LEs       ; 50 LEs               ; 50 LEs                 ; No         ; |controlunit_butterfly|mux_2_to_1_rom:muxROM|m1[7] ;
+--------------------+-----------+---------------+----------------------+------------------------+------------+----------------------------------------------------+


+-----------------------------------------------------------+
; Parameter Settings for User Entity Instance: microROM:rom ;
+----------------+-------+----------------------------------+
; Parameter Name ; Value ; Type                             ;
+----------------+-------+----------------------------------+
; n              ; 26    ; Signed Integer                   ;
+----------------+-------+----------------------------------+
Note: In order to hide this table in the UI and the text report file, please set the "Show Parameter Settings in Synthesis Report" option in "Analysis and Synthesis Settings -> More Settings" to "Off".


+-----------------------------------------------------+
; Post-Synthesis Netlist Statistics for Top Partition ;
+-----------------------+-----------------------------+
; Type                  ; Count                       ;
+-----------------------+-----------------------------+
; boundary_port         ; 22                          ;
; cycloneiii_lcell_comb ; 23                          ;
;     normal            ; 23                          ;
;         1 data inputs ; 1                           ;
;         3 data inputs ; 3                           ;
;         4 data inputs ; 19                          ;
;                       ;                             ;
; Max LUT depth         ; 2.00                        ;
; Average LUT depth     ; 1.22                        ;
+-----------------------+-----------------------------+


+-------------------------------+
; Elapsed Time Per Partition    ;
+----------------+--------------+
; Partition Name ; Elapsed Time ;
+----------------+--------------+
; Top            ; 00:00:02     ;
+----------------+--------------+


+-------------------------------+
; Analysis & Synthesis Messages ;
+-------------------------------+
Info: *******************************************************************
Info: Running Quartus Prime Analysis & Synthesis
    Info: Version 20.1.1 Build 720 11/11/2020 SJ Lite Edition
    Info: Processing started: Mon Jan 04 13:58:54 2021
Info: Command: quartus_map --read_settings_files=on --write_settings_files=off controlunit_butterfly -c controlunit_butterfly
Warning (18236): Number of processors has not been specified which may cause overloading on shared machines.  Set the global assignment NUM_PARALLEL_PROCESSORS in your QSF to an appropriate value for best performance.
Info (20030): Parallel compilation is enabled and will use 2 of the 2 processors detected
Warning (12019): Can't analyze file -- file even_memory.vhd is missing
Info (12021): Found 2 design units, including 1 entities, in source file microrom.vhd
    Info (12022): Found design unit 1: microROM-behav File: C:/Users/User/Dropbox/Il mio PC (LAPTOP-ALD2IQR5)/Documents/github/SDI_20_21/butterfly/vhd/quartus control/microROM.vhd Line: 14
    Info (12023): Found entity 1: microROM File: C:/Users/User/Dropbox/Il mio PC (LAPTOP-ALD2IQR5)/Documents/github/SDI_20_21/butterfly/vhd/quartus control/microROM.vhd Line: 6
Info (12021): Found 2 design units, including 1 entities, in source file mux2_to_1.vhd
    Info (12022): Found design unit 1: mux_2_to_1-behav File: C:/Users/User/Dropbox/Il mio PC (LAPTOP-ALD2IQR5)/Documents/github/SDI_20_21/butterfly/vhd/quartus control/mux2_to_1.vhd Line: 11
    Info (12023): Found entity 1: mux_2_to_1 File: C:/Users/User/Dropbox/Il mio PC (LAPTOP-ALD2IQR5)/Documents/github/SDI_20_21/butterfly/vhd/quartus control/mux2_to_1.vhd Line: 4
Info (12021): Found 2 design units, including 1 entities, in source file pla_status.vhd
    Info (12022): Found design unit 1: PLA_status-behav File: C:/Users/User/Dropbox/Il mio PC (LAPTOP-ALD2IQR5)/Documents/github/SDI_20_21/butterfly/vhd/quartus control/pla_status.vhd Line: 11
    Info (12023): Found entity 1: PLA_status File: C:/Users/User/Dropbox/Il mio PC (LAPTOP-ALD2IQR5)/Documents/github/SDI_20_21/butterfly/vhd/quartus control/pla_status.vhd Line: 4
Info (12021): Found 2 design units, including 1 entities, in source file mux2_to_1_rom.vhd
    Info (12022): Found design unit 1: mux_2_to_1_rom-behav File: C:/Users/User/Dropbox/Il mio PC (LAPTOP-ALD2IQR5)/Documents/github/SDI_20_21/butterfly/vhd/quartus control/mux2_to_1_rom.vhd Line: 11
    Info (12023): Found entity 1: mux_2_to_1_rom File: C:/Users/User/Dropbox/Il mio PC (LAPTOP-ALD2IQR5)/Documents/github/SDI_20_21/butterfly/vhd/quartus control/mux2_to_1_rom.vhd Line: 4
Info (12021): Found 2 design units, including 1 entities, in source file controlunit_butterfly.vhd
    Info (12022): Found design unit 1: controlunit_butterfly-behav File: C:/Users/User/Dropbox/Il mio PC (LAPTOP-ALD2IQR5)/Documents/github/SDI_20_21/butterfly/vhd/quartus control/controlunit_butterfly.vhd Line: 11
    Info (12023): Found entity 1: controlunit_butterfly File: C:/Users/User/Dropbox/Il mio PC (LAPTOP-ALD2IQR5)/Documents/github/SDI_20_21/butterfly/vhd/quartus control/controlunit_butterfly.vhd Line: 4
Info (12021): Found 2 design units, including 1 entities, in source file controlunit_butterfly_tb.vhd
    Info (12022): Found design unit 1: controlunit_butterfly_tb-arch File: C:/Users/User/Dropbox/Il mio PC (LAPTOP-ALD2IQR5)/Documents/github/SDI_20_21/butterfly/vhd/quartus control/controlunit_butterfly_tb.vhd Line: 12
    Info (12023): Found entity 1: controlunit_butterfly_tb File: C:/Users/User/Dropbox/Il mio PC (LAPTOP-ALD2IQR5)/Documents/github/SDI_20_21/butterfly/vhd/quartus control/controlunit_butterfly_tb.vhd Line: 6
Info (12127): Elaborating entity "controlunit_butterfly" for the top level hierarchy
Info (12128): Elaborating entity "microROM" for hierarchy "microROM:rom" File: C:/Users/User/Dropbox/Il mio PC (LAPTOP-ALD2IQR5)/Documents/github/SDI_20_21/butterfly/vhd/quartus control/controlunit_butterfly.vhd Line: 51
Info (12128): Elaborating entity "mux_2_to_1_rom" for hierarchy "mux_2_to_1_rom:muxROM" File: C:/Users/User/Dropbox/Il mio PC (LAPTOP-ALD2IQR5)/Documents/github/SDI_20_21/butterfly/vhd/quartus control/controlunit_butterfly.vhd Line: 54
Info (12128): Elaborating entity "PLA_status" for hierarchy "PLA_status:late_status" File: C:/Users/User/Dropbox/Il mio PC (LAPTOP-ALD2IQR5)/Documents/github/SDI_20_21/butterfly/vhd/quartus control/controlunit_butterfly.vhd Line: 57
Info (12128): Elaborating entity "mux_2_to_1" for hierarchy "PLA_status:late_status|mux_2_to_1:mux" File: C:/Users/User/Dropbox/Il mio PC (LAPTOP-ALD2IQR5)/Documents/github/SDI_20_21/butterfly/vhd/quartus control/pla_status.vhd Line: 40
Info (286030): Timing-Driven Synthesis is running
Info (16010): Generating hard_block partition "hard_block:auto_generated_inst"
    Info (16011): Adding 0 node(s), including 0 DDIO, 0 PLL, 0 transceiver and 0 LCELL
Warning (21074): Design contains 3 input pin(s) that do not drive logic
    Warning (15610): No output dependent on input pin "clock" File: C:/Users/User/Dropbox/Il mio PC (LAPTOP-ALD2IQR5)/Documents/github/SDI_20_21/butterfly/vhd/quartus control/controlunit_butterfly.vhd Line: 7
    Warning (15610): No output dependent on input pin "status[1]" File: C:/Users/User/Dropbox/Il mio PC (LAPTOP-ALD2IQR5)/Documents/github/SDI_20_21/butterfly/vhd/quartus control/controlunit_butterfly.vhd Line: 6
    Warning (15610): No output dependent on input pin "status[0]" File: C:/Users/User/Dropbox/Il mio PC (LAPTOP-ALD2IQR5)/Documents/github/SDI_20_21/butterfly/vhd/quartus control/controlunit_butterfly.vhd Line: 6
Info (21057): Implemented 44 device resources after synthesis - the final resource count might be different
    Info (21058): Implemented 3 input pins
    Info (21059): Implemented 19 output pins
    Info (21061): Implemented 22 logic cells
Info: Quartus Prime Analysis & Synthesis was successful. 0 errors, 6 warnings
    Info: Peak virtual memory: 4775 megabytes
    Info: Processing ended: Mon Jan 04 13:59:13 2021
    Info: Elapsed time: 00:00:19
    Info: Total CPU time (on all processors): 00:00:30


