Analysis & Synthesis report for butterfly_dp
Wed Dec 30 15:22:41 2020
Quartus Prime Version 20.1.0 Build 711 06/05/2020 SJ Lite Edition


---------------------
; Table of Contents ;
---------------------
  1. Legal Notice
  2. Analysis & Synthesis Summary
  3. Analysis & Synthesis Settings
  4. Parallel Compilation
  5. Analysis & Synthesis Source Files Read
  6. Analysis & Synthesis Resource Usage Summary
  7. Analysis & Synthesis Resource Utilization by Entity
  8. Registers Removed During Synthesis
  9. Removed Registers Triggering Further Register Optimizations
 10. General Register Statistics
 11. Multiplexer Restructuring Statistics (Restructuring Performed)
 12. Parameter Settings for User Entity Instance: Top-level Entity: |butterfly_dp
 13. Parameter Settings for User Entity Instance: mpy_sh:mpy_sh_1
 14. Parameter Settings for User Entity Instance: adder:adder_1
 15. Parameter Settings for User Entity Instance: round_block:round_block_1
 16. Parameter Settings for User Entity Instance: reg:reg_Wr
 17. Parameter Settings for User Entity Instance: reg:reg_Wi
 18. Parameter Settings for User Entity Instance: reg:reg_Ar
 19. Parameter Settings for User Entity Instance: reg:reg_Aj
 20. Parameter Settings for User Entity Instance: reg:reg_Br
 21. Parameter Settings for User Entity Instance: reg:reg_Bj
 22. Parameter Settings for User Entity Instance: mux4to1:mux4to1_1
 23. Parameter Settings for User Entity Instance: mux4to1:mux4to1_2
 24. Post-Synthesis Netlist Statistics for Top Partition
 25. Elapsed Time Per Partition
 26. Analysis & Synthesis Messages



----------------
; Legal Notice ;
----------------
Copyright (C) 2020  Intel Corporation. All rights reserved.
Your use of Intel Corporation's design tools, logic functions 
and other software and tools, and any partner logic 
functions, and any output files from any of the foregoing 
(including device programming or simulation files), and any 
associated documentation or information are expressly subject 
to the terms and conditions of the Intel Program License 
Subscription Agreement, the Intel Quartus Prime License Agreement,
the Intel FPGA IP License Agreement, or other applicable license
agreement, including, without limitation, that your use is for
the sole purpose of programming logic devices manufactured by
Intel and sold by Intel or its authorized distributors.  Please
refer to the applicable agreement for further details, at
https://fpgasoftware.intel.com/eula.



+-------------------------------------------------------------------------------+
; Analysis & Synthesis Summary                                                  ;
+---------------------------------+---------------------------------------------+
; Analysis & Synthesis Status     ; Successful - Wed Dec 30 15:22:41 2020       ;
; Quartus Prime Version           ; 20.1.0 Build 711 06/05/2020 SJ Lite Edition ;
; Revision Name                   ; butterfly_dp                                ;
; Top-level Entity Name           ; butterfly_dp                                ;
; Family                          ; Cyclone V                                   ;
; Logic utilization (in ALMs)     ; N/A                                         ;
; Total registers                 ; 0                                           ;
; Total pins                      ; 213                                         ;
; Total virtual pins              ; 0                                           ;
; Total block memory bits         ; 0                                           ;
; Total DSP Blocks                ; 0                                           ;
; Total HSSI RX PCSs              ; 0                                           ;
; Total HSSI PMA RX Deserializers ; 0                                           ;
; Total HSSI TX PCSs              ; 0                                           ;
; Total HSSI PMA TX Serializers   ; 0                                           ;
; Total PLLs                      ; 0                                           ;
; Total DLLs                      ; 0                                           ;
+---------------------------------+---------------------------------------------+


+---------------------------------------------------------------------------------------------------------------------------+
; Analysis & Synthesis Settings                                                                                             ;
+---------------------------------------------------------------------------------+--------------------+--------------------+
; Option                                                                          ; Setting            ; Default Value      ;
+---------------------------------------------------------------------------------+--------------------+--------------------+
; Device                                                                          ; 5CGXFC7C7F23C8     ;                    ;
; Top-level entity name                                                           ; butterfly_dp       ; butterfly_dp       ;
; Family name                                                                     ; Cyclone V          ; Cyclone V          ;
; Use smart compilation                                                           ; Off                ; Off                ;
; Enable parallel Assembler and Timing Analyzer during compilation                ; On                 ; On                 ;
; Enable compact report table                                                     ; Off                ; Off                ;
; Restructure Multiplexers                                                        ; Auto               ; Auto               ;
; MLAB Add Timing Constraints For Mixed-Port Feed-Through Mode Setting Don't Care ; Off                ; Off                ;
; Create Debugging Nodes for IP Cores                                             ; Off                ; Off                ;
; Preserve fewer node names                                                       ; On                 ; On                 ;
; Intel FPGA IP Evaluation Mode                                                   ; Enable             ; Enable             ;
; Verilog Version                                                                 ; Verilog_2001       ; Verilog_2001       ;
; VHDL Version                                                                    ; VHDL_1993          ; VHDL_1993          ;
; State Machine Processing                                                        ; Auto               ; Auto               ;
; Safe State Machine                                                              ; Off                ; Off                ;
; Extract Verilog State Machines                                                  ; On                 ; On                 ;
; Extract VHDL State Machines                                                     ; On                 ; On                 ;
; Ignore Verilog initial constructs                                               ; Off                ; Off                ;
; Iteration limit for constant Verilog loops                                      ; 5000               ; 5000               ;
; Iteration limit for non-constant Verilog loops                                  ; 250                ; 250                ;
; Add Pass-Through Logic to Inferred RAMs                                         ; On                 ; On                 ;
; Infer RAMs from Raw Logic                                                       ; On                 ; On                 ;
; Parallel Synthesis                                                              ; On                 ; On                 ;
; DSP Block Balancing                                                             ; Auto               ; Auto               ;
; NOT Gate Push-Back                                                              ; On                 ; On                 ;
; Power-Up Don't Care                                                             ; On                 ; On                 ;
; Remove Redundant Logic Cells                                                    ; Off                ; Off                ;
; Remove Duplicate Registers                                                      ; On                 ; On                 ;
; Ignore CARRY Buffers                                                            ; Off                ; Off                ;
; Ignore CASCADE Buffers                                                          ; Off                ; Off                ;
; Ignore GLOBAL Buffers                                                           ; Off                ; Off                ;
; Ignore ROW GLOBAL Buffers                                                       ; Off                ; Off                ;
; Ignore LCELL Buffers                                                            ; Off                ; Off                ;
; Ignore SOFT Buffers                                                             ; On                 ; On                 ;
; Limit AHDL Integers to 32 Bits                                                  ; Off                ; Off                ;
; Optimization Technique                                                          ; Balanced           ; Balanced           ;
; Carry Chain Length                                                              ; 70                 ; 70                 ;
; Auto Carry Chains                                                               ; On                 ; On                 ;
; Auto Open-Drain Pins                                                            ; On                 ; On                 ;
; Perform WYSIWYG Primitive Resynthesis                                           ; Off                ; Off                ;
; Auto ROM Replacement                                                            ; On                 ; On                 ;
; Auto RAM Replacement                                                            ; On                 ; On                 ;
; Auto DSP Block Replacement                                                      ; On                 ; On                 ;
; Auto Shift Register Replacement                                                 ; Auto               ; Auto               ;
; Allow Shift Register Merging across Hierarchies                                 ; Auto               ; Auto               ;
; Auto Clock Enable Replacement                                                   ; On                 ; On                 ;
; Strict RAM Replacement                                                          ; Off                ; Off                ;
; Allow Synchronous Control Signals                                               ; On                 ; On                 ;
; Force Use of Synchronous Clear Signals                                          ; Off                ; Off                ;
; Auto Resource Sharing                                                           ; Off                ; Off                ;
; Allow Any RAM Size For Recognition                                              ; Off                ; Off                ;
; Allow Any ROM Size For Recognition                                              ; Off                ; Off                ;
; Allow Any Shift Register Size For Recognition                                   ; Off                ; Off                ;
; Use LogicLock Constraints during Resource Balancing                             ; On                 ; On                 ;
; Ignore translate_off and synthesis_off directives                               ; Off                ; Off                ;
; Timing-Driven Synthesis                                                         ; On                 ; On                 ;
; Report Parameter Settings                                                       ; On                 ; On                 ;
; Report Source Assignments                                                       ; On                 ; On                 ;
; Report Connectivity Checks                                                      ; On                 ; On                 ;
; Ignore Maximum Fan-Out Assignments                                              ; Off                ; Off                ;
; Synchronization Register Chain Length                                           ; 3                  ; 3                  ;
; Power Optimization During Synthesis                                             ; Normal compilation ; Normal compilation ;
; HDL message level                                                               ; Level2             ; Level2             ;
; Suppress Register Optimization Related Messages                                 ; Off                ; Off                ;
; Number of Removed Registers Reported in Synthesis Report                        ; 5000               ; 5000               ;
; Number of Swept Nodes Reported in Synthesis Report                              ; 5000               ; 5000               ;
; Number of Inverted Registers Reported in Synthesis Report                       ; 100                ; 100                ;
; Clock MUX Protection                                                            ; On                 ; On                 ;
; Auto Gated Clock Conversion                                                     ; Off                ; Off                ;
; Block Design Naming                                                             ; Auto               ; Auto               ;
; SDC constraint protection                                                       ; Off                ; Off                ;
; Synthesis Effort                                                                ; Auto               ; Auto               ;
; Shift Register Replacement - Allow Asynchronous Clear Signal                    ; On                 ; On                 ;
; Pre-Mapping Resynthesis Optimization                                            ; Off                ; Off                ;
; Analysis & Synthesis Message Level                                              ; Medium             ; Medium             ;
; Disable Register Merging Across Hierarchies                                     ; Auto               ; Auto               ;
; Resource Aware Inference For Block RAM                                          ; On                 ; On                 ;
; Automatic Parallel Synthesis                                                    ; On                 ; On                 ;
; Partial Reconfiguration Bitstream ID                                            ; Off                ; Off                ;
+---------------------------------------------------------------------------------+--------------------+--------------------+


+------------------------------------------+
; Parallel Compilation                     ;
+----------------------------+-------------+
; Processors                 ; Number      ;
+----------------------------+-------------+
; Number detected on machine ; 8           ;
; Maximum allowed            ; 4           ;
;                            ;             ;
; Average used               ; 1.00        ;
; Maximum used               ; 1           ;
;                            ;             ;
; Usage by Processor         ; % Time Used ;
;     Processor 1            ; 100.0%      ;
+----------------------------+-------------+


+-----------------------------------------------------------------------------------------------------------------------------------------------+
; Analysis & Synthesis Source Files Read                                                                                                        ;
+----------------------------------+-----------------+-----------------+--------------------------------------------------------------+---------+
; File Name with User-Entered Path ; Used in Netlist ; File Type       ; File Name with Absolute Path                                 ; Library ;
+----------------------------------+-----------------+-----------------+--------------------------------------------------------------+---------+
; vhd/mux4to1.vhd                  ; yes             ; User VHDL File  ; /home/wackoz/github/SDI_20_21/butterfly/vhd/mux4to1.vhd      ;         ;
; vhd/reg.vhd                      ; yes             ; User VHDL File  ; /home/wackoz/github/SDI_20_21/butterfly/vhd/reg.vhd          ;         ;
; vhd/round_block.vhd              ; yes             ; User VHDL File  ; /home/wackoz/github/SDI_20_21/butterfly/vhd/round_block.vhd  ;         ;
; vhd/mpy_sh.vhd                   ; yes             ; User VHDL File  ; /home/wackoz/github/SDI_20_21/butterfly/vhd/mpy_sh.vhd       ;         ;
; vhd/butterfly_dp.vhd             ; yes             ; User VHDL File  ; /home/wackoz/github/SDI_20_21/butterfly/vhd/butterfly_dp.vhd ;         ;
; vhd/adder.vhd                    ; yes             ; User VHDL File  ; /home/wackoz/github/SDI_20_21/butterfly/vhd/adder.vhd        ;         ;
+----------------------------------+-----------------+-----------------+--------------------------------------------------------------+---------+


+----------------------------------------------------------------+
; Analysis & Synthesis Resource Usage Summary                    ;
+---------------------------------------------+------------------+
; Resource                                    ; Usage            ;
+---------------------------------------------+------------------+
; Estimate of Logic utilization (ALMs needed) ; 0                ;
;                                             ;                  ;
; Combinational ALUT usage for logic          ; 0                ;
;     -- 7 input functions                    ; 0                ;
;     -- 6 input functions                    ; 0                ;
;     -- 5 input functions                    ; 0                ;
;     -- 4 input functions                    ; 0                ;
;     -- <=3 input functions                  ; 0                ;
;                                             ;                  ;
; Dedicated logic registers                   ; 0                ;
;                                             ;                  ;
; I/O pins                                    ; 213              ;
;                                             ;                  ;
; Total DSP Blocks                            ; 0                ;
;                                             ;                  ;
; Maximum fan-out node                        ; Aj_out[0]~output ;
; Maximum fan-out                             ; 1                ;
; Total fan-out                               ; 213              ;
; Average fan-out                             ; 0.50             ;
+---------------------------------------------+------------------+


+-----------------------------------------------------------------------------------------------------------------------------------------------------------------------------------------+
; Analysis & Synthesis Resource Utilization by Entity                                                                                                                                     ;
+----------------------------+---------------------+---------------------------+-------------------+------------+------+--------------+---------------------+--------------+--------------+
; Compilation Hierarchy Node ; Combinational ALUTs ; Dedicated Logic Registers ; Block Memory Bits ; DSP Blocks ; Pins ; Virtual Pins ; Full Hierarchy Name ; Entity Name  ; Library Name ;
+----------------------------+---------------------+---------------------------+-------------------+------------+------+--------------+---------------------+--------------+--------------+
; |butterfly_dp              ; 0 (0)               ; 0 (0)                     ; 0                 ; 0          ; 213  ; 0            ; |butterfly_dp       ; butterfly_dp ; work         ;
+----------------------------+---------------------+---------------------------+-------------------+------------+------+--------------+---------------------+--------------+--------------+
Note: For table entries with two numbers listed, the numbers in parentheses indicate the number of resources of the given type used by the specific entity alone. The numbers listed outside of parentheses indicate the total resources of the given type used by the specific entity and all of its sub-entities in the hierarchy.


+---------------------------------------------------------------------------------------+
; Registers Removed During Synthesis                                                    ;
+-----------------------------------------+---------------------------------------------+
; Register name                           ; Reason for Removal                          ;
+-----------------------------------------+---------------------------------------------+
; reg:reg_Aj|Q[0..19]                     ; Stuck at GND due to stuck port clock        ;
; reg:reg_Ar|Q[0..19]                     ; Stuck at GND due to stuck port clock        ;
; reg:reg_Bj|Q[0..19]                     ; Stuck at GND due to stuck port clock        ;
; reg:reg_Br|Q[0]                         ; Stuck at GND due to stuck port clock        ;
; round_block:round_block_1|Y[0]          ; Lost fanout                                 ;
; reg:reg_Br|Q[1]                         ; Stuck at GND due to stuck port clock        ;
; round_block:round_block_1|Y[1]          ; Lost fanout                                 ;
; reg:reg_Br|Q[2]                         ; Stuck at GND due to stuck port clock        ;
; round_block:round_block_1|Y[2]          ; Lost fanout                                 ;
; reg:reg_Br|Q[3]                         ; Stuck at GND due to stuck port clock        ;
; round_block:round_block_1|Y[3]          ; Lost fanout                                 ;
; reg:reg_Br|Q[4]                         ; Stuck at GND due to stuck port clock        ;
; round_block:round_block_1|Y[4]          ; Lost fanout                                 ;
; reg:reg_Br|Q[5]                         ; Stuck at GND due to stuck port clock        ;
; round_block:round_block_1|Y[5]          ; Lost fanout                                 ;
; reg:reg_Br|Q[6]                         ; Stuck at GND due to stuck port clock        ;
; round_block:round_block_1|Y[6]          ; Lost fanout                                 ;
; reg:reg_Br|Q[7]                         ; Stuck at GND due to stuck port clock        ;
; round_block:round_block_1|Y[7]          ; Lost fanout                                 ;
; reg:reg_Br|Q[8]                         ; Stuck at GND due to stuck port clock        ;
; round_block:round_block_1|Y[8]          ; Lost fanout                                 ;
; reg:reg_Br|Q[9]                         ; Stuck at GND due to stuck port clock        ;
; round_block:round_block_1|Y[9]          ; Lost fanout                                 ;
; reg:reg_Br|Q[10]                        ; Stuck at GND due to stuck port clock        ;
; round_block:round_block_1|Y[10]         ; Lost fanout                                 ;
; reg:reg_Br|Q[11]                        ; Stuck at GND due to stuck port clock        ;
; round_block:round_block_1|Y[11]         ; Lost fanout                                 ;
; reg:reg_Br|Q[12]                        ; Stuck at GND due to stuck port clock        ;
; round_block:round_block_1|Y[12]         ; Lost fanout                                 ;
; reg:reg_Br|Q[13]                        ; Stuck at GND due to stuck port clock        ;
; round_block:round_block_1|Y[13]         ; Lost fanout                                 ;
; reg:reg_Br|Q[14]                        ; Stuck at GND due to stuck port clock        ;
; round_block:round_block_1|Y[14]         ; Lost fanout                                 ;
; reg:reg_Br|Q[15]                        ; Stuck at GND due to stuck port clock        ;
; round_block:round_block_1|Y[15]         ; Lost fanout                                 ;
; reg:reg_Br|Q[16]                        ; Stuck at GND due to stuck port clock        ;
; round_block:round_block_1|Y[16]         ; Lost fanout                                 ;
; reg:reg_Br|Q[17]                        ; Stuck at GND due to stuck port clock        ;
; round_block:round_block_1|Y[17]         ; Lost fanout                                 ;
; reg:reg_Br|Q[18]                        ; Stuck at GND due to stuck port clock        ;
; round_block:round_block_1|Y[18]         ; Lost fanout                                 ;
; reg:reg_Br|Q[19]                        ; Stuck at GND due to stuck port clock        ;
; round_block:round_block_1|Y[19]         ; Lost fanout                                 ;
; adder:adder_1|Y[43]                     ; Lost fanout                                 ;
; reg:reg_Wr|Q[0]                         ; Stuck at GND due to stuck port clock_enable ;
; reg:reg_Wi|Q[0]                         ; Stuck at GND due to stuck port clock_enable ;
; reg:reg_Wr|Q[1]                         ; Stuck at GND due to stuck port clock_enable ;
; reg:reg_Wi|Q[1]                         ; Stuck at GND due to stuck port clock_enable ;
; reg:reg_Wr|Q[2]                         ; Stuck at GND due to stuck port clock_enable ;
; reg:reg_Wi|Q[2]                         ; Stuck at GND due to stuck port clock_enable ;
; reg:reg_Wr|Q[3]                         ; Stuck at GND due to stuck port clock_enable ;
; reg:reg_Wi|Q[3]                         ; Stuck at GND due to stuck port clock_enable ;
; reg:reg_Wr|Q[4]                         ; Stuck at GND due to stuck port clock_enable ;
; reg:reg_Wi|Q[4]                         ; Stuck at GND due to stuck port clock_enable ;
; reg:reg_Wr|Q[5]                         ; Stuck at GND due to stuck port clock_enable ;
; reg:reg_Wi|Q[5]                         ; Stuck at GND due to stuck port clock_enable ;
; reg:reg_Wr|Q[6]                         ; Stuck at GND due to stuck port clock_enable ;
; reg:reg_Wi|Q[6]                         ; Stuck at GND due to stuck port clock_enable ;
; reg:reg_Wr|Q[7]                         ; Stuck at GND due to stuck port clock_enable ;
; reg:reg_Wi|Q[7]                         ; Stuck at GND due to stuck port clock_enable ;
; reg:reg_Wr|Q[8]                         ; Stuck at GND due to stuck port clock_enable ;
; reg:reg_Wi|Q[8]                         ; Stuck at GND due to stuck port clock_enable ;
; reg:reg_Wr|Q[9]                         ; Stuck at GND due to stuck port clock_enable ;
; reg:reg_Wi|Q[9]                         ; Stuck at GND due to stuck port clock_enable ;
; reg:reg_Wr|Q[10]                        ; Stuck at GND due to stuck port clock_enable ;
; reg:reg_Wi|Q[10]                        ; Stuck at GND due to stuck port clock_enable ;
; reg:reg_Wr|Q[11]                        ; Stuck at GND due to stuck port clock_enable ;
; reg:reg_Wi|Q[11]                        ; Stuck at GND due to stuck port clock_enable ;
; reg:reg_Wr|Q[12]                        ; Stuck at GND due to stuck port clock_enable ;
; reg:reg_Wi|Q[12]                        ; Stuck at GND due to stuck port clock_enable ;
; reg:reg_Wr|Q[13]                        ; Stuck at GND due to stuck port clock_enable ;
; reg:reg_Wi|Q[13]                        ; Stuck at GND due to stuck port clock_enable ;
; reg:reg_Wr|Q[14]                        ; Stuck at GND due to stuck port clock_enable ;
; reg:reg_Wi|Q[14]                        ; Stuck at GND due to stuck port clock_enable ;
; reg:reg_Wr|Q[15]                        ; Stuck at GND due to stuck port clock_enable ;
; reg:reg_Wi|Q[15]                        ; Stuck at GND due to stuck port clock_enable ;
; reg:reg_Wr|Q[16]                        ; Stuck at GND due to stuck port clock_enable ;
; reg:reg_Wi|Q[16]                        ; Stuck at GND due to stuck port clock_enable ;
; reg:reg_Wr|Q[17]                        ; Stuck at GND due to stuck port clock_enable ;
; reg:reg_Wi|Q[17]                        ; Stuck at GND due to stuck port clock_enable ;
; reg:reg_Wr|Q[18]                        ; Stuck at GND due to stuck port clock_enable ;
; reg:reg_Wi|Q[18]                        ; Stuck at GND due to stuck port clock_enable ;
; reg:reg_Wr|Q[19]                        ; Stuck at GND due to stuck port clock_enable ;
; reg:reg_Wi|Q[19]                        ; Stuck at GND due to stuck port clock_enable ;
; adder:adder_1|Y[0..42]                  ; Lost fanout                                 ;
; mpy_sh:mpy_sh_1|Y[0..39]                ; Lost fanout                                 ;
; Total Number of Removed Registers = 224 ;                                             ;
+-----------------------------------------+---------------------------------------------+


+-----------------------------------------------------------------------------------------------------------------------------------------+
; Removed Registers Triggering Further Register Optimizations                                                                             ;
+---------------------+-------------------------+-----------------------------------------------------------------------------------------+
; Register name       ; Reason for Removal      ; Registers Removed due to This Register                                                  ;
+---------------------+-------------------------+-----------------------------------------------------------------------------------------+
; reg:reg_Aj|Q[19]    ; Stuck at GND            ; round_block:round_block_1|Y[19], adder:adder_1|Y[42], adder:adder_1|Y[41],              ;
;                     ; due to stuck port clock ; adder:adder_1|Y[40], adder:adder_1|Y[39], adder:adder_1|Y[38], adder:adder_1|Y[37],     ;
;                     ;                         ; adder:adder_1|Y[36], adder:adder_1|Y[35], adder:adder_1|Y[34], adder:adder_1|Y[33],     ;
;                     ;                         ; adder:adder_1|Y[32], adder:adder_1|Y[31], adder:adder_1|Y[30], adder:adder_1|Y[29],     ;
;                     ;                         ; adder:adder_1|Y[28], adder:adder_1|Y[27], adder:adder_1|Y[26], adder:adder_1|Y[25],     ;
;                     ;                         ; adder:adder_1|Y[24], adder:adder_1|Y[23], adder:adder_1|Y[22], adder:adder_1|Y[21],     ;
;                     ;                         ; adder:adder_1|Y[20], adder:adder_1|Y[19]                                                ;
; adder:adder_1|Y[43] ; Lost Fanouts            ; mpy_sh:mpy_sh_1|Y[0], mpy_sh:mpy_sh_1|Y[1], mpy_sh:mpy_sh_1|Y[2], mpy_sh:mpy_sh_1|Y[3], ;
;                     ;                         ; mpy_sh:mpy_sh_1|Y[4], mpy_sh:mpy_sh_1|Y[5], mpy_sh:mpy_sh_1|Y[6], mpy_sh:mpy_sh_1|Y[7], ;
;                     ;                         ; mpy_sh:mpy_sh_1|Y[8]                                                                    ;
; reg:reg_Aj|Q[10]    ; Stuck at GND            ; round_block:round_block_1|Y[10], adder:adder_1|Y[10]                                    ;
;                     ; due to stuck port clock ;                                                                                         ;
; reg:reg_Aj|Q[18]    ; Stuck at GND            ; round_block:round_block_1|Y[18], adder:adder_1|Y[18]                                    ;
;                     ; due to stuck port clock ;                                                                                         ;
; reg:reg_Aj|Q[17]    ; Stuck at GND            ; round_block:round_block_1|Y[17], adder:adder_1|Y[17]                                    ;
;                     ; due to stuck port clock ;                                                                                         ;
; reg:reg_Aj|Q[16]    ; Stuck at GND            ; round_block:round_block_1|Y[16], adder:adder_1|Y[16]                                    ;
;                     ; due to stuck port clock ;                                                                                         ;
; reg:reg_Aj|Q[15]    ; Stuck at GND            ; round_block:round_block_1|Y[15], adder:adder_1|Y[15]                                    ;
;                     ; due to stuck port clock ;                                                                                         ;
; reg:reg_Aj|Q[14]    ; Stuck at GND            ; round_block:round_block_1|Y[14], adder:adder_1|Y[14]                                    ;
;                     ; due to stuck port clock ;                                                                                         ;
; reg:reg_Aj|Q[13]    ; Stuck at GND            ; round_block:round_block_1|Y[13], adder:adder_1|Y[13]                                    ;
;                     ; due to stuck port clock ;                                                                                         ;
; reg:reg_Aj|Q[12]    ; Stuck at GND            ; round_block:round_block_1|Y[12], adder:adder_1|Y[12]                                    ;
;                     ; due to stuck port clock ;                                                                                         ;
; reg:reg_Aj|Q[11]    ; Stuck at GND            ; round_block:round_block_1|Y[11], adder:adder_1|Y[11]                                    ;
;                     ; due to stuck port clock ;                                                                                         ;
; reg:reg_Aj|Q[0]     ; Stuck at GND            ; round_block:round_block_1|Y[0], adder:adder_1|Y[0]                                      ;
;                     ; due to stuck port clock ;                                                                                         ;
; reg:reg_Aj|Q[9]     ; Stuck at GND            ; round_block:round_block_1|Y[9], adder:adder_1|Y[9]                                      ;
;                     ; due to stuck port clock ;                                                                                         ;
; reg:reg_Aj|Q[8]     ; Stuck at GND            ; round_block:round_block_1|Y[8], adder:adder_1|Y[8]                                      ;
;                     ; due to stuck port clock ;                                                                                         ;
; reg:reg_Aj|Q[7]     ; Stuck at GND            ; round_block:round_block_1|Y[7], adder:adder_1|Y[7]                                      ;
;                     ; due to stuck port clock ;                                                                                         ;
; reg:reg_Aj|Q[6]     ; Stuck at GND            ; round_block:round_block_1|Y[6], adder:adder_1|Y[6]                                      ;
;                     ; due to stuck port clock ;                                                                                         ;
; reg:reg_Aj|Q[5]     ; Stuck at GND            ; round_block:round_block_1|Y[5], adder:adder_1|Y[5]                                      ;
;                     ; due to stuck port clock ;                                                                                         ;
; reg:reg_Aj|Q[4]     ; Stuck at GND            ; round_block:round_block_1|Y[4], adder:adder_1|Y[4]                                      ;
;                     ; due to stuck port clock ;                                                                                         ;
; reg:reg_Aj|Q[3]     ; Stuck at GND            ; round_block:round_block_1|Y[3], adder:adder_1|Y[3]                                      ;
;                     ; due to stuck port clock ;                                                                                         ;
; reg:reg_Aj|Q[2]     ; Stuck at GND            ; round_block:round_block_1|Y[2], adder:adder_1|Y[2]                                      ;
;                     ; due to stuck port clock ;                                                                                         ;
; reg:reg_Aj|Q[1]     ; Stuck at GND            ; round_block:round_block_1|Y[1], adder:adder_1|Y[1]                                      ;
;                     ; due to stuck port clock ;                                                                                         ;
+---------------------+-------------------------+-----------------------------------------------------------------------------------------+


+------------------------------------------------------+
; General Register Statistics                          ;
+----------------------------------------------+-------+
; Statistic                                    ; Value ;
+----------------------------------------------+-------+
; Total registers                              ; 0     ;
; Number of registers using Synchronous Clear  ; 0     ;
; Number of registers using Synchronous Load   ; 0     ;
; Number of registers using Asynchronous Clear ; 0     ;
; Number of registers using Asynchronous Load  ; 0     ;
; Number of registers using Clock Enable       ; 0     ;
; Number of registers using Preset             ; 0     ;
+----------------------------------------------+-------+


+-----------------------------------------------------------------------------------------------------------------------------------------------------+
; Multiplexer Restructuring Statistics (Restructuring Performed)                                                                                      ;
+--------------------+-----------+---------------+----------------------+------------------------+------------+---------------------------------------+
; Multiplexer Inputs ; Bus Width ; Baseline Area ; Area if Restructured ; Saving if Restructured ; Registered ; Example Multiplexer Output            ;
+--------------------+-----------+---------------+----------------------+------------------------+------------+---------------------------------------+
; 4:1                ; 19 bits   ; 38 LEs        ; 38 LEs               ; 0 LEs                  ; No         ; |butterfly_dp|mux4to1:mux4to1_2|Mux38 ;
; 4:1                ; 20 bits   ; 40 LEs        ; 40 LEs               ; 0 LEs                  ; No         ; |butterfly_dp|mux4to1:mux4to1_1|Mux10 ;
+--------------------+-----------+---------------+----------------------+------------------------+------------+---------------------------------------+


+------------------------------------------------------------------------------+
; Parameter Settings for User Entity Instance: Top-level Entity: |butterfly_dp ;
+----------------+-------+-----------------------------------------------------+
; Parameter Name ; Value ; Type                                                ;
+----------------+-------+-----------------------------------------------------+
; N              ; 20    ; Signed Integer                                      ;
+----------------+-------+-----------------------------------------------------+
Note: In order to hide this table in the UI and the text report file, please set the "Show Parameter Settings in Synthesis Report" option in "Analysis and Synthesis Settings -> More Settings" to "Off".


+--------------------------------------------------------------+
; Parameter Settings for User Entity Instance: mpy_sh:mpy_sh_1 ;
+----------------+-------+-------------------------------------+
; Parameter Name ; Value ; Type                                ;
+----------------+-------+-------------------------------------+
; n              ; 20    ; Signed Integer                      ;
+----------------+-------+-------------------------------------+
Note: In order to hide this table in the UI and the text report file, please set the "Show Parameter Settings in Synthesis Report" option in "Analysis and Synthesis Settings -> More Settings" to "Off".


+------------------------------------------------------------+
; Parameter Settings for User Entity Instance: adder:adder_1 ;
+----------------+-------+-----------------------------------+
; Parameter Name ; Value ; Type                              ;
+----------------+-------+-----------------------------------+
; n              ; 43    ; Signed Integer                    ;
+----------------+-------+-----------------------------------+
Note: In order to hide this table in the UI and the text report file, please set the "Show Parameter Settings in Synthesis Report" option in "Analysis and Synthesis Settings -> More Settings" to "Off".


+------------------------------------------------------------------------+
; Parameter Settings for User Entity Instance: round_block:round_block_1 ;
+----------------+-------+-----------------------------------------------+
; Parameter Name ; Value ; Type                                          ;
+----------------+-------+-----------------------------------------------+
; n              ; 20    ; Signed Integer                                ;
; m              ; 44    ; Signed Integer                                ;
+----------------+-------+-----------------------------------------------+
Note: In order to hide this table in the UI and the text report file, please set the "Show Parameter Settings in Synthesis Report" option in "Analysis and Synthesis Settings -> More Settings" to "Off".


+---------------------------------------------------------+
; Parameter Settings for User Entity Instance: reg:reg_Wr ;
+----------------+-------+--------------------------------+
; Parameter Name ; Value ; Type                           ;
+----------------+-------+--------------------------------+
; n              ; 20    ; Signed Integer                 ;
+----------------+-------+--------------------------------+
Note: In order to hide this table in the UI and the text report file, please set the "Show Parameter Settings in Synthesis Report" option in "Analysis and Synthesis Settings -> More Settings" to "Off".


+---------------------------------------------------------+
; Parameter Settings for User Entity Instance: reg:reg_Wi ;
+----------------+-------+--------------------------------+
; Parameter Name ; Value ; Type                           ;
+----------------+-------+--------------------------------+
; n              ; 20    ; Signed Integer                 ;
+----------------+-------+--------------------------------+
Note: In order to hide this table in the UI and the text report file, please set the "Show Parameter Settings in Synthesis Report" option in "Analysis and Synthesis Settings -> More Settings" to "Off".


+---------------------------------------------------------+
; Parameter Settings for User Entity Instance: reg:reg_Ar ;
+----------------+-------+--------------------------------+
; Parameter Name ; Value ; Type                           ;
+----------------+-------+--------------------------------+
; n              ; 20    ; Signed Integer                 ;
+----------------+-------+--------------------------------+
Note: In order to hide this table in the UI and the text report file, please set the "Show Parameter Settings in Synthesis Report" option in "Analysis and Synthesis Settings -> More Settings" to "Off".


+---------------------------------------------------------+
; Parameter Settings for User Entity Instance: reg:reg_Aj ;
+----------------+-------+--------------------------------+
; Parameter Name ; Value ; Type                           ;
+----------------+-------+--------------------------------+
; n              ; 20    ; Signed Integer                 ;
+----------------+-------+--------------------------------+
Note: In order to hide this table in the UI and the text report file, please set the "Show Parameter Settings in Synthesis Report" option in "Analysis and Synthesis Settings -> More Settings" to "Off".


+---------------------------------------------------------+
; Parameter Settings for User Entity Instance: reg:reg_Br ;
+----------------+-------+--------------------------------+
; Parameter Name ; Value ; Type                           ;
+----------------+-------+--------------------------------+
; n              ; 20    ; Signed Integer                 ;
+----------------+-------+--------------------------------+
Note: In order to hide this table in the UI and the text report file, please set the "Show Parameter Settings in Synthesis Report" option in "Analysis and Synthesis Settings -> More Settings" to "Off".


+---------------------------------------------------------+
; Parameter Settings for User Entity Instance: reg:reg_Bj ;
+----------------+-------+--------------------------------+
; Parameter Name ; Value ; Type                           ;
+----------------+-------+--------------------------------+
; n              ; 20    ; Signed Integer                 ;
+----------------+-------+--------------------------------+
Note: In order to hide this table in the UI and the text report file, please set the "Show Parameter Settings in Synthesis Report" option in "Analysis and Synthesis Settings -> More Settings" to "Off".


+----------------------------------------------------------------+
; Parameter Settings for User Entity Instance: mux4to1:mux4to1_1 ;
+----------------+-------+---------------------------------------+
; Parameter Name ; Value ; Type                                  ;
+----------------+-------+---------------------------------------+
; n              ; 20    ; Signed Integer                        ;
+----------------+-------+---------------------------------------+
Note: In order to hide this table in the UI and the text report file, please set the "Show Parameter Settings in Synthesis Report" option in "Analysis and Synthesis Settings -> More Settings" to "Off".


+----------------------------------------------------------------+
; Parameter Settings for User Entity Instance: mux4to1:mux4to1_2 ;
+----------------+-------+---------------------------------------+
; Parameter Name ; Value ; Type                                  ;
+----------------+-------+---------------------------------------+
; n              ; 43    ; Signed Integer                        ;
+----------------+-------+---------------------------------------+
Note: In order to hide this table in the UI and the text report file, please set the "Show Parameter Settings in Synthesis Report" option in "Analysis and Synthesis Settings -> More Settings" to "Off".


+-----------------------------------------------------+
; Post-Synthesis Netlist Statistics for Top Partition ;
+-----------------------+-----------------------------+
; Type                  ; Count                       ;
+-----------------------+-----------------------------+
; arriav_lcell_comb     ; 1                           ;
;     normal            ; 1                           ;
;         0 data inputs ; 1                           ;
; boundary_port         ; 213                         ;
;                       ;                             ;
; Max LUT depth         ; 0.00                        ;
; Average LUT depth     ; 0.00                        ;
+-----------------------+-----------------------------+


+-------------------------------+
; Elapsed Time Per Partition    ;
+----------------+--------------+
; Partition Name ; Elapsed Time ;
+----------------+--------------+
; Top            ; 00:00:00     ;
+----------------+--------------+


+-------------------------------+
; Analysis & Synthesis Messages ;
+-------------------------------+
Info: *******************************************************************
Info: Running Quartus Prime Analysis & Synthesis
    Info: Version 20.1.0 Build 711 06/05/2020 SJ Lite Edition
    Info: Processing started: Wed Dec 30 15:22:34 2020
Info: Command: quartus_map --read_settings_files=on --write_settings_files=off butterfly_dp -c butterfly_dp
Warning (18236): Number of processors has not been specified which may cause overloading on shared machines.  Set the global assignment NUM_PARALLEL_PROCESSORS in your QSF to an appropriate value for best performance.
Info (20030): Parallel compilation is enabled and will use 4 of the 4 processors detected
Info (12021): Found 2 design units, including 1 entities, in source file vhd/mux4to1.vhd
    Info (12022): Found design unit 1: mux4to1-str File: /home/wackoz/github/SDI_20_21/butterfly/vhd/mux4to1.vhd Line: 46
    Info (12023): Found entity 1: mux4to1 File: /home/wackoz/github/SDI_20_21/butterfly/vhd/mux4to1.vhd Line: 27
Info (12021): Found 2 design units, including 1 entities, in source file vhd/reg.vhd
    Info (12022): Found design unit 1: reg-str File: /home/wackoz/github/SDI_20_21/butterfly/vhd/reg.vhd Line: 41
    Info (12023): Found entity 1: reg File: /home/wackoz/github/SDI_20_21/butterfly/vhd/reg.vhd Line: 27
Info (12021): Found 2 design units, including 1 entities, in source file vhd/round_block.vhd
    Info (12022): Found design unit 1: round_block-str File: /home/wackoz/github/SDI_20_21/butterfly/vhd/round_block.vhd Line: 44
    Info (12023): Found entity 1: round_block File: /home/wackoz/github/SDI_20_21/butterfly/vhd/round_block.vhd Line: 28
Info (12021): Found 2 design units, including 1 entities, in source file vhd/mpy_sh.vhd
    Info (12022): Found design unit 1: mpy_sh-str File: /home/wackoz/github/SDI_20_21/butterfly/vhd/mpy_sh.vhd Line: 48
    Info (12023): Found entity 1: mpy_sh File: /home/wackoz/github/SDI_20_21/butterfly/vhd/mpy_sh.vhd Line: 28
Info (12021): Found 2 design units, including 1 entities, in source file vhd/butterfly_dp.vhd
    Info (12022): Found design unit 1: butterfly_dp-str File: /home/wackoz/github/SDI_20_21/butterfly/vhd/butterfly_dp.vhd Line: 63
    Info (12023): Found entity 1: butterfly_dp File: /home/wackoz/github/SDI_20_21/butterfly/vhd/butterfly_dp.vhd Line: 29
Info (12021): Found 2 design units, including 1 entities, in source file vhd/adder.vhd
    Info (12022): Found design unit 1: adder-str File: /home/wackoz/github/SDI_20_21/butterfly/vhd/adder.vhd Line: 44
    Info (12023): Found entity 1: adder File: /home/wackoz/github/SDI_20_21/butterfly/vhd/adder.vhd Line: 27
Info (12127): Elaborating entity "butterfly_dp" for the top level hierarchy
Warning (10541): VHDL Signal Declaration warning at butterfly_dp.vhd(84): used implicit default value for signal "Wr_enable" because signal was never assigned a value or an explicit default value. Use of implicit default value may introduce unintended design optimizations. File: /home/wackoz/github/SDI_20_21/butterfly/vhd/butterfly_dp.vhd Line: 84
Warning (10541): VHDL Signal Declaration warning at butterfly_dp.vhd(85): used implicit default value for signal "Wj_enable" because signal was never assigned a value or an explicit default value. Use of implicit default value may introduce unintended design optimizations. File: /home/wackoz/github/SDI_20_21/butterfly/vhd/butterfly_dp.vhd Line: 85
Warning (10541): VHDL Signal Declaration warning at butterfly_dp.vhd(86): used implicit default value for signal "Br_enable" because signal was never assigned a value or an explicit default value. Use of implicit default value may introduce unintended design optimizations. File: /home/wackoz/github/SDI_20_21/butterfly/vhd/butterfly_dp.vhd Line: 86
Warning (10541): VHDL Signal Declaration warning at butterfly_dp.vhd(87): used implicit default value for signal "Bj_enable" because signal was never assigned a value or an explicit default value. Use of implicit default value may introduce unintended design optimizations. File: /home/wackoz/github/SDI_20_21/butterfly/vhd/butterfly_dp.vhd Line: 87
Warning (10541): VHDL Signal Declaration warning at butterfly_dp.vhd(88): used implicit default value for signal "Ar_enable" because signal was never assigned a value or an explicit default value. Use of implicit default value may introduce unintended design optimizations. File: /home/wackoz/github/SDI_20_21/butterfly/vhd/butterfly_dp.vhd Line: 88
Warning (10541): VHDL Signal Declaration warning at butterfly_dp.vhd(89): used implicit default value for signal "Aj_enable" because signal was never assigned a value or an explicit default value. Use of implicit default value may introduce unintended design optimizations. File: /home/wackoz/github/SDI_20_21/butterfly/vhd/butterfly_dp.vhd Line: 89
Info (12128): Elaborating entity "mpy_sh" for hierarchy "mpy_sh:mpy_sh_1" File: /home/wackoz/github/SDI_20_21/butterfly/vhd/butterfly_dp.vhd Line: 182
Info (12128): Elaborating entity "adder" for hierarchy "adder:adder_1" File: /home/wackoz/github/SDI_20_21/butterfly/vhd/butterfly_dp.vhd Line: 197
Info (12128): Elaborating entity "round_block" for hierarchy "round_block:round_block_1" File: /home/wackoz/github/SDI_20_21/butterfly/vhd/butterfly_dp.vhd Line: 211
Info (12128): Elaborating entity "reg" for hierarchy "reg:reg_Wr" File: /home/wackoz/github/SDI_20_21/butterfly/vhd/butterfly_dp.vhd Line: 224
Info (12128): Elaborating entity "mux4to1" for hierarchy "mux4to1:mux4to1_1" File: /home/wackoz/github/SDI_20_21/butterfly/vhd/butterfly_dp.vhd Line: 292
Info (12128): Elaborating entity "mux4to1" for hierarchy "mux4to1:mux4to1_2" File: /home/wackoz/github/SDI_20_21/butterfly/vhd/butterfly_dp.vhd Line: 304
Warning (13024): Output pins are stuck at VCC or GND
    Warning (13410): Pin "Aj_out[0]" is stuck at GND File: /home/wackoz/github/SDI_20_21/butterfly/vhd/butterfly_dp.vhd Line: 44
    Warning (13410): Pin "Aj_out[1]" is stuck at GND File: /home/wackoz/github/SDI_20_21/butterfly/vhd/butterfly_dp.vhd Line: 44
    Warning (13410): Pin "Aj_out[2]" is stuck at GND File: /home/wackoz/github/SDI_20_21/butterfly/vhd/butterfly_dp.vhd Line: 44
    Warning (13410): Pin "Aj_out[3]" is stuck at GND File: /home/wackoz/github/SDI_20_21/butterfly/vhd/butterfly_dp.vhd Line: 44
    Warning (13410): Pin "Aj_out[4]" is stuck at GND File: /home/wackoz/github/SDI_20_21/butterfly/vhd/butterfly_dp.vhd Line: 44
    Warning (13410): Pin "Aj_out[5]" is stuck at GND File: /home/wackoz/github/SDI_20_21/butterfly/vhd/butterfly_dp.vhd Line: 44
    Warning (13410): Pin "Aj_out[6]" is stuck at GND File: /home/wackoz/github/SDI_20_21/butterfly/vhd/butterfly_dp.vhd Line: 44
    Warning (13410): Pin "Aj_out[7]" is stuck at GND File: /home/wackoz/github/SDI_20_21/butterfly/vhd/butterfly_dp.vhd Line: 44
    Warning (13410): Pin "Aj_out[8]" is stuck at GND File: /home/wackoz/github/SDI_20_21/butterfly/vhd/butterfly_dp.vhd Line: 44
    Warning (13410): Pin "Aj_out[9]" is stuck at GND File: /home/wackoz/github/SDI_20_21/butterfly/vhd/butterfly_dp.vhd Line: 44
    Warning (13410): Pin "Aj_out[10]" is stuck at GND File: /home/wackoz/github/SDI_20_21/butterfly/vhd/butterfly_dp.vhd Line: 44
    Warning (13410): Pin "Aj_out[11]" is stuck at GND File: /home/wackoz/github/SDI_20_21/butterfly/vhd/butterfly_dp.vhd Line: 44
    Warning (13410): Pin "Aj_out[12]" is stuck at GND File: /home/wackoz/github/SDI_20_21/butterfly/vhd/butterfly_dp.vhd Line: 44
    Warning (13410): Pin "Aj_out[13]" is stuck at GND File: /home/wackoz/github/SDI_20_21/butterfly/vhd/butterfly_dp.vhd Line: 44
    Warning (13410): Pin "Aj_out[14]" is stuck at GND File: /home/wackoz/github/SDI_20_21/butterfly/vhd/butterfly_dp.vhd Line: 44
    Warning (13410): Pin "Aj_out[15]" is stuck at GND File: /home/wackoz/github/SDI_20_21/butterfly/vhd/butterfly_dp.vhd Line: 44
    Warning (13410): Pin "Aj_out[16]" is stuck at GND File: /home/wackoz/github/SDI_20_21/butterfly/vhd/butterfly_dp.vhd Line: 44
    Warning (13410): Pin "Aj_out[17]" is stuck at GND File: /home/wackoz/github/SDI_20_21/butterfly/vhd/butterfly_dp.vhd Line: 44
    Warning (13410): Pin "Aj_out[18]" is stuck at GND File: /home/wackoz/github/SDI_20_21/butterfly/vhd/butterfly_dp.vhd Line: 44
    Warning (13410): Pin "Aj_out[19]" is stuck at GND File: /home/wackoz/github/SDI_20_21/butterfly/vhd/butterfly_dp.vhd Line: 44
    Warning (13410): Pin "Ar_out[0]" is stuck at GND File: /home/wackoz/github/SDI_20_21/butterfly/vhd/butterfly_dp.vhd Line: 45
    Warning (13410): Pin "Ar_out[1]" is stuck at GND File: /home/wackoz/github/SDI_20_21/butterfly/vhd/butterfly_dp.vhd Line: 45
    Warning (13410): Pin "Ar_out[2]" is stuck at GND File: /home/wackoz/github/SDI_20_21/butterfly/vhd/butterfly_dp.vhd Line: 45
    Warning (13410): Pin "Ar_out[3]" is stuck at GND File: /home/wackoz/github/SDI_20_21/butterfly/vhd/butterfly_dp.vhd Line: 45
    Warning (13410): Pin "Ar_out[4]" is stuck at GND File: /home/wackoz/github/SDI_20_21/butterfly/vhd/butterfly_dp.vhd Line: 45
    Warning (13410): Pin "Ar_out[5]" is stuck at GND File: /home/wackoz/github/SDI_20_21/butterfly/vhd/butterfly_dp.vhd Line: 45
    Warning (13410): Pin "Ar_out[6]" is stuck at GND File: /home/wackoz/github/SDI_20_21/butterfly/vhd/butterfly_dp.vhd Line: 45
    Warning (13410): Pin "Ar_out[7]" is stuck at GND File: /home/wackoz/github/SDI_20_21/butterfly/vhd/butterfly_dp.vhd Line: 45
    Warning (13410): Pin "Ar_out[8]" is stuck at GND File: /home/wackoz/github/SDI_20_21/butterfly/vhd/butterfly_dp.vhd Line: 45
    Warning (13410): Pin "Ar_out[9]" is stuck at GND File: /home/wackoz/github/SDI_20_21/butterfly/vhd/butterfly_dp.vhd Line: 45
    Warning (13410): Pin "Ar_out[10]" is stuck at GND File: /home/wackoz/github/SDI_20_21/butterfly/vhd/butterfly_dp.vhd Line: 45
    Warning (13410): Pin "Ar_out[11]" is stuck at GND File: /home/wackoz/github/SDI_20_21/butterfly/vhd/butterfly_dp.vhd Line: 45
    Warning (13410): Pin "Ar_out[12]" is stuck at GND File: /home/wackoz/github/SDI_20_21/butterfly/vhd/butterfly_dp.vhd Line: 45
    Warning (13410): Pin "Ar_out[13]" is stuck at GND File: /home/wackoz/github/SDI_20_21/butterfly/vhd/butterfly_dp.vhd Line: 45
    Warning (13410): Pin "Ar_out[14]" is stuck at GND File: /home/wackoz/github/SDI_20_21/butterfly/vhd/butterfly_dp.vhd Line: 45
    Warning (13410): Pin "Ar_out[15]" is stuck at GND File: /home/wackoz/github/SDI_20_21/butterfly/vhd/butterfly_dp.vhd Line: 45
    Warning (13410): Pin "Ar_out[16]" is stuck at GND File: /home/wackoz/github/SDI_20_21/butterfly/vhd/butterfly_dp.vhd Line: 45
    Warning (13410): Pin "Ar_out[17]" is stuck at GND File: /home/wackoz/github/SDI_20_21/butterfly/vhd/butterfly_dp.vhd Line: 45
    Warning (13410): Pin "Ar_out[18]" is stuck at GND File: /home/wackoz/github/SDI_20_21/butterfly/vhd/butterfly_dp.vhd Line: 45
    Warning (13410): Pin "Ar_out[19]" is stuck at GND File: /home/wackoz/github/SDI_20_21/butterfly/vhd/butterfly_dp.vhd Line: 45
    Warning (13410): Pin "Bj_out[0]" is stuck at GND File: /home/wackoz/github/SDI_20_21/butterfly/vhd/butterfly_dp.vhd Line: 46
    Warning (13410): Pin "Bj_out[1]" is stuck at GND File: /home/wackoz/github/SDI_20_21/butterfly/vhd/butterfly_dp.vhd Line: 46
    Warning (13410): Pin "Bj_out[2]" is stuck at GND File: /home/wackoz/github/SDI_20_21/butterfly/vhd/butterfly_dp.vhd Line: 46
    Warning (13410): Pin "Bj_out[3]" is stuck at GND File: /home/wackoz/github/SDI_20_21/butterfly/vhd/butterfly_dp.vhd Line: 46
    Warning (13410): Pin "Bj_out[4]" is stuck at GND File: /home/wackoz/github/SDI_20_21/butterfly/vhd/butterfly_dp.vhd Line: 46
    Warning (13410): Pin "Bj_out[5]" is stuck at GND File: /home/wackoz/github/SDI_20_21/butterfly/vhd/butterfly_dp.vhd Line: 46
    Warning (13410): Pin "Bj_out[6]" is stuck at GND File: /home/wackoz/github/SDI_20_21/butterfly/vhd/butterfly_dp.vhd Line: 46
    Warning (13410): Pin "Bj_out[7]" is stuck at GND File: /home/wackoz/github/SDI_20_21/butterfly/vhd/butterfly_dp.vhd Line: 46
    Warning (13410): Pin "Bj_out[8]" is stuck at GND File: /home/wackoz/github/SDI_20_21/butterfly/vhd/butterfly_dp.vhd Line: 46
    Warning (13410): Pin "Bj_out[9]" is stuck at GND File: /home/wackoz/github/SDI_20_21/butterfly/vhd/butterfly_dp.vhd Line: 46
    Warning (13410): Pin "Bj_out[10]" is stuck at GND File: /home/wackoz/github/SDI_20_21/butterfly/vhd/butterfly_dp.vhd Line: 46
    Warning (13410): Pin "Bj_out[11]" is stuck at GND File: /home/wackoz/github/SDI_20_21/butterfly/vhd/butterfly_dp.vhd Line: 46
    Warning (13410): Pin "Bj_out[12]" is stuck at GND File: /home/wackoz/github/SDI_20_21/butterfly/vhd/butterfly_dp.vhd Line: 46
    Warning (13410): Pin "Bj_out[13]" is stuck at GND File: /home/wackoz/github/SDI_20_21/butterfly/vhd/butterfly_dp.vhd Line: 46
    Warning (13410): Pin "Bj_out[14]" is stuck at GND File: /home/wackoz/github/SDI_20_21/butterfly/vhd/butterfly_dp.vhd Line: 46
    Warning (13410): Pin "Bj_out[15]" is stuck at GND File: /home/wackoz/github/SDI_20_21/butterfly/vhd/butterfly_dp.vhd Line: 46
    Warning (13410): Pin "Bj_out[16]" is stuck at GND File: /home/wackoz/github/SDI_20_21/butterfly/vhd/butterfly_dp.vhd Line: 46
    Warning (13410): Pin "Bj_out[17]" is stuck at GND File: /home/wackoz/github/SDI_20_21/butterfly/vhd/butterfly_dp.vhd Line: 46
    Warning (13410): Pin "Bj_out[18]" is stuck at GND File: /home/wackoz/github/SDI_20_21/butterfly/vhd/butterfly_dp.vhd Line: 46
    Warning (13410): Pin "Bj_out[19]" is stuck at GND File: /home/wackoz/github/SDI_20_21/butterfly/vhd/butterfly_dp.vhd Line: 46
    Warning (13410): Pin "Br_out[0]" is stuck at GND File: /home/wackoz/github/SDI_20_21/butterfly/vhd/butterfly_dp.vhd Line: 47
    Warning (13410): Pin "Br_out[1]" is stuck at GND File: /home/wackoz/github/SDI_20_21/butterfly/vhd/butterfly_dp.vhd Line: 47
    Warning (13410): Pin "Br_out[2]" is stuck at GND File: /home/wackoz/github/SDI_20_21/butterfly/vhd/butterfly_dp.vhd Line: 47
    Warning (13410): Pin "Br_out[3]" is stuck at GND File: /home/wackoz/github/SDI_20_21/butterfly/vhd/butterfly_dp.vhd Line: 47
    Warning (13410): Pin "Br_out[4]" is stuck at GND File: /home/wackoz/github/SDI_20_21/butterfly/vhd/butterfly_dp.vhd Line: 47
    Warning (13410): Pin "Br_out[5]" is stuck at GND File: /home/wackoz/github/SDI_20_21/butterfly/vhd/butterfly_dp.vhd Line: 47
    Warning (13410): Pin "Br_out[6]" is stuck at GND File: /home/wackoz/github/SDI_20_21/butterfly/vhd/butterfly_dp.vhd Line: 47
    Warning (13410): Pin "Br_out[7]" is stuck at GND File: /home/wackoz/github/SDI_20_21/butterfly/vhd/butterfly_dp.vhd Line: 47
    Warning (13410): Pin "Br_out[8]" is stuck at GND File: /home/wackoz/github/SDI_20_21/butterfly/vhd/butterfly_dp.vhd Line: 47
    Warning (13410): Pin "Br_out[9]" is stuck at GND File: /home/wackoz/github/SDI_20_21/butterfly/vhd/butterfly_dp.vhd Line: 47
    Warning (13410): Pin "Br_out[10]" is stuck at GND File: /home/wackoz/github/SDI_20_21/butterfly/vhd/butterfly_dp.vhd Line: 47
    Warning (13410): Pin "Br_out[11]" is stuck at GND File: /home/wackoz/github/SDI_20_21/butterfly/vhd/butterfly_dp.vhd Line: 47
    Warning (13410): Pin "Br_out[12]" is stuck at GND File: /home/wackoz/github/SDI_20_21/butterfly/vhd/butterfly_dp.vhd Line: 47
    Warning (13410): Pin "Br_out[13]" is stuck at GND File: /home/wackoz/github/SDI_20_21/butterfly/vhd/butterfly_dp.vhd Line: 47
    Warning (13410): Pin "Br_out[14]" is stuck at GND File: /home/wackoz/github/SDI_20_21/butterfly/vhd/butterfly_dp.vhd Line: 47
    Warning (13410): Pin "Br_out[15]" is stuck at GND File: /home/wackoz/github/SDI_20_21/butterfly/vhd/butterfly_dp.vhd Line: 47
    Warning (13410): Pin "Br_out[16]" is stuck at GND File: /home/wackoz/github/SDI_20_21/butterfly/vhd/butterfly_dp.vhd Line: 47
    Warning (13410): Pin "Br_out[17]" is stuck at GND File: /home/wackoz/github/SDI_20_21/butterfly/vhd/butterfly_dp.vhd Line: 47
    Warning (13410): Pin "Br_out[18]" is stuck at GND File: /home/wackoz/github/SDI_20_21/butterfly/vhd/butterfly_dp.vhd Line: 47
    Warning (13410): Pin "Br_out[19]" is stuck at GND File: /home/wackoz/github/SDI_20_21/butterfly/vhd/butterfly_dp.vhd Line: 47
Info (17049): 104 registers lost all their fanouts during netlist optimizations.
Info (16010): Generating hard_block partition "hard_block:auto_generated_inst"
    Info (16011): Adding 0 node(s), including 0 DDIO, 0 PLL, 0 transceiver and 0 LCELL
Warning (21074): Design contains 133 input pin(s) that do not drive logic
    Warning (15610): No output dependent on input pin "clock" File: /home/wackoz/github/SDI_20_21/butterfly/vhd/butterfly_dp.vhd Line: 34
    Warning (15610): No output dependent on input pin "Aj_in[0]" File: /home/wackoz/github/SDI_20_21/butterfly/vhd/butterfly_dp.vhd Line: 39
    Warning (15610): No output dependent on input pin "reset" File: /home/wackoz/github/SDI_20_21/butterfly/vhd/butterfly_dp.vhd Line: 35
    Warning (15610): No output dependent on input pin "s_mux_aj" File: /home/wackoz/github/SDI_20_21/butterfly/vhd/butterfly_dp.vhd Line: 52
    Warning (15610): No output dependent on input pin "Aj_in[1]" File: /home/wackoz/github/SDI_20_21/butterfly/vhd/butterfly_dp.vhd Line: 39
    Warning (15610): No output dependent on input pin "Aj_in[2]" File: /home/wackoz/github/SDI_20_21/butterfly/vhd/butterfly_dp.vhd Line: 39
    Warning (15610): No output dependent on input pin "Aj_in[3]" File: /home/wackoz/github/SDI_20_21/butterfly/vhd/butterfly_dp.vhd Line: 39
    Warning (15610): No output dependent on input pin "Aj_in[4]" File: /home/wackoz/github/SDI_20_21/butterfly/vhd/butterfly_dp.vhd Line: 39
    Warning (15610): No output dependent on input pin "Aj_in[5]" File: /home/wackoz/github/SDI_20_21/butterfly/vhd/butterfly_dp.vhd Line: 39
    Warning (15610): No output dependent on input pin "Aj_in[6]" File: /home/wackoz/github/SDI_20_21/butterfly/vhd/butterfly_dp.vhd Line: 39
    Warning (15610): No output dependent on input pin "Aj_in[7]" File: /home/wackoz/github/SDI_20_21/butterfly/vhd/butterfly_dp.vhd Line: 39
    Warning (15610): No output dependent on input pin "Aj_in[8]" File: /home/wackoz/github/SDI_20_21/butterfly/vhd/butterfly_dp.vhd Line: 39
    Warning (15610): No output dependent on input pin "Aj_in[9]" File: /home/wackoz/github/SDI_20_21/butterfly/vhd/butterfly_dp.vhd Line: 39
    Warning (15610): No output dependent on input pin "Aj_in[10]" File: /home/wackoz/github/SDI_20_21/butterfly/vhd/butterfly_dp.vhd Line: 39
    Warning (15610): No output dependent on input pin "Aj_in[11]" File: /home/wackoz/github/SDI_20_21/butterfly/vhd/butterfly_dp.vhd Line: 39
    Warning (15610): No output dependent on input pin "Aj_in[12]" File: /home/wackoz/github/SDI_20_21/butterfly/vhd/butterfly_dp.vhd Line: 39
    Warning (15610): No output dependent on input pin "Aj_in[13]" File: /home/wackoz/github/SDI_20_21/butterfly/vhd/butterfly_dp.vhd Line: 39
    Warning (15610): No output dependent on input pin "Aj_in[14]" File: /home/wackoz/github/SDI_20_21/butterfly/vhd/butterfly_dp.vhd Line: 39
    Warning (15610): No output dependent on input pin "Aj_in[15]" File: /home/wackoz/github/SDI_20_21/butterfly/vhd/butterfly_dp.vhd Line: 39
    Warning (15610): No output dependent on input pin "Aj_in[16]" File: /home/wackoz/github/SDI_20_21/butterfly/vhd/butterfly_dp.vhd Line: 39
    Warning (15610): No output dependent on input pin "Aj_in[17]" File: /home/wackoz/github/SDI_20_21/butterfly/vhd/butterfly_dp.vhd Line: 39
    Warning (15610): No output dependent on input pin "Aj_in[18]" File: /home/wackoz/github/SDI_20_21/butterfly/vhd/butterfly_dp.vhd Line: 39
    Warning (15610): No output dependent on input pin "Aj_in[19]" File: /home/wackoz/github/SDI_20_21/butterfly/vhd/butterfly_dp.vhd Line: 39
    Warning (15610): No output dependent on input pin "Ar_in[0]" File: /home/wackoz/github/SDI_20_21/butterfly/vhd/butterfly_dp.vhd Line: 40
    Warning (15610): No output dependent on input pin "s_mux_ar" File: /home/wackoz/github/SDI_20_21/butterfly/vhd/butterfly_dp.vhd Line: 51
    Warning (15610): No output dependent on input pin "Ar_in[1]" File: /home/wackoz/github/SDI_20_21/butterfly/vhd/butterfly_dp.vhd Line: 40
    Warning (15610): No output dependent on input pin "Ar_in[2]" File: /home/wackoz/github/SDI_20_21/butterfly/vhd/butterfly_dp.vhd Line: 40
    Warning (15610): No output dependent on input pin "Ar_in[3]" File: /home/wackoz/github/SDI_20_21/butterfly/vhd/butterfly_dp.vhd Line: 40
    Warning (15610): No output dependent on input pin "Ar_in[4]" File: /home/wackoz/github/SDI_20_21/butterfly/vhd/butterfly_dp.vhd Line: 40
    Warning (15610): No output dependent on input pin "Ar_in[5]" File: /home/wackoz/github/SDI_20_21/butterfly/vhd/butterfly_dp.vhd Line: 40
    Warning (15610): No output dependent on input pin "Ar_in[6]" File: /home/wackoz/github/SDI_20_21/butterfly/vhd/butterfly_dp.vhd Line: 40
    Warning (15610): No output dependent on input pin "Ar_in[7]" File: /home/wackoz/github/SDI_20_21/butterfly/vhd/butterfly_dp.vhd Line: 40
    Warning (15610): No output dependent on input pin "Ar_in[8]" File: /home/wackoz/github/SDI_20_21/butterfly/vhd/butterfly_dp.vhd Line: 40
    Warning (15610): No output dependent on input pin "Ar_in[9]" File: /home/wackoz/github/SDI_20_21/butterfly/vhd/butterfly_dp.vhd Line: 40
    Warning (15610): No output dependent on input pin "Ar_in[10]" File: /home/wackoz/github/SDI_20_21/butterfly/vhd/butterfly_dp.vhd Line: 40
    Warning (15610): No output dependent on input pin "Ar_in[11]" File: /home/wackoz/github/SDI_20_21/butterfly/vhd/butterfly_dp.vhd Line: 40
    Warning (15610): No output dependent on input pin "Ar_in[12]" File: /home/wackoz/github/SDI_20_21/butterfly/vhd/butterfly_dp.vhd Line: 40
    Warning (15610): No output dependent on input pin "Ar_in[13]" File: /home/wackoz/github/SDI_20_21/butterfly/vhd/butterfly_dp.vhd Line: 40
    Warning (15610): No output dependent on input pin "Ar_in[14]" File: /home/wackoz/github/SDI_20_21/butterfly/vhd/butterfly_dp.vhd Line: 40
    Warning (15610): No output dependent on input pin "Ar_in[15]" File: /home/wackoz/github/SDI_20_21/butterfly/vhd/butterfly_dp.vhd Line: 40
    Warning (15610): No output dependent on input pin "Ar_in[16]" File: /home/wackoz/github/SDI_20_21/butterfly/vhd/butterfly_dp.vhd Line: 40
    Warning (15610): No output dependent on input pin "Ar_in[17]" File: /home/wackoz/github/SDI_20_21/butterfly/vhd/butterfly_dp.vhd Line: 40
    Warning (15610): No output dependent on input pin "Ar_in[18]" File: /home/wackoz/github/SDI_20_21/butterfly/vhd/butterfly_dp.vhd Line: 40
    Warning (15610): No output dependent on input pin "Ar_in[19]" File: /home/wackoz/github/SDI_20_21/butterfly/vhd/butterfly_dp.vhd Line: 40
    Warning (15610): No output dependent on input pin "Bj_in[0]" File: /home/wackoz/github/SDI_20_21/butterfly/vhd/butterfly_dp.vhd Line: 41
    Warning (15610): No output dependent on input pin "s_mux_bj" File: /home/wackoz/github/SDI_20_21/butterfly/vhd/butterfly_dp.vhd Line: 50
    Warning (15610): No output dependent on input pin "Bj_in[1]" File: /home/wackoz/github/SDI_20_21/butterfly/vhd/butterfly_dp.vhd Line: 41
    Warning (15610): No output dependent on input pin "Bj_in[2]" File: /home/wackoz/github/SDI_20_21/butterfly/vhd/butterfly_dp.vhd Line: 41
    Warning (15610): No output dependent on input pin "Bj_in[3]" File: /home/wackoz/github/SDI_20_21/butterfly/vhd/butterfly_dp.vhd Line: 41
    Warning (15610): No output dependent on input pin "Bj_in[4]" File: /home/wackoz/github/SDI_20_21/butterfly/vhd/butterfly_dp.vhd Line: 41
    Warning (15610): No output dependent on input pin "Bj_in[5]" File: /home/wackoz/github/SDI_20_21/butterfly/vhd/butterfly_dp.vhd Line: 41
    Warning (15610): No output dependent on input pin "Bj_in[6]" File: /home/wackoz/github/SDI_20_21/butterfly/vhd/butterfly_dp.vhd Line: 41
    Warning (15610): No output dependent on input pin "Bj_in[7]" File: /home/wackoz/github/SDI_20_21/butterfly/vhd/butterfly_dp.vhd Line: 41
    Warning (15610): No output dependent on input pin "Bj_in[8]" File: /home/wackoz/github/SDI_20_21/butterfly/vhd/butterfly_dp.vhd Line: 41
    Warning (15610): No output dependent on input pin "Bj_in[9]" File: /home/wackoz/github/SDI_20_21/butterfly/vhd/butterfly_dp.vhd Line: 41
    Warning (15610): No output dependent on input pin "Bj_in[10]" File: /home/wackoz/github/SDI_20_21/butterfly/vhd/butterfly_dp.vhd Line: 41
    Warning (15610): No output dependent on input pin "Bj_in[11]" File: /home/wackoz/github/SDI_20_21/butterfly/vhd/butterfly_dp.vhd Line: 41
    Warning (15610): No output dependent on input pin "Bj_in[12]" File: /home/wackoz/github/SDI_20_21/butterfly/vhd/butterfly_dp.vhd Line: 41
    Warning (15610): No output dependent on input pin "Bj_in[13]" File: /home/wackoz/github/SDI_20_21/butterfly/vhd/butterfly_dp.vhd Line: 41
    Warning (15610): No output dependent on input pin "Bj_in[14]" File: /home/wackoz/github/SDI_20_21/butterfly/vhd/butterfly_dp.vhd Line: 41
    Warning (15610): No output dependent on input pin "Bj_in[15]" File: /home/wackoz/github/SDI_20_21/butterfly/vhd/butterfly_dp.vhd Line: 41
    Warning (15610): No output dependent on input pin "Bj_in[16]" File: /home/wackoz/github/SDI_20_21/butterfly/vhd/butterfly_dp.vhd Line: 41
    Warning (15610): No output dependent on input pin "Bj_in[17]" File: /home/wackoz/github/SDI_20_21/butterfly/vhd/butterfly_dp.vhd Line: 41
    Warning (15610): No output dependent on input pin "Bj_in[18]" File: /home/wackoz/github/SDI_20_21/butterfly/vhd/butterfly_dp.vhd Line: 41
    Warning (15610): No output dependent on input pin "Bj_in[19]" File: /home/wackoz/github/SDI_20_21/butterfly/vhd/butterfly_dp.vhd Line: 41
    Warning (15610): No output dependent on input pin "Br_in[0]" File: /home/wackoz/github/SDI_20_21/butterfly/vhd/butterfly_dp.vhd Line: 42
    Warning (15610): No output dependent on input pin "s_mux_br" File: /home/wackoz/github/SDI_20_21/butterfly/vhd/butterfly_dp.vhd Line: 49
    Warning (15610): No output dependent on input pin "Br_in[1]" File: /home/wackoz/github/SDI_20_21/butterfly/vhd/butterfly_dp.vhd Line: 42
    Warning (15610): No output dependent on input pin "Br_in[2]" File: /home/wackoz/github/SDI_20_21/butterfly/vhd/butterfly_dp.vhd Line: 42
    Warning (15610): No output dependent on input pin "Br_in[3]" File: /home/wackoz/github/SDI_20_21/butterfly/vhd/butterfly_dp.vhd Line: 42
    Warning (15610): No output dependent on input pin "Br_in[4]" File: /home/wackoz/github/SDI_20_21/butterfly/vhd/butterfly_dp.vhd Line: 42
    Warning (15610): No output dependent on input pin "Br_in[5]" File: /home/wackoz/github/SDI_20_21/butterfly/vhd/butterfly_dp.vhd Line: 42
    Warning (15610): No output dependent on input pin "Br_in[6]" File: /home/wackoz/github/SDI_20_21/butterfly/vhd/butterfly_dp.vhd Line: 42
    Warning (15610): No output dependent on input pin "Br_in[7]" File: /home/wackoz/github/SDI_20_21/butterfly/vhd/butterfly_dp.vhd Line: 42
    Warning (15610): No output dependent on input pin "Br_in[8]" File: /home/wackoz/github/SDI_20_21/butterfly/vhd/butterfly_dp.vhd Line: 42
    Warning (15610): No output dependent on input pin "Br_in[9]" File: /home/wackoz/github/SDI_20_21/butterfly/vhd/butterfly_dp.vhd Line: 42
    Warning (15610): No output dependent on input pin "Br_in[10]" File: /home/wackoz/github/SDI_20_21/butterfly/vhd/butterfly_dp.vhd Line: 42
    Warning (15610): No output dependent on input pin "Br_in[11]" File: /home/wackoz/github/SDI_20_21/butterfly/vhd/butterfly_dp.vhd Line: 42
    Warning (15610): No output dependent on input pin "Br_in[12]" File: /home/wackoz/github/SDI_20_21/butterfly/vhd/butterfly_dp.vhd Line: 42
    Warning (15610): No output dependent on input pin "Br_in[13]" File: /home/wackoz/github/SDI_20_21/butterfly/vhd/butterfly_dp.vhd Line: 42
    Warning (15610): No output dependent on input pin "Br_in[14]" File: /home/wackoz/github/SDI_20_21/butterfly/vhd/butterfly_dp.vhd Line: 42
    Warning (15610): No output dependent on input pin "Br_in[15]" File: /home/wackoz/github/SDI_20_21/butterfly/vhd/butterfly_dp.vhd Line: 42
    Warning (15610): No output dependent on input pin "Br_in[16]" File: /home/wackoz/github/SDI_20_21/butterfly/vhd/butterfly_dp.vhd Line: 42
    Warning (15610): No output dependent on input pin "Br_in[17]" File: /home/wackoz/github/SDI_20_21/butterfly/vhd/butterfly_dp.vhd Line: 42
    Warning (15610): No output dependent on input pin "Br_in[18]" File: /home/wackoz/github/SDI_20_21/butterfly/vhd/butterfly_dp.vhd Line: 42
    Warning (15610): No output dependent on input pin "Br_in[19]" File: /home/wackoz/github/SDI_20_21/butterfly/vhd/butterfly_dp.vhd Line: 42
    Warning (15610): No output dependent on input pin "s_mux_B_add[1]" File: /home/wackoz/github/SDI_20_21/butterfly/vhd/butterfly_dp.vhd Line: 55
    Warning (15610): No output dependent on input pin "s_mux_B_add[0]" File: /home/wackoz/github/SDI_20_21/butterfly/vhd/butterfly_dp.vhd Line: 55
    Warning (15610): No output dependent on input pin "add_sub" File: /home/wackoz/github/SDI_20_21/butterfly/vhd/butterfly_dp.vhd Line: 57
    Warning (15610): No output dependent on input pin "sh_mpy" File: /home/wackoz/github/SDI_20_21/butterfly/vhd/butterfly_dp.vhd Line: 58
    Warning (15610): No output dependent on input pin "s_mux_A_mpy[0]" File: /home/wackoz/github/SDI_20_21/butterfly/vhd/butterfly_dp.vhd Line: 54
    Warning (15610): No output dependent on input pin "s_mux_A_mpy[1]" File: /home/wackoz/github/SDI_20_21/butterfly/vhd/butterfly_dp.vhd Line: 54
    Warning (15610): No output dependent on input pin "s_mux_B_mpy" File: /home/wackoz/github/SDI_20_21/butterfly/vhd/butterfly_dp.vhd Line: 53
    Warning (15610): No output dependent on input pin "Wr[0]" File: /home/wackoz/github/SDI_20_21/butterfly/vhd/butterfly_dp.vhd Line: 37
    Warning (15610): No output dependent on input pin "Wj[0]" File: /home/wackoz/github/SDI_20_21/butterfly/vhd/butterfly_dp.vhd Line: 38
    Warning (15610): No output dependent on input pin "Wr[1]" File: /home/wackoz/github/SDI_20_21/butterfly/vhd/butterfly_dp.vhd Line: 37
    Warning (15610): No output dependent on input pin "Wj[1]" File: /home/wackoz/github/SDI_20_21/butterfly/vhd/butterfly_dp.vhd Line: 38
    Warning (15610): No output dependent on input pin "Wr[2]" File: /home/wackoz/github/SDI_20_21/butterfly/vhd/butterfly_dp.vhd Line: 37
    Warning (15610): No output dependent on input pin "Wj[2]" File: /home/wackoz/github/SDI_20_21/butterfly/vhd/butterfly_dp.vhd Line: 38
    Warning (15610): No output dependent on input pin "Wr[3]" File: /home/wackoz/github/SDI_20_21/butterfly/vhd/butterfly_dp.vhd Line: 37
    Warning (15610): No output dependent on input pin "Wj[3]" File: /home/wackoz/github/SDI_20_21/butterfly/vhd/butterfly_dp.vhd Line: 38
    Warning (15610): No output dependent on input pin "Wr[4]" File: /home/wackoz/github/SDI_20_21/butterfly/vhd/butterfly_dp.vhd Line: 37
    Warning (15610): No output dependent on input pin "Wj[4]" File: /home/wackoz/github/SDI_20_21/butterfly/vhd/butterfly_dp.vhd Line: 38
    Warning (15610): No output dependent on input pin "Wr[5]" File: /home/wackoz/github/SDI_20_21/butterfly/vhd/butterfly_dp.vhd Line: 37
    Warning (15610): No output dependent on input pin "Wj[5]" File: /home/wackoz/github/SDI_20_21/butterfly/vhd/butterfly_dp.vhd Line: 38
    Warning (15610): No output dependent on input pin "Wr[6]" File: /home/wackoz/github/SDI_20_21/butterfly/vhd/butterfly_dp.vhd Line: 37
    Warning (15610): No output dependent on input pin "Wj[6]" File: /home/wackoz/github/SDI_20_21/butterfly/vhd/butterfly_dp.vhd Line: 38
    Warning (15610): No output dependent on input pin "Wr[7]" File: /home/wackoz/github/SDI_20_21/butterfly/vhd/butterfly_dp.vhd Line: 37
    Warning (15610): No output dependent on input pin "Wj[7]" File: /home/wackoz/github/SDI_20_21/butterfly/vhd/butterfly_dp.vhd Line: 38
    Warning (15610): No output dependent on input pin "Wr[8]" File: /home/wackoz/github/SDI_20_21/butterfly/vhd/butterfly_dp.vhd Line: 37
    Warning (15610): No output dependent on input pin "Wj[8]" File: /home/wackoz/github/SDI_20_21/butterfly/vhd/butterfly_dp.vhd Line: 38
    Warning (15610): No output dependent on input pin "Wr[9]" File: /home/wackoz/github/SDI_20_21/butterfly/vhd/butterfly_dp.vhd Line: 37
    Warning (15610): No output dependent on input pin "Wj[9]" File: /home/wackoz/github/SDI_20_21/butterfly/vhd/butterfly_dp.vhd Line: 38
    Warning (15610): No output dependent on input pin "Wr[10]" File: /home/wackoz/github/SDI_20_21/butterfly/vhd/butterfly_dp.vhd Line: 37
    Warning (15610): No output dependent on input pin "Wj[10]" File: /home/wackoz/github/SDI_20_21/butterfly/vhd/butterfly_dp.vhd Line: 38
    Warning (15610): No output dependent on input pin "Wr[11]" File: /home/wackoz/github/SDI_20_21/butterfly/vhd/butterfly_dp.vhd Line: 37
    Warning (15610): No output dependent on input pin "Wj[11]" File: /home/wackoz/github/SDI_20_21/butterfly/vhd/butterfly_dp.vhd Line: 38
    Warning (15610): No output dependent on input pin "Wr[12]" File: /home/wackoz/github/SDI_20_21/butterfly/vhd/butterfly_dp.vhd Line: 37
    Warning (15610): No output dependent on input pin "Wj[12]" File: /home/wackoz/github/SDI_20_21/butterfly/vhd/butterfly_dp.vhd Line: 38
    Warning (15610): No output dependent on input pin "Wr[13]" File: /home/wackoz/github/SDI_20_21/butterfly/vhd/butterfly_dp.vhd Line: 37
    Warning (15610): No output dependent on input pin "Wj[13]" File: /home/wackoz/github/SDI_20_21/butterfly/vhd/butterfly_dp.vhd Line: 38
    Warning (15610): No output dependent on input pin "Wr[14]" File: /home/wackoz/github/SDI_20_21/butterfly/vhd/butterfly_dp.vhd Line: 37
    Warning (15610): No output dependent on input pin "Wj[14]" File: /home/wackoz/github/SDI_20_21/butterfly/vhd/butterfly_dp.vhd Line: 38
    Warning (15610): No output dependent on input pin "Wr[15]" File: /home/wackoz/github/SDI_20_21/butterfly/vhd/butterfly_dp.vhd Line: 37
    Warning (15610): No output dependent on input pin "Wj[15]" File: /home/wackoz/github/SDI_20_21/butterfly/vhd/butterfly_dp.vhd Line: 38
    Warning (15610): No output dependent on input pin "Wr[16]" File: /home/wackoz/github/SDI_20_21/butterfly/vhd/butterfly_dp.vhd Line: 37
    Warning (15610): No output dependent on input pin "Wj[16]" File: /home/wackoz/github/SDI_20_21/butterfly/vhd/butterfly_dp.vhd Line: 38
    Warning (15610): No output dependent on input pin "Wr[17]" File: /home/wackoz/github/SDI_20_21/butterfly/vhd/butterfly_dp.vhd Line: 37
    Warning (15610): No output dependent on input pin "Wj[17]" File: /home/wackoz/github/SDI_20_21/butterfly/vhd/butterfly_dp.vhd Line: 38
    Warning (15610): No output dependent on input pin "Wr[18]" File: /home/wackoz/github/SDI_20_21/butterfly/vhd/butterfly_dp.vhd Line: 37
    Warning (15610): No output dependent on input pin "Wj[18]" File: /home/wackoz/github/SDI_20_21/butterfly/vhd/butterfly_dp.vhd Line: 38
    Warning (15610): No output dependent on input pin "Wr[19]" File: /home/wackoz/github/SDI_20_21/butterfly/vhd/butterfly_dp.vhd Line: 37
    Warning (15610): No output dependent on input pin "Wj[19]" File: /home/wackoz/github/SDI_20_21/butterfly/vhd/butterfly_dp.vhd Line: 38
Info (21057): Implemented 213 device resources after synthesis - the final resource count might be different
    Info (21058): Implemented 133 input pins
    Info (21059): Implemented 80 output pins
Info: Quartus Prime Analysis & Synthesis was successful. 0 errors, 222 warnings
    Info: Peak virtual memory: 492 megabytes
    Info: Processing ended: Wed Dec 30 15:22:41 2020
    Info: Elapsed time: 00:00:07
    Info: Total CPU time (on all processors): 00:00:18


