Analysis & Synthesis report for rx
Fri Dec 18 00:21:46 2020
Quartus Prime Version 20.1.0 Build 711 06/05/2020 SJ Lite Edition


---------------------
; Table of Contents ;
---------------------
  1. Legal Notice
  2. Analysis & Synthesis Summary
  3. Analysis & Synthesis Settings
  4. Parallel Compilation
  5. Analysis & Synthesis Source Files Read
  6. Analysis & Synthesis Resource Usage Summary
  7. Analysis & Synthesis Resource Utilization by Entity
  8. State Machine - |rx|rx_cu:control_unit|present_state
  9. User-Specified and Inferred Latches
 10. Registers Removed During Synthesis
 11. General Register Statistics
 12. Multiplexer Restructuring Statistics (Restructuring Performed)
 13. Parameter Settings for User Entity Instance: rx_dp:datapath|counter_nbit:counter_shift
 14. Parameter Settings for User Entity Instance: rx_dp:datapath|counter_nbit:counter_rxfull
 15. Port Connectivity Checks: "rx_cu:control_unit"
 16. Port Connectivity Checks: "rx_dp:datapath|counter_nbit:counter_rxfull"
 17. Port Connectivity Checks: "rx_dp:datapath|shift_register_8bit:shift_reg_data"
 18. Port Connectivity Checks: "rx_dp:datapath|counter_nbit:counter_shift"
 19. Port Connectivity Checks: "rx_dp:datapath|shift_register_8bit:shift_reg_samples"
 20. Post-Synthesis Netlist Statistics for Top Partition
 21. Elapsed Time Per Partition
 22. Analysis & Synthesis Messages



----------------
; Legal Notice ;
----------------
Copyright (C) 2020  Intel Corporation. All rights reserved.
Your use of Intel Corporation's design tools, logic functions 
and other software and tools, and any partner logic 
functions, and any output files from any of the foregoing 
(including device programming or simulation files), and any 
associated documentation or information are expressly subject 
to the terms and conditions of the Intel Program License 
Subscription Agreement, the Intel Quartus Prime License Agreement,
the Intel FPGA IP License Agreement, or other applicable license
agreement, including, without limitation, that your use is for
the sole purpose of programming logic devices manufactured by
Intel and sold by Intel or its authorized distributors.  Please
refer to the applicable agreement for further details, at
https://fpgasoftware.intel.com/eula.



+-------------------------------------------------------------------------------+
; Analysis & Synthesis Summary                                                  ;
+---------------------------------+---------------------------------------------+
; Analysis & Synthesis Status     ; Successful - Fri Dec 18 00:21:46 2020       ;
; Quartus Prime Version           ; 20.1.0 Build 711 06/05/2020 SJ Lite Edition ;
; Revision Name                   ; rx                                          ;
; Top-level Entity Name           ; rx                                          ;
; Family                          ; Cyclone V                                   ;
; Logic utilization (in ALMs)     ; N/A                                         ;
; Total registers                 ; 32                                          ;
; Total pins                      ; 11                                          ;
; Total virtual pins              ; 0                                           ;
; Total block memory bits         ; 0                                           ;
; Total DSP Blocks                ; 0                                           ;
; Total HSSI RX PCSs              ; 0                                           ;
; Total HSSI PMA RX Deserializers ; 0                                           ;
; Total HSSI TX PCSs              ; 0                                           ;
; Total HSSI PMA TX Serializers   ; 0                                           ;
; Total PLLs                      ; 0                                           ;
; Total DLLs                      ; 0                                           ;
+---------------------------------+---------------------------------------------+


+---------------------------------------------------------------------------------------------------------------------------+
; Analysis & Synthesis Settings                                                                                             ;
+---------------------------------------------------------------------------------+--------------------+--------------------+
; Option                                                                          ; Setting            ; Default Value      ;
+---------------------------------------------------------------------------------+--------------------+--------------------+
; Device                                                                          ; 5CGXFC7C7F23C8     ;                    ;
; Top-level entity name                                                           ; rx                 ; rx                 ;
; Family name                                                                     ; Cyclone V          ; Cyclone V          ;
; Use smart compilation                                                           ; Off                ; Off                ;
; Enable parallel Assembler and Timing Analyzer during compilation                ; On                 ; On                 ;
; Enable compact report table                                                     ; Off                ; Off                ;
; Restructure Multiplexers                                                        ; Auto               ; Auto               ;
; MLAB Add Timing Constraints For Mixed-Port Feed-Through Mode Setting Don't Care ; Off                ; Off                ;
; Create Debugging Nodes for IP Cores                                             ; Off                ; Off                ;
; Preserve fewer node names                                                       ; On                 ; On                 ;
; Intel FPGA IP Evaluation Mode                                                   ; Enable             ; Enable             ;
; Verilog Version                                                                 ; Verilog_2001       ; Verilog_2001       ;
; VHDL Version                                                                    ; VHDL_1993          ; VHDL_1993          ;
; State Machine Processing                                                        ; Auto               ; Auto               ;
; Safe State Machine                                                              ; Off                ; Off                ;
; Extract Verilog State Machines                                                  ; On                 ; On                 ;
; Extract VHDL State Machines                                                     ; On                 ; On                 ;
; Ignore Verilog initial constructs                                               ; Off                ; Off                ;
; Iteration limit for constant Verilog loops                                      ; 5000               ; 5000               ;
; Iteration limit for non-constant Verilog loops                                  ; 250                ; 250                ;
; Add Pass-Through Logic to Inferred RAMs                                         ; On                 ; On                 ;
; Infer RAMs from Raw Logic                                                       ; On                 ; On                 ;
; Parallel Synthesis                                                              ; On                 ; On                 ;
; DSP Block Balancing                                                             ; Auto               ; Auto               ;
; NOT Gate Push-Back                                                              ; On                 ; On                 ;
; Power-Up Don't Care                                                             ; On                 ; On                 ;
; Remove Redundant Logic Cells                                                    ; Off                ; Off                ;
; Remove Duplicate Registers                                                      ; On                 ; On                 ;
; Ignore CARRY Buffers                                                            ; Off                ; Off                ;
; Ignore CASCADE Buffers                                                          ; Off                ; Off                ;
; Ignore GLOBAL Buffers                                                           ; Off                ; Off                ;
; Ignore ROW GLOBAL Buffers                                                       ; Off                ; Off                ;
; Ignore LCELL Buffers                                                            ; Off                ; Off                ;
; Ignore SOFT Buffers                                                             ; On                 ; On                 ;
; Limit AHDL Integers to 32 Bits                                                  ; Off                ; Off                ;
; Optimization Technique                                                          ; Balanced           ; Balanced           ;
; Carry Chain Length                                                              ; 70                 ; 70                 ;
; Auto Carry Chains                                                               ; On                 ; On                 ;
; Auto Open-Drain Pins                                                            ; On                 ; On                 ;
; Perform WYSIWYG Primitive Resynthesis                                           ; Off                ; Off                ;
; Auto ROM Replacement                                                            ; On                 ; On                 ;
; Auto RAM Replacement                                                            ; On                 ; On                 ;
; Auto DSP Block Replacement                                                      ; On                 ; On                 ;
; Auto Shift Register Replacement                                                 ; Auto               ; Auto               ;
; Allow Shift Register Merging across Hierarchies                                 ; Auto               ; Auto               ;
; Auto Clock Enable Replacement                                                   ; On                 ; On                 ;
; Strict RAM Replacement                                                          ; Off                ; Off                ;
; Allow Synchronous Control Signals                                               ; On                 ; On                 ;
; Force Use of Synchronous Clear Signals                                          ; Off                ; Off                ;
; Auto Resource Sharing                                                           ; Off                ; Off                ;
; Allow Any RAM Size For Recognition                                              ; Off                ; Off                ;
; Allow Any ROM Size For Recognition                                              ; Off                ; Off                ;
; Allow Any Shift Register Size For Recognition                                   ; Off                ; Off                ;
; Use LogicLock Constraints during Resource Balancing                             ; On                 ; On                 ;
; Ignore translate_off and synthesis_off directives                               ; Off                ; Off                ;
; Timing-Driven Synthesis                                                         ; On                 ; On                 ;
; Report Parameter Settings                                                       ; On                 ; On                 ;
; Report Source Assignments                                                       ; On                 ; On                 ;
; Report Connectivity Checks                                                      ; On                 ; On                 ;
; Ignore Maximum Fan-Out Assignments                                              ; Off                ; Off                ;
; Synchronization Register Chain Length                                           ; 3                  ; 3                  ;
; Power Optimization During Synthesis                                             ; Normal compilation ; Normal compilation ;
; HDL message level                                                               ; Level2             ; Level2             ;
; Suppress Register Optimization Related Messages                                 ; Off                ; Off                ;
; Number of Removed Registers Reported in Synthesis Report                        ; 5000               ; 5000               ;
; Number of Swept Nodes Reported in Synthesis Report                              ; 5000               ; 5000               ;
; Number of Inverted Registers Reported in Synthesis Report                       ; 100                ; 100                ;
; Clock MUX Protection                                                            ; On                 ; On                 ;
; Auto Gated Clock Conversion                                                     ; Off                ; Off                ;
; Block Design Naming                                                             ; Auto               ; Auto               ;
; SDC constraint protection                                                       ; Off                ; Off                ;
; Synthesis Effort                                                                ; Auto               ; Auto               ;
; Shift Register Replacement - Allow Asynchronous Clear Signal                    ; On                 ; On                 ;
; Pre-Mapping Resynthesis Optimization                                            ; Off                ; Off                ;
; Analysis & Synthesis Message Level                                              ; Medium             ; Medium             ;
; Disable Register Merging Across Hierarchies                                     ; Auto               ; Auto               ;
; Resource Aware Inference For Block RAM                                          ; On                 ; On                 ;
; Automatic Parallel Synthesis                                                    ; On                 ; On                 ;
; Partial Reconfiguration Bitstream ID                                            ; Off                ; Off                ;
+---------------------------------------------------------------------------------+--------------------+--------------------+


+------------------------------------------+
; Parallel Compilation                     ;
+----------------------------+-------------+
; Processors                 ; Number      ;
+----------------------------+-------------+
; Number detected on machine ; 8           ;
; Maximum allowed            ; 4           ;
;                            ;             ;
; Average used               ; 1.00        ;
; Maximum used               ; 4           ;
;                            ;             ;
; Usage by Processor         ; % Time Used ;
;     Processor 1            ; 100.0%      ;
;     Processor 2            ;   0.0%      ;
;     Processors 3-4         ;   0.0%      ;
+----------------------------+-------------+


+-----------------------------------------------------------------------------------------------------------------------------------------------------------------------------------------------------------------------------+
; Analysis & Synthesis Source Files Read                                                                                                                                                                                      ;
+---------------------------------------------------------------------+-----------------+-----------------+---------------------------------------------------------------------------------------------------------+---------+
; File Name with User-Entered Path                                    ; Used in Netlist ; File Type       ; File Name with Absolute Path                                                                            ; Library ;
+---------------------------------------------------------------------+-----------------+-----------------+---------------------------------------------------------------------------------------------------------+---------+
; ../../general_components/shift_register/vhd/shift_register_8bit.vhd ; yes             ; User VHDL File  ; /home/wackoz/github/SDI_20_21/labsRR/UART/general_components/shift_register/vhd/shift_register_8bit.vhd ;         ;
; ../../general_components/counter/counter_nbit.vhd                   ; yes             ; User VHDL File  ; /home/wackoz/github/SDI_20_21/labsRR/UART/general_components/counter/counter_nbit.vhd                   ;         ;
; ../components/voter/voter_3bit.vhd                                  ; yes             ; User VHDL File  ; /home/wackoz/github/SDI_20_21/labsRR/UART/rx/components/voter/voter_3bit.vhd                            ;         ;
; ../components/stop_det/stop_detector.vhd                            ; yes             ; User VHDL File  ; /home/wackoz/github/SDI_20_21/labsRR/UART/rx/components/stop_det/stop_detector.vhd                      ;         ;
; ../components/start_det/start_detector.vhd                          ; yes             ; User VHDL File  ; /home/wackoz/github/SDI_20_21/labsRR/UART/rx/components/start_det/start_detector.vhd                    ;         ;
; ../vhd/rx_dp.vhd                                                    ; yes             ; User VHDL File  ; /home/wackoz/github/SDI_20_21/labsRR/UART/rx/vhd/rx_dp.vhd                                              ;         ;
; ../vhd/rx_cu.vhd                                                    ; yes             ; User VHDL File  ; /home/wackoz/github/SDI_20_21/labsRR/UART/rx/vhd/rx_cu.vhd                                              ;         ;
; ../vhd/rx.vhd                                                       ; yes             ; User VHDL File  ; /home/wackoz/github/SDI_20_21/labsRR/UART/rx/vhd/rx.vhd                                                 ;         ;
+---------------------------------------------------------------------+-----------------+-----------------+---------------------------------------------------------------------------------------------------------+---------+


+-----------------------------------------------------------+
; Analysis & Synthesis Resource Usage Summary               ;
+---------------------------------------------+-------------+
; Resource                                    ; Usage       ;
+---------------------------------------------+-------------+
; Estimate of Logic utilization (ALMs needed) ; 34          ;
;                                             ;             ;
; Combinational ALUT usage for logic          ; 61          ;
;     -- 7 input functions                    ; 0           ;
;     -- 6 input functions                    ; 7           ;
;     -- 5 input functions                    ; 9           ;
;     -- 4 input functions                    ; 9           ;
;     -- <=3 input functions                  ; 36          ;
;                                             ;             ;
; Dedicated logic registers                   ; 32          ;
;                                             ;             ;
; I/O pins                                    ; 11          ;
;                                             ;             ;
; Total DSP Blocks                            ; 0           ;
;                                             ;             ;
; Maximum fan-out node                        ; clock~input ;
; Maximum fan-out                             ; 32          ;
; Total fan-out                               ; 324         ;
; Average fan-out                             ; 2.82        ;
+---------------------------------------------+-------------+


+--------------------------------------------------------------------------------------------------------------------------------------------------------------------------------------------------------------------------------------------------------+
; Analysis & Synthesis Resource Utilization by Entity                                                                                                                                                                                                    ;
+-----------------------------------------------+---------------------+---------------------------+-------------------+------------+------+--------------+----------------------------------------------------------+---------------------+--------------+
; Compilation Hierarchy Node                    ; Combinational ALUTs ; Dedicated Logic Registers ; Block Memory Bits ; DSP Blocks ; Pins ; Virtual Pins ; Full Hierarchy Name                                      ; Entity Name         ; Library Name ;
+-----------------------------------------------+---------------------+---------------------------+-------------------+------------+------+--------------+----------------------------------------------------------+---------------------+--------------+
; |rx                                           ; 61 (0)              ; 32 (0)                    ; 0                 ; 0          ; 11   ; 0            ; |rx                                                      ; rx                  ; work         ;
;    |rx_cu:control_unit|                       ; 26 (26)             ; 6 (6)                     ; 0                 ; 0          ; 0    ; 0            ; |rx|rx_cu:control_unit                                   ; rx_cu               ; work         ;
;    |rx_dp:datapath|                           ; 35 (2)              ; 26 (0)                    ; 0                 ; 0          ; 0    ; 0            ; |rx|rx_dp:datapath                                       ; rx_dp               ; work         ;
;       |counter_nbit:counter_shift|            ; 11 (11)             ; 8 (8)                     ; 0                 ; 0          ; 0    ; 0            ; |rx|rx_dp:datapath|counter_nbit:counter_shift            ; counter_nbit        ; work         ;
;       |shift_register_8bit:shift_reg_data|    ; 9 (9)               ; 8 (8)                     ; 0                 ; 0          ; 0    ; 0            ; |rx|rx_dp:datapath|shift_register_8bit:shift_reg_data    ; shift_register_8bit ; work         ;
;       |shift_register_8bit:shift_reg_samples| ; 9 (9)               ; 8 (8)                     ; 0                 ; 0          ; 0    ; 0            ; |rx|rx_dp:datapath|shift_register_8bit:shift_reg_samples ; shift_register_8bit ; work         ;
;       |start_detector:start_det|              ; 2 (2)               ; 1 (1)                     ; 0                 ; 0          ; 0    ; 0            ; |rx|rx_dp:datapath|start_detector:start_det              ; start_detector      ; work         ;
;       |stop_detector:stop_det|                ; 2 (2)               ; 1 (1)                     ; 0                 ; 0          ; 0    ; 0            ; |rx|rx_dp:datapath|stop_detector:stop_det                ; stop_detector       ; work         ;
+-----------------------------------------------+---------------------+---------------------------+-------------------+------------+------+--------------+----------------------------------------------------------+---------------------+--------------+
Note: For table entries with two numbers listed, the numbers in parentheses indicate the number of resources of the given type used by the specific entity alone. The numbers listed outside of parentheses indicate the total resources of the given type used by the specific entity and all of its sub-entities in the hierarchy.


Encoding Type:  One-Hot
+--------------------------------------------------------------------------------------------------------------------------------------------------------------------------------------------------------------------------+
; State Machine - |rx|rx_cu:control_unit|present_state                                                                                                                                                                     ;
+-------------------------+-----------------------+-----------------------+-----------------------+-------------------------+-------------------------+-----------------------+--------------------+-----------------------+
; Name                    ; present_state.error_s ; present_state.res_cnt ; present_state.stop_on ; present_state.start_off ; present_state.sh_sample ; present_state.sh_data ; present_state.idle ; present_state.reset_s ;
+-------------------------+-----------------------+-----------------------+-----------------------+-------------------------+-------------------------+-----------------------+--------------------+-----------------------+
; present_state.reset_s   ; 0                     ; 0                     ; 0                     ; 0                       ; 0                       ; 0                     ; 0                  ; 0                     ;
; present_state.idle      ; 0                     ; 0                     ; 0                     ; 0                       ; 0                       ; 0                     ; 1                  ; 1                     ;
; present_state.sh_data   ; 0                     ; 0                     ; 0                     ; 0                       ; 0                       ; 1                     ; 0                  ; 1                     ;
; present_state.sh_sample ; 0                     ; 0                     ; 0                     ; 0                       ; 1                       ; 0                     ; 0                  ; 1                     ;
; present_state.start_off ; 0                     ; 0                     ; 0                     ; 1                       ; 0                       ; 0                     ; 0                  ; 1                     ;
; present_state.stop_on   ; 0                     ; 0                     ; 1                     ; 0                       ; 0                       ; 0                     ; 0                  ; 1                     ;
; present_state.res_cnt   ; 0                     ; 1                     ; 0                     ; 0                       ; 0                       ; 0                     ; 0                  ; 1                     ;
; present_state.error_s   ; 1                     ; 0                     ; 0                     ; 0                       ; 0                       ; 0                     ; 0                  ; 1                     ;
+-------------------------+-----------------------+-----------------------+-----------------------+-------------------------+-------------------------+-----------------------+--------------------+-----------------------+


+---------------------------------------------------------------------------------------------------------------------+
; User-Specified and Inferred Latches                                                                                 ;
+----------------------------------------------------+---------------------------------------+------------------------+
; Latch Name                                         ; Latch Enable Signal                   ; Free of Timing Hazards ;
+----------------------------------------------------+---------------------------------------+------------------------+
; rx_cu:control_unit|next_state.sh_data_248          ; rx_cu:control_unit|next_state.error_s ; yes                    ;
; rx_cu:control_unit|start_en_tmp                    ; rx_cu:control_unit|WideOr3            ; yes                    ;
; rx_cu:control_unit|next_state.idle_278             ; rx_cu:control_unit|Selector5          ; yes                    ;
; rx_cu:control_unit|next_state.reset_s_263          ; rx_cu:control_unit|Selector5          ; yes                    ;
; rx_cu:control_unit|next_state.start_off_226        ; rx_cu:control_unit|start_en_tmp       ; yes                    ;
; rx_cu:control_unit|next_state.res_cnt_200          ; rx_cu:control_unit|next_state.error_s ; yes                    ;
; rx_cu:control_unit|next_state.sh_sample_237        ; rx_cu:control_unit|next_state.error_s ; yes                    ;
; Number of user-specified and inferred latches = 7  ;                                       ;                        ;
+----------------------------------------------------+---------------------------------------+------------------------+
Note: All latches listed above may not be present at the end of synthesis due to various synthesis optimizations.


+-----------------------------------------------------------------------------------------------------+
; Registers Removed During Synthesis                                                                  ;
+-------------------------------------------------------+---------------------------------------------+
; Register name                                         ; Reason for Removal                          ;
+-------------------------------------------------------+---------------------------------------------+
; rx_dp:datapath|counter_nbit:counter_rxfull|data[0..2] ; Stuck at GND due to stuck port data_in      ;
; rx_dp:datapath|voter_3bit:voter|vote                  ; Stuck at GND due to stuck port clock_enable ;
; rx_cu:control_unit|present_state.stop_on              ; Lost fanout                                 ;
; rx_cu:control_unit|present_state.error_s              ; Lost fanout                                 ;
; Total Number of Removed Registers = 6                 ;                                             ;
+-------------------------------------------------------+---------------------------------------------+


+------------------------------------------------------+
; General Register Statistics                          ;
+----------------------------------------------+-------+
; Statistic                                    ; Value ;
+----------------------------------------------+-------+
; Total registers                              ; 32    ;
; Number of registers using Synchronous Clear  ; 8     ;
; Number of registers using Synchronous Load   ; 0     ;
; Number of registers using Asynchronous Clear ; 8     ;
; Number of registers using Asynchronous Load  ; 0     ;
; Number of registers using Clock Enable       ; 16    ;
; Number of registers using Preset             ; 0     ;
+----------------------------------------------+-------+


+--------------------------------------------------------------------------------------------------------------------------------------------------------------------------------+
; Multiplexer Restructuring Statistics (Restructuring Performed)                                                                                                                 ;
+--------------------+-----------+---------------+----------------------+------------------------+------------+------------------------------------------------------------------+
; Multiplexer Inputs ; Bus Width ; Baseline Area ; Area if Restructured ; Saving if Restructured ; Registered ; Example Multiplexer Output                                       ;
+--------------------+-----------+---------------+----------------------+------------------------+------------+------------------------------------------------------------------+
; 3:1                ; 8 bits    ; 16 LEs        ; 8 LEs                ; 8 LEs                  ; Yes        ; |rx|rx_dp:datapath|shift_register_8bit:shift_reg_data|data[1]    ;
; 3:1                ; 8 bits    ; 16 LEs        ; 8 LEs                ; 8 LEs                  ; Yes        ; |rx|rx_dp:datapath|shift_register_8bit:shift_reg_samples|data[7] ;
; 4:1                ; 8 bits    ; 16 LEs        ; 0 LEs                ; 16 LEs                 ; Yes        ; |rx|rx_dp:datapath|counter_nbit:counter_shift|data[2]            ;
; 4:1                ; 3 bits    ; 6 LEs         ; 0 LEs                ; 6 LEs                  ; Yes        ; |rx|rx_dp:datapath|counter_nbit:counter_rxfull|data[2]           ;
; 3:1                ; 2 bits    ; 4 LEs         ; 4 LEs                ; 0 LEs                  ; No         ; |rx|rx_cu:control_unit|next_state.error_s                        ;
+--------------------+-----------+---------------+----------------------+------------------------+------------+------------------------------------------------------------------+


+----------------------------------------------------------------------------------------+
; Parameter Settings for User Entity Instance: rx_dp:datapath|counter_nbit:counter_shift ;
+----------------+-------+---------------------------------------------------------------+
; Parameter Name ; Value ; Type                                                          ;
+----------------+-------+---------------------------------------------------------------+
; n              ; 8     ; Signed Integer                                                ;
+----------------+-------+---------------------------------------------------------------+
Note: In order to hide this table in the UI and the text report file, please set the "Show Parameter Settings in Synthesis Report" option in "Analysis and Synthesis Settings -> More Settings" to "Off".


+-----------------------------------------------------------------------------------------+
; Parameter Settings for User Entity Instance: rx_dp:datapath|counter_nbit:counter_rxfull ;
+----------------+-------+----------------------------------------------------------------+
; Parameter Name ; Value ; Type                                                           ;
+----------------+-------+----------------------------------------------------------------+
; n              ; 3     ; Signed Integer                                                 ;
+----------------+-------+----------------------------------------------------------------+
Note: In order to hide this table in the UI and the text report file, please set the "Show Parameter Settings in Synthesis Report" option in "Analysis and Synthesis Settings -> More Settings" to "Off".


+---------------------------------------------------------------------------------------------------------------------------+
; Port Connectivity Checks: "rx_cu:control_unit"                                                                            ;
+-----------------+--------+----------+-------------------------------------------------------------------------------------+
; Port            ; Type   ; Severity ; Details                                                                             ;
+-----------------+--------+----------+-------------------------------------------------------------------------------------+
; flag_error      ; Output ; Info     ; Connected to dangling logic. Logic that only feeds a dangling port will be removed. ;
; count_en_rxfull ; Output ; Info     ; Connected to dangling logic. Logic that only feeds a dangling port will be removed. ;
+-----------------+--------+----------+-------------------------------------------------------------------------------------+


+----------------------------------------------------------------------------------------------------------------+
; Port Connectivity Checks: "rx_dp:datapath|counter_nbit:counter_rxfull"                                         ;
+------+--------+----------+-------------------------------------------------------------------------------------+
; Port ; Type   ; Severity ; Details                                                                             ;
+------+--------+----------+-------------------------------------------------------------------------------------+
; tc   ; Input  ; Info     ; Stuck at VCC                                                                        ;
; q    ; Output ; Info     ; Connected to dangling logic. Logic that only feeds a dangling port will be removed. ;
+------+--------+----------+-------------------------------------------------------------------------------------+


+-----------------------------------------------------------------------------------------------------------------+
; Port Connectivity Checks: "rx_dp:datapath|shift_register_8bit:shift_reg_data"                                   ;
+-------+--------+----------+-------------------------------------------------------------------------------------+
; Port  ; Type   ; Severity ; Details                                                                             ;
+-------+--------+----------+-------------------------------------------------------------------------------------+
; s_out ; Output ; Info     ; Connected to dangling logic. Logic that only feeds a dangling port will be removed. ;
; p_in  ; Input  ; Info     ; Stuck at VCC                                                                        ;
+-------+--------+----------+-------------------------------------------------------------------------------------+


+-----------------------------------------------------------------------+
; Port Connectivity Checks: "rx_dp:datapath|counter_nbit:counter_shift" ;
+----------+-------+----------+-----------------------------------------+
; Port     ; Type  ; Severity ; Details                                 ;
+----------+-------+----------+-----------------------------------------+
; tc[6..2] ; Input ; Info     ; Stuck at GND                            ;
; tc[7]    ; Input ; Info     ; Stuck at VCC                            ;
; tc[1]    ; Input ; Info     ; Stuck at VCC                            ;
; tc[0]    ; Input ; Info     ; Stuck at GND                            ;
+----------+-------+----------+-----------------------------------------+


+-----------------------------------------------------------------------------------------------------------------+
; Port Connectivity Checks: "rx_dp:datapath|shift_register_8bit:shift_reg_samples"                                ;
+-------+--------+----------+-------------------------------------------------------------------------------------+
; Port  ; Type   ; Severity ; Details                                                                             ;
+-------+--------+----------+-------------------------------------------------------------------------------------+
; s_out ; Output ; Info     ; Connected to dangling logic. Logic that only feeds a dangling port will be removed. ;
; p_in  ; Input  ; Info     ; Stuck at VCC                                                                        ;
+-------+--------+----------+-------------------------------------------------------------------------------------+


+-----------------------------------------------------+
; Post-Synthesis Netlist Statistics for Top Partition ;
+-----------------------+-----------------------------+
; Type                  ; Count                       ;
+-----------------------+-----------------------------+
; arriav_ff             ; 32                          ;
;     CLR               ; 8                           ;
;     ENA               ; 16                          ;
;     SCLR              ; 8                           ;
; arriav_lcell_comb     ; 61                          ;
;     arith             ; 8                           ;
;         1 data inputs ; 8                           ;
;     normal            ; 53                          ;
;         1 data inputs ; 2                           ;
;         2 data inputs ; 9                           ;
;         3 data inputs ; 17                          ;
;         4 data inputs ; 9                           ;
;         5 data inputs ; 9                           ;
;         6 data inputs ; 7                           ;
; boundary_port         ; 11                          ;
;                       ;                             ;
; Max LUT depth         ; 4.00                        ;
; Average LUT depth     ; 2.02                        ;
+-----------------------+-----------------------------+


+-------------------------------+
; Elapsed Time Per Partition    ;
+----------------+--------------+
; Partition Name ; Elapsed Time ;
+----------------+--------------+
; Top            ; 00:00:00     ;
+----------------+--------------+


+-------------------------------+
; Analysis & Synthesis Messages ;
+-------------------------------+
Info: *******************************************************************
Info: Running Quartus Prime Analysis & Synthesis
    Info: Version 20.1.0 Build 711 06/05/2020 SJ Lite Edition
    Info: Processing started: Fri Dec 18 00:21:39 2020
Info: Command: quartus_map --read_settings_files=on --write_settings_files=off rx -c rx
Warning (18236): Number of processors has not been specified which may cause overloading on shared machines.  Set the global assignment NUM_PARALLEL_PROCESSORS in your QSF to an appropriate value for best performance.
Info (20030): Parallel compilation is enabled and will use 4 of the 4 processors detected
Info (12021): Found 2 design units, including 1 entities, in source file /home/wackoz/github/SDI_20_21/labsRR/UART/general_components/shift_register/vhd/shift_register_8bit.vhd
    Info (12022): Found design unit 1: shift_register_8bit-arch File: /home/wackoz/github/SDI_20_21/labsRR/UART/general_components/shift_register/vhd/shift_register_8bit.vhd Line: 42
    Info (12023): Found entity 1: shift_register_8bit File: /home/wackoz/github/SDI_20_21/labsRR/UART/general_components/shift_register/vhd/shift_register_8bit.vhd Line: 27
Info (12021): Found 2 design units, including 1 entities, in source file /home/wackoz/github/SDI_20_21/labsRR/UART/general_components/counter/counter_nbit.vhd
    Info (12022): Found design unit 1: counter_nbit-arch File: /home/wackoz/github/SDI_20_21/labsRR/UART/general_components/counter/counter_nbit.vhd Line: 47
    Info (12023): Found entity 1: counter_nbit File: /home/wackoz/github/SDI_20_21/labsRR/UART/general_components/counter/counter_nbit.vhd Line: 29
Info (12021): Found 2 design units, including 1 entities, in source file /home/wackoz/github/SDI_20_21/labsRR/UART/rx/components/voter/voter_3bit.vhd
    Info (12022): Found design unit 1: voter_3bit-arch File: /home/wackoz/github/SDI_20_21/labsRR/UART/rx/components/voter/voter_3bit.vhd Line: 36
    Info (12023): Found entity 1: voter_3bit File: /home/wackoz/github/SDI_20_21/labsRR/UART/rx/components/voter/voter_3bit.vhd Line: 26
Info (12021): Found 2 design units, including 1 entities, in source file /home/wackoz/github/SDI_20_21/labsRR/UART/rx/components/stop_det/stop_detector.vhd
    Info (12022): Found design unit 1: stop_detector-arch File: /home/wackoz/github/SDI_20_21/labsRR/UART/rx/components/stop_det/stop_detector.vhd Line: 36
    Info (12023): Found entity 1: stop_detector File: /home/wackoz/github/SDI_20_21/labsRR/UART/rx/components/stop_det/stop_detector.vhd Line: 26
Info (12021): Found 2 design units, including 1 entities, in source file /home/wackoz/github/SDI_20_21/labsRR/UART/rx/components/start_det/start_detector.vhd
    Info (12022): Found design unit 1: start_detector-arch File: /home/wackoz/github/SDI_20_21/labsRR/UART/rx/components/start_det/start_detector.vhd Line: 36
    Info (12023): Found entity 1: start_detector File: /home/wackoz/github/SDI_20_21/labsRR/UART/rx/components/start_det/start_detector.vhd Line: 25
Info (12021): Found 2 design units, including 1 entities, in source file /home/wackoz/github/SDI_20_21/labsRR/UART/rx/vhd/rx_dp.vhd
    Info (12022): Found design unit 1: rx_dp-str File: /home/wackoz/github/SDI_20_21/labsRR/UART/rx/vhd/rx_dp.vhd Line: 55
    Info (12023): Found entity 1: rx_dp File: /home/wackoz/github/SDI_20_21/labsRR/UART/rx/vhd/rx_dp.vhd Line: 28
Info (12021): Found 2 design units, including 1 entities, in source file /home/wackoz/github/SDI_20_21/labsRR/UART/rx/vhd/rx_cu.vhd
    Info (12022): Found design unit 1: rx_cu-str File: /home/wackoz/github/SDI_20_21/labsRR/UART/rx/vhd/rx_cu.vhd Line: 55
    Info (12023): Found entity 1: rx_cu File: /home/wackoz/github/SDI_20_21/labsRR/UART/rx/vhd/rx_cu.vhd Line: 29
Info (12021): Found 2 design units, including 1 entities, in source file /home/wackoz/github/SDI_20_21/labsRR/UART/rx/vhd/rx.vhd
    Info (12022): Found design unit 1: rx-str File: /home/wackoz/github/SDI_20_21/labsRR/UART/rx/vhd/rx.vhd Line: 40
    Info (12023): Found entity 1: rx File: /home/wackoz/github/SDI_20_21/labsRR/UART/rx/vhd/rx.vhd Line: 28
Info (12127): Elaborating entity "rx" for the top level hierarchy
Warning (10036): Verilog HDL or VHDL warning at rx.vhd(47): object "flag_error" assigned a value but never read File: /home/wackoz/github/SDI_20_21/labsRR/UART/rx/vhd/rx.vhd Line: 47
Warning (10541): VHDL Signal Declaration warning at rx.vhd(52): used implicit default value for signal "voter_en" because signal was never assigned a value or an explicit default value. Use of implicit default value may introduce unintended design optimizations. File: /home/wackoz/github/SDI_20_21/labsRR/UART/rx/vhd/rx.vhd Line: 52
Warning (10541): VHDL Signal Declaration warning at rx.vhd(60): used implicit default value for signal "count_en_rxfull" because signal was never assigned a value or an explicit default value. Use of implicit default value may introduce unintended design optimizations. File: /home/wackoz/github/SDI_20_21/labsRR/UART/rx/vhd/rx.vhd Line: 60
Info (12128): Elaborating entity "rx_dp" for hierarchy "rx_dp:datapath" File: /home/wackoz/github/SDI_20_21/labsRR/UART/rx/vhd/rx.vhd Line: 118
Warning (10540): VHDL Signal Declaration warning at rx_dp.vhd(60): used explicit default value for signal "SL" because signal was never assigned a value File: /home/wackoz/github/SDI_20_21/labsRR/UART/rx/vhd/rx_dp.vhd Line: 60
Warning (10541): VHDL Signal Declaration warning at rx_dp.vhd(62): used implicit default value for signal "d_c_shift" because signal was never assigned a value or an explicit default value. Use of implicit default value may introduce unintended design optimizations. File: /home/wackoz/github/SDI_20_21/labsRR/UART/rx/vhd/rx_dp.vhd Line: 62
Warning (10541): VHDL Signal Declaration warning at rx_dp.vhd(63): used implicit default value for signal "d_c_rxfull" because signal was never assigned a value or an explicit default value. Use of implicit default value may introduce unintended design optimizations. File: /home/wackoz/github/SDI_20_21/labsRR/UART/rx/vhd/rx_dp.vhd Line: 63
Warning (10036): Verilog HDL or VHDL warning at rx_dp.vhd(65): object "q_c_rxfull" assigned a value but never read File: /home/wackoz/github/SDI_20_21/labsRR/UART/rx/vhd/rx_dp.vhd Line: 65
Warning (10541): VHDL Signal Declaration warning at rx_dp.vhd(66): used implicit default value for signal "ld" because signal was never assigned a value or an explicit default value. Use of implicit default value may introduce unintended design optimizations. File: /home/wackoz/github/SDI_20_21/labsRR/UART/rx/vhd/rx_dp.vhd Line: 66
Warning (10036): Verilog HDL or VHDL warning at rx_dp.vhd(68): object "s_out" assigned a value but never read File: /home/wackoz/github/SDI_20_21/labsRR/UART/rx/vhd/rx_dp.vhd Line: 68
Info (12128): Elaborating entity "voter_3bit" for hierarchy "rx_dp:datapath|voter_3bit:voter" File: /home/wackoz/github/SDI_20_21/labsRR/UART/rx/vhd/rx_dp.vhd Line: 139
Info (12128): Elaborating entity "start_detector" for hierarchy "rx_dp:datapath|start_detector:start_det" File: /home/wackoz/github/SDI_20_21/labsRR/UART/rx/vhd/rx_dp.vhd Line: 148
Info (12128): Elaborating entity "stop_detector" for hierarchy "rx_dp:datapath|stop_detector:stop_det" File: /home/wackoz/github/SDI_20_21/labsRR/UART/rx/vhd/rx_dp.vhd Line: 158
Info (12128): Elaborating entity "shift_register_8bit" for hierarchy "rx_dp:datapath|shift_register_8bit:shift_reg_samples" File: /home/wackoz/github/SDI_20_21/labsRR/UART/rx/vhd/rx_dp.vhd Line: 167
Info (12128): Elaborating entity "counter_nbit" for hierarchy "rx_dp:datapath|counter_nbit:counter_shift" File: /home/wackoz/github/SDI_20_21/labsRR/UART/rx/vhd/rx_dp.vhd Line: 179
Info (12128): Elaborating entity "counter_nbit" for hierarchy "rx_dp:datapath|counter_nbit:counter_rxfull" File: /home/wackoz/github/SDI_20_21/labsRR/UART/rx/vhd/rx_dp.vhd Line: 204
Info (12128): Elaborating entity "rx_cu" for hierarchy "rx_cu:control_unit" File: /home/wackoz/github/SDI_20_21/labsRR/UART/rx/vhd/rx.vhd Line: 142
Warning (10631): VHDL Process Statement warning at rx_cu.vhd(76): inferring latch(es) for signal or variable "next_state", which holds its previous value in one or more paths through the process File: /home/wackoz/github/SDI_20_21/labsRR/UART/rx/vhd/rx_cu.vhd Line: 76
Warning (10631): VHDL Process Statement warning at rx_cu.vhd(140): inferring latch(es) for signal or variable "start_en_tmp", which holds its previous value in one or more paths through the process File: /home/wackoz/github/SDI_20_21/labsRR/UART/rx/vhd/rx_cu.vhd Line: 140
Warning (10631): VHDL Process Statement warning at rx_cu.vhd(140): inferring latch(es) for signal or variable "stop_en_tmp", which holds its previous value in one or more paths through the process File: /home/wackoz/github/SDI_20_21/labsRR/UART/rx/vhd/rx_cu.vhd Line: 140
Info (10041): Inferred latch for "stop_en_tmp" at rx_cu.vhd(140) File: /home/wackoz/github/SDI_20_21/labsRR/UART/rx/vhd/rx_cu.vhd Line: 140
Info (10041): Inferred latch for "start_en_tmp" at rx_cu.vhd(140) File: /home/wackoz/github/SDI_20_21/labsRR/UART/rx/vhd/rx_cu.vhd Line: 140
Info (10041): Inferred latch for "next_state.error_s" at rx_cu.vhd(76) File: /home/wackoz/github/SDI_20_21/labsRR/UART/rx/vhd/rx_cu.vhd Line: 76
Info (10041): Inferred latch for "next_state.res_cnt" at rx_cu.vhd(76) File: /home/wackoz/github/SDI_20_21/labsRR/UART/rx/vhd/rx_cu.vhd Line: 76
Info (10041): Inferred latch for "next_state.stop_on" at rx_cu.vhd(76) File: /home/wackoz/github/SDI_20_21/labsRR/UART/rx/vhd/rx_cu.vhd Line: 76
Info (10041): Inferred latch for "next_state.start_off" at rx_cu.vhd(76) File: /home/wackoz/github/SDI_20_21/labsRR/UART/rx/vhd/rx_cu.vhd Line: 76
Info (10041): Inferred latch for "next_state.sh_sample" at rx_cu.vhd(76) File: /home/wackoz/github/SDI_20_21/labsRR/UART/rx/vhd/rx_cu.vhd Line: 76
Info (10041): Inferred latch for "next_state.sh_data" at rx_cu.vhd(76) File: /home/wackoz/github/SDI_20_21/labsRR/UART/rx/vhd/rx_cu.vhd Line: 76
Info (10041): Inferred latch for "next_state.reset_s" at rx_cu.vhd(76) File: /home/wackoz/github/SDI_20_21/labsRR/UART/rx/vhd/rx_cu.vhd Line: 76
Info (10041): Inferred latch for "next_state.idle" at rx_cu.vhd(76) File: /home/wackoz/github/SDI_20_21/labsRR/UART/rx/vhd/rx_cu.vhd Line: 76
Warning (13012): Latch rx_cu:control_unit|next_state.sh_data_248 has unsafe behavior File: /home/wackoz/github/SDI_20_21/labsRR/UART/rx/vhd/rx_cu.vhd Line: 76
    Warning (13013): Ports D and ENA on the latch are fed by the same signal rx_dp:datapath|counter_nbit:counter_shift|data[2] File: /home/wackoz/github/SDI_20_21/labsRR/UART/general_components/counter/counter_nbit.vhd Line: 53
Warning (13012): Latch rx_cu:control_unit|start_en_tmp has unsafe behavior File: /home/wackoz/github/SDI_20_21/labsRR/UART/rx/vhd/rx_cu.vhd Line: 140
    Warning (13013): Ports D and ENA on the latch are fed by the same signal rx_cu:control_unit|present_state.start_off File: /home/wackoz/github/SDI_20_21/labsRR/UART/rx/vhd/rx_cu.vhd Line: 63
Warning (13012): Latch rx_cu:control_unit|next_state.idle_278 has unsafe behavior File: /home/wackoz/github/SDI_20_21/labsRR/UART/rx/vhd/rx_cu.vhd Line: 76
    Warning (13013): Ports D and ENA on the latch are fed by the same signal rx_cu:control_unit|present_state.idle File: /home/wackoz/github/SDI_20_21/labsRR/UART/rx/vhd/rx_cu.vhd Line: 63
Warning (13012): Latch rx_cu:control_unit|next_state.reset_s_263 has unsafe behavior File: /home/wackoz/github/SDI_20_21/labsRR/UART/rx/vhd/rx_cu.vhd Line: 76
    Warning (13013): Ports D and ENA on the latch are fed by the same signal rx_cu:control_unit|present_state.idle File: /home/wackoz/github/SDI_20_21/labsRR/UART/rx/vhd/rx_cu.vhd Line: 63
Warning (13012): Latch rx_cu:control_unit|next_state.res_cnt_200 has unsafe behavior File: /home/wackoz/github/SDI_20_21/labsRR/UART/rx/vhd/rx_cu.vhd Line: 76
    Warning (13013): Ports D and ENA on the latch are fed by the same signal rx_dp:datapath|counter_nbit:counter_shift|data[2] File: /home/wackoz/github/SDI_20_21/labsRR/UART/general_components/counter/counter_nbit.vhd Line: 53
    Warning (13013): Ports ENA and CLR on the latch are fed by the same signal rx_dp:datapath|counter_nbit:counter_shift|data[2] File: /home/wackoz/github/SDI_20_21/labsRR/UART/general_components/counter/counter_nbit.vhd Line: 53
Warning (13012): Latch rx_cu:control_unit|next_state.sh_sample_237 has unsafe behavior File: /home/wackoz/github/SDI_20_21/labsRR/UART/rx/vhd/rx_cu.vhd Line: 76
    Warning (13013): Ports D and ENA on the latch are fed by the same signal rx_dp:datapath|counter_nbit:counter_shift|data[2] File: /home/wackoz/github/SDI_20_21/labsRR/UART/general_components/counter/counter_nbit.vhd Line: 53
    Warning (13013): Ports ENA and PRE on the latch are fed by the same signal rx_dp:datapath|counter_nbit:counter_shift|data[2] File: /home/wackoz/github/SDI_20_21/labsRR/UART/general_components/counter/counter_nbit.vhd Line: 53
Info (286030): Timing-Driven Synthesis is running
Info (17049): 2 registers lost all their fanouts during netlist optimizations.
Info (16010): Generating hard_block partition "hard_block:auto_generated_inst"
    Info (16011): Adding 0 node(s), including 0 DDIO, 0 PLL, 0 transceiver and 0 LCELL
Info (21057): Implemented 77 device resources after synthesis - the final resource count might be different
    Info (21058): Implemented 3 input pins
    Info (21059): Implemented 8 output pins
    Info (21061): Implemented 66 logic cells
Info: Quartus Prime Analysis & Synthesis was successful. 0 errors, 27 warnings
    Info: Peak virtual memory: 506 megabytes
    Info: Processing ended: Fri Dec 18 00:21:46 2020
    Info: Elapsed time: 00:00:07
    Info: Total CPU time (on all processors): 00:00:18


