Analysis & Synthesis report for bus_interfaceDP
Sat Jan 02 22:03:03 2021
Quartus Prime Version 20.1.1 Build 720 11/11/2020 SJ Lite Edition


---------------------
; Table of Contents ;
---------------------
  1. Legal Notice
  2. Analysis & Synthesis Summary
  3. Analysis & Synthesis Settings
  4. Parallel Compilation
  5. Analysis & Synthesis Source Files Read
  6. Analysis & Synthesis Resource Usage Summary
  7. Analysis & Synthesis Resource Utilization by Entity
  8. State Machine - |BUS_INTERFACE|ControlUnit_bus:CONTROLUNIT|present_state
  9. General Register Statistics
 10. Parameter Settings for User Entity Instance: bus_interfaceDP:DATAPATH|bus_reg:reg_TX_Data
 11. Parameter Settings for User Entity Instance: bus_interfaceDP:DATAPATH|bus_reg:reg_CTRL
 12. Parameter Settings for User Entity Instance: bus_interfaceDP:DATAPATH|bus_reg:reg_Rx_Data
 13. Port Connectivity Checks: "bus_interfaceDP:DATAPATH|bus_reg:reg_CTRL"
 14. Port Connectivity Checks: "bus_interfaceDP:DATAPATH|mux_2_to_1:mux"
 15. Post-Synthesis Netlist Statistics for Top Partition
 16. Elapsed Time Per Partition
 17. Analysis & Synthesis Messages



----------------
; Legal Notice ;
----------------
Copyright (C) 2020  Intel Corporation. All rights reserved.
Your use of Intel Corporation's design tools, logic functions 
and other software and tools, and any partner logic 
functions, and any output files from any of the foregoing 
(including device programming or simulation files), and any 
associated documentation or information are expressly subject 
to the terms and conditions of the Intel Program License 
Subscription Agreement, the Intel Quartus Prime License Agreement,
the Intel FPGA IP License Agreement, or other applicable license
agreement, including, without limitation, that your use is for
the sole purpose of programming logic devices manufactured by
Intel and sold by Intel or its authorized distributors.  Please
refer to the applicable agreement for further details, at
https://fpgasoftware.intel.com/eula.



+----------------------------------------------------------------------------------+
; Analysis & Synthesis Summary                                                     ;
+------------------------------------+---------------------------------------------+
; Analysis & Synthesis Status        ; Successful - Sat Jan 02 22:03:03 2021       ;
; Quartus Prime Version              ; 20.1.1 Build 720 11/11/2020 SJ Lite Edition ;
; Revision Name                      ; bus_interfaceDP                             ;
; Top-level Entity Name              ; BUS_INTERFACE                               ;
; Family                             ; Cyclone 10 LP                               ;
; Total logic elements               ; 48                                          ;
;     Total combinational functions  ; 28                                          ;
;     Dedicated logic registers      ; 29                                          ;
; Total registers                    ; 29                                          ;
; Total pins                         ; 47                                          ;
; Total virtual pins                 ; 0                                           ;
; Total memory bits                  ; 0                                           ;
; Embedded Multiplier 9-bit elements ; 0                                           ;
; Total PLLs                         ; 0                                           ;
+------------------------------------+---------------------------------------------+


+------------------------------------------------------------------------------------------------------------+
; Analysis & Synthesis Settings                                                                              ;
+------------------------------------------------------------------+--------------------+--------------------+
; Option                                                           ; Setting            ; Default Value      ;
+------------------------------------------------------------------+--------------------+--------------------+
; Top-level entity name                                            ; bus_interface      ; bus_interfaceDP    ;
; Family name                                                      ; Cyclone 10 LP      ; Cyclone V          ;
; Use smart compilation                                            ; Off                ; Off                ;
; Enable parallel Assembler and Timing Analyzer during compilation ; On                 ; On                 ;
; Enable compact report table                                      ; Off                ; Off                ;
; Restructure Multiplexers                                         ; Auto               ; Auto               ;
; Create Debugging Nodes for IP Cores                              ; Off                ; Off                ;
; Preserve fewer node names                                        ; On                 ; On                 ;
; Intel FPGA IP Evaluation Mode                                    ; Enable             ; Enable             ;
; Verilog Version                                                  ; Verilog_2001       ; Verilog_2001       ;
; VHDL Version                                                     ; VHDL_1993          ; VHDL_1993          ;
; State Machine Processing                                         ; Auto               ; Auto               ;
; Safe State Machine                                               ; Off                ; Off                ;
; Extract Verilog State Machines                                   ; On                 ; On                 ;
; Extract VHDL State Machines                                      ; On                 ; On                 ;
; Ignore Verilog initial constructs                                ; Off                ; Off                ;
; Iteration limit for constant Verilog loops                       ; 5000               ; 5000               ;
; Iteration limit for non-constant Verilog loops                   ; 250                ; 250                ;
; Add Pass-Through Logic to Inferred RAMs                          ; On                 ; On                 ;
; Infer RAMs from Raw Logic                                        ; On                 ; On                 ;
; Parallel Synthesis                                               ; On                 ; On                 ;
; DSP Block Balancing                                              ; Auto               ; Auto               ;
; NOT Gate Push-Back                                               ; On                 ; On                 ;
; Power-Up Don't Care                                              ; On                 ; On                 ;
; Remove Redundant Logic Cells                                     ; Off                ; Off                ;
; Remove Duplicate Registers                                       ; On                 ; On                 ;
; Ignore CARRY Buffers                                             ; Off                ; Off                ;
; Ignore CASCADE Buffers                                           ; Off                ; Off                ;
; Ignore GLOBAL Buffers                                            ; Off                ; Off                ;
; Ignore ROW GLOBAL Buffers                                        ; Off                ; Off                ;
; Ignore LCELL Buffers                                             ; Off                ; Off                ;
; Ignore SOFT Buffers                                              ; On                 ; On                 ;
; Limit AHDL Integers to 32 Bits                                   ; Off                ; Off                ;
; Optimization Technique                                           ; Balanced           ; Balanced           ;
; Carry Chain Length                                               ; 70                 ; 70                 ;
; Auto Carry Chains                                                ; On                 ; On                 ;
; Auto Open-Drain Pins                                             ; On                 ; On                 ;
; Perform WYSIWYG Primitive Resynthesis                            ; Off                ; Off                ;
; Auto ROM Replacement                                             ; On                 ; On                 ;
; Auto RAM Replacement                                             ; On                 ; On                 ;
; Auto DSP Block Replacement                                       ; On                 ; On                 ;
; Auto Shift Register Replacement                                  ; Auto               ; Auto               ;
; Allow Shift Register Merging across Hierarchies                  ; Auto               ; Auto               ;
; Auto Clock Enable Replacement                                    ; On                 ; On                 ;
; Strict RAM Replacement                                           ; Off                ; Off                ;
; Allow Synchronous Control Signals                                ; On                 ; On                 ;
; Force Use of Synchronous Clear Signals                           ; Off                ; Off                ;
; Auto RAM Block Balancing                                         ; On                 ; On                 ;
; Auto RAM to Logic Cell Conversion                                ; Off                ; Off                ;
; Auto Resource Sharing                                            ; Off                ; Off                ;
; Allow Any RAM Size For Recognition                               ; Off                ; Off                ;
; Allow Any ROM Size For Recognition                               ; Off                ; Off                ;
; Allow Any Shift Register Size For Recognition                    ; Off                ; Off                ;
; Use LogicLock Constraints during Resource Balancing              ; On                 ; On                 ;
; Ignore translate_off and synthesis_off directives                ; Off                ; Off                ;
; Timing-Driven Synthesis                                          ; On                 ; On                 ;
; Report Parameter Settings                                        ; On                 ; On                 ;
; Report Source Assignments                                        ; On                 ; On                 ;
; Report Connectivity Checks                                       ; On                 ; On                 ;
; Ignore Maximum Fan-Out Assignments                               ; Off                ; Off                ;
; Synchronization Register Chain Length                            ; 2                  ; 2                  ;
; Power Optimization During Synthesis                              ; Normal compilation ; Normal compilation ;
; HDL message level                                                ; Level2             ; Level2             ;
; Suppress Register Optimization Related Messages                  ; Off                ; Off                ;
; Number of Removed Registers Reported in Synthesis Report         ; 5000               ; 5000               ;
; Number of Swept Nodes Reported in Synthesis Report               ; 5000               ; 5000               ;
; Number of Inverted Registers Reported in Synthesis Report        ; 100                ; 100                ;
; Clock MUX Protection                                             ; On                 ; On                 ;
; Auto Gated Clock Conversion                                      ; Off                ; Off                ;
; Block Design Naming                                              ; Auto               ; Auto               ;
; SDC constraint protection                                        ; Off                ; Off                ;
; Synthesis Effort                                                 ; Auto               ; Auto               ;
; Shift Register Replacement - Allow Asynchronous Clear Signal     ; On                 ; On                 ;
; Pre-Mapping Resynthesis Optimization                             ; Off                ; Off                ;
; Analysis & Synthesis Message Level                               ; Medium             ; Medium             ;
; Disable Register Merging Across Hierarchies                      ; Auto               ; Auto               ;
; Resource Aware Inference For Block RAM                           ; On                 ; On                 ;
+------------------------------------------------------------------+--------------------+--------------------+


+------------------------------------------+
; Parallel Compilation                     ;
+----------------------------+-------------+
; Processors                 ; Number      ;
+----------------------------+-------------+
; Number detected on machine ; 4           ;
; Maximum allowed            ; 2           ;
;                            ;             ;
; Average used               ; 1.00        ;
; Maximum used               ; 2           ;
;                            ;             ;
; Usage by Processor         ; % Time Used ;
;     Processor 1            ; 100.0%      ;
;     Processor 2            ;   0.0%      ;
+----------------------------+-------------+


+--------------------------------------------------------------------------------------------------------------------------------------------------------------------------------------------------------------------------------------+
; Analysis & Synthesis Source Files Read                                                                                                                                                                                               ;
+----------------------------------+-----------------+-----------------+-----------------------------------------------------------------------------------------------------------------------------------------------------+---------+
; File Name with User-Entered Path ; Used in Netlist ; File Type       ; File Name with Absolute Path                                                                                                                        ; Library ;
+----------------------------------+-----------------+-----------------+-----------------------------------------------------------------------------------------------------------------------------------------------------+---------+
; bus_interface.vhd                ; yes             ; User VHDL File  ; C:/Users/User/Dropbox/Il mio PC (LAPTOP-ALD2IQR5)/Documents/github/SDI_20_21/labsRR/UART/general_components/bus_interface/quartus/bus_interface.vhd ;         ;
; ../bus_interfaceDP.vhd           ; yes             ; User VHDL File  ; C:/Users/User/Dropbox/Il mio PC (LAPTOP-ALD2IQR5)/Documents/github/SDI_20_21/labsRR/UART/general_components/bus_interface/bus_interfaceDP.vhd       ;         ;
; ../MUX2TO1.vhd                   ; yes             ; User VHDL File  ; C:/Users/User/Dropbox/Il mio PC (LAPTOP-ALD2IQR5)/Documents/github/SDI_20_21/labsRR/UART/general_components/bus_interface/MUX2TO1.vhd               ;         ;
; ../CONTROLUNIT_BUS.vhd           ; yes             ; User VHDL File  ; C:/Users/User/Dropbox/Il mio PC (LAPTOP-ALD2IQR5)/Documents/github/SDI_20_21/labsRR/UART/general_components/bus_interface/CONTROLUNIT_BUS.vhd       ;         ;
; ../BUS_REG.vhd                   ; yes             ; User VHDL File  ; C:/Users/User/Dropbox/Il mio PC (LAPTOP-ALD2IQR5)/Documents/github/SDI_20_21/labsRR/UART/general_components/bus_interface/BUS_REG.vhd               ;         ;
+----------------------------------+-----------------+-----------------+-----------------------------------------------------------------------------------------------------------------------------------------------------+---------+


+-----------------------------------------------------------+
; Analysis & Synthesis Resource Usage Summary               ;
+---------------------------------------------+-------------+
; Resource                                    ; Usage       ;
+---------------------------------------------+-------------+
; Estimated Total logic elements              ; 48          ;
;                                             ;             ;
; Total combinational functions               ; 28          ;
; Logic element usage by number of LUT inputs ;             ;
;     -- 4 input functions                    ; 15          ;
;     -- 3 input functions                    ; 5           ;
;     -- <=2 input functions                  ; 8           ;
;                                             ;             ;
; Logic elements by mode                      ;             ;
;     -- normal mode                          ; 28          ;
;     -- arithmetic mode                      ; 0           ;
;                                             ;             ;
; Total registers                             ; 29          ;
;     -- Dedicated logic registers            ; 29          ;
;     -- I/O registers                        ; 0           ;
;                                             ;             ;
; I/O pins                                    ; 47          ;
;                                             ;             ;
; Embedded Multiplier 9-bit elements          ; 0           ;
;                                             ;             ;
; Maximum fan-out node                        ; CLOCK~input ;
; Maximum fan-out                             ; 29          ;
; Total fan-out                               ; 264         ;
; Average fan-out                             ; 1.75        ;
+---------------------------------------------+-------------+


+------------------------------------------------------------------------------------------------------------------------------------------------------------------------------------------------------------------------------------------------------------+
; Analysis & Synthesis Resource Utilization by Entity                                                                                                                                                                                                        ;
+----------------------------------+---------------------+---------------------------+-------------+--------------+---------+-----------+------+--------------+-------------------------------------------------------------+-----------------+--------------+
; Compilation Hierarchy Node       ; Combinational ALUTs ; Dedicated Logic Registers ; Memory Bits ; DSP Elements ; DSP 9x9 ; DSP 18x18 ; Pins ; Virtual Pins ; Full Hierarchy Name                                         ; Entity Name     ; Library Name ;
+----------------------------------+---------------------+---------------------------+-------------+--------------+---------+-----------+------+--------------+-------------------------------------------------------------+-----------------+--------------+
; |BUS_INTERFACE                   ; 28 (0)              ; 29 (0)                    ; 0           ; 0            ; 0       ; 0         ; 47   ; 0            ; |BUS_INTERFACE                                              ; BUS_INTERFACE   ; work         ;
;    |ControlUnit_bus:CONTROLUNIT| ; 18 (18)             ; 7 (7)                     ; 0           ; 0            ; 0       ; 0         ; 0    ; 0            ; |BUS_INTERFACE|ControlUnit_bus:CONTROLUNIT                  ; ControlUnit_bus ; work         ;
;    |bus_interfaceDP:DATAPATH|    ; 10 (2)              ; 22 (3)                    ; 0           ; 0            ; 0       ; 0         ; 0    ; 0            ; |BUS_INTERFACE|bus_interfaceDP:DATAPATH                     ; bus_interfaceDP ; work         ;
;       |bus_reg:reg_CTRL|         ; 0 (0)               ; 3 (3)                     ; 0           ; 0            ; 0       ; 0         ; 0    ; 0            ; |BUS_INTERFACE|bus_interfaceDP:DATAPATH|bus_reg:reg_CTRL    ; bus_reg         ; work         ;
;       |bus_reg:reg_Rx_Data|      ; 0 (0)               ; 8 (8)                     ; 0           ; 0            ; 0       ; 0         ; 0    ; 0            ; |BUS_INTERFACE|bus_interfaceDP:DATAPATH|bus_reg:reg_Rx_Data ; bus_reg         ; work         ;
;       |bus_reg:reg_TX_Data|      ; 0 (0)               ; 8 (8)                     ; 0           ; 0            ; 0       ; 0         ; 0    ; 0            ; |BUS_INTERFACE|bus_interfaceDP:DATAPATH|bus_reg:reg_TX_Data ; bus_reg         ; work         ;
;       |mux_2_to_1:mux|           ; 8 (8)               ; 0 (0)                     ; 0           ; 0            ; 0       ; 0         ; 0    ; 0            ; |BUS_INTERFACE|bus_interfaceDP:DATAPATH|mux_2_to_1:mux      ; mux_2_to_1      ; work         ;
+----------------------------------+---------------------+---------------------------+-------------+--------------+---------+-----------+------+--------------+-------------------------------------------------------------+-----------------+--------------+
Note: For table entries with two numbers listed, the numbers in parentheses indicate the number of resources of the given type used by the specific entity alone. The numbers listed outside of parentheses indicate the total resources of the given type used by the specific entity and all of its sub-entities in the hierarchy.


Encoding Type:  One-Hot
+-------------------------------------------------------------------------------------------------------------------------------------------------------------------------------------------------------------------------+
; State Machine - |BUS_INTERFACE|ControlUnit_bus:CONTROLUNIT|present_state                                                                                                                                                ;
+----------------------------+----------------------------+--------------------------+---------------------------+----------------------------+---------------------------+--------------------------+--------------------+
; Name                       ; present_state.ATNack_STATE ; present_state.NEXT_STATE ; present_state.READ_RXdata ; present_state.WRITE_TXdata ; present_state.READ_STATUS ; present_state.WRITE_CTRL ; present_state.IDLE ;
+----------------------------+----------------------------+--------------------------+---------------------------+----------------------------+---------------------------+--------------------------+--------------------+
; present_state.IDLE         ; 0                          ; 0                        ; 0                         ; 0                          ; 0                         ; 0                        ; 0                  ;
; present_state.WRITE_CTRL   ; 0                          ; 0                        ; 0                         ; 0                          ; 0                         ; 1                        ; 1                  ;
; present_state.READ_STATUS  ; 0                          ; 0                        ; 0                         ; 0                          ; 1                         ; 0                        ; 1                  ;
; present_state.WRITE_TXdata ; 0                          ; 0                        ; 0                         ; 1                          ; 0                         ; 0                        ; 1                  ;
; present_state.READ_RXdata  ; 0                          ; 0                        ; 1                         ; 0                          ; 0                         ; 0                        ; 1                  ;
; present_state.NEXT_STATE   ; 0                          ; 1                        ; 0                         ; 0                          ; 0                         ; 0                        ; 1                  ;
; present_state.ATNack_STATE ; 1                          ; 0                        ; 0                         ; 0                          ; 0                         ; 0                        ; 1                  ;
+----------------------------+----------------------------+--------------------------+---------------------------+----------------------------+---------------------------+--------------------------+--------------------+


+------------------------------------------------------+
; General Register Statistics                          ;
+----------------------------------------------+-------+
; Statistic                                    ; Value ;
+----------------------------------------------+-------+
; Total registers                              ; 29    ;
; Number of registers using Synchronous Clear  ; 0     ;
; Number of registers using Synchronous Load   ; 0     ;
; Number of registers using Asynchronous Clear ; 29    ;
; Number of registers using Asynchronous Load  ; 0     ;
; Number of registers using Clock Enable       ; 19    ;
; Number of registers using Preset             ; 0     ;
+----------------------------------------------+-------+


+-------------------------------------------------------------------------------------------+
; Parameter Settings for User Entity Instance: bus_interfaceDP:DATAPATH|bus_reg:reg_TX_Data ;
+----------------+-------+------------------------------------------------------------------+
; Parameter Name ; Value ; Type                                                             ;
+----------------+-------+------------------------------------------------------------------+
; n              ; 8     ; Signed Integer                                                   ;
+----------------+-------+------------------------------------------------------------------+
Note: In order to hide this table in the UI and the text report file, please set the "Show Parameter Settings in Synthesis Report" option in "Analysis and Synthesis Settings -> More Settings" to "Off".


+----------------------------------------------------------------------------------------+
; Parameter Settings for User Entity Instance: bus_interfaceDP:DATAPATH|bus_reg:reg_CTRL ;
+----------------+-------+---------------------------------------------------------------+
; Parameter Name ; Value ; Type                                                          ;
+----------------+-------+---------------------------------------------------------------+
; n              ; 8     ; Signed Integer                                                ;
+----------------+-------+---------------------------------------------------------------+
Note: In order to hide this table in the UI and the text report file, please set the "Show Parameter Settings in Synthesis Report" option in "Analysis and Synthesis Settings -> More Settings" to "Off".


+-------------------------------------------------------------------------------------------+
; Parameter Settings for User Entity Instance: bus_interfaceDP:DATAPATH|bus_reg:reg_Rx_Data ;
+----------------+-------+------------------------------------------------------------------+
; Parameter Name ; Value ; Type                                                             ;
+----------------+-------+------------------------------------------------------------------+
; n              ; 8     ; Signed Integer                                                   ;
+----------------+-------+------------------------------------------------------------------+
Note: In order to hide this table in the UI and the text report file, please set the "Show Parameter Settings in Synthesis Report" option in "Analysis and Synthesis Settings -> More Settings" to "Off".


+-------------------------------------------------------------------------------------------------------------------+
; Port Connectivity Checks: "bus_interfaceDP:DATAPATH|bus_reg:reg_CTRL"                                             ;
+---------+--------+----------+-------------------------------------------------------------------------------------+
; Port    ; Type   ; Severity ; Details                                                                             ;
+---------+--------+----------+-------------------------------------------------------------------------------------+
; q[7..3] ; Output ; Info     ; Connected to dangling logic. Logic that only feeds a dangling port will be removed. ;
+---------+--------+----------+-------------------------------------------------------------------------------------+


+---------------------------------------------------------------------+
; Port Connectivity Checks: "bus_interfaceDP:DATAPATH|mux_2_to_1:mux" ;
+----------+-------+----------+---------------------------------------+
; Port     ; Type  ; Severity ; Details                               ;
+----------+-------+----------+---------------------------------------+
; y1[7..3] ; Input ; Info     ; Stuck at GND                          ;
+----------+-------+----------+---------------------------------------+


+-----------------------------------------------------+
; Post-Synthesis Netlist Statistics for Top Partition ;
+-----------------------+-----------------------------+
; Type                  ; Count                       ;
+-----------------------+-----------------------------+
; boundary_port         ; 47                          ;
; cycloneiii_ff         ; 29                          ;
;     CLR               ; 10                          ;
;     ENA CLR           ; 19                          ;
; cycloneiii_lcell_comb ; 28                          ;
;     normal            ; 28                          ;
;         2 data inputs ; 8                           ;
;         3 data inputs ; 5                           ;
;         4 data inputs ; 15                          ;
;                       ;                             ;
; Max LUT depth         ; 2.00                        ;
; Average LUT depth     ; 1.04                        ;
+-----------------------+-----------------------------+


+-------------------------------+
; Elapsed Time Per Partition    ;
+----------------+--------------+
; Partition Name ; Elapsed Time ;
+----------------+--------------+
; Top            ; 00:00:00     ;
+----------------+--------------+


+-------------------------------+
; Analysis & Synthesis Messages ;
+-------------------------------+
Info: *******************************************************************
Info: Running Quartus Prime Analysis & Synthesis
    Info: Version 20.1.1 Build 720 11/11/2020 SJ Lite Edition
    Info: Processing started: Sat Jan 02 22:02:45 2021
Info: Command: quartus_map --read_settings_files=on --write_settings_files=off bus_interface -c bus_interfaceDP
Warning (18236): Number of processors has not been specified which may cause overloading on shared machines.  Set the global assignment NUM_PARALLEL_PROCESSORS in your QSF to an appropriate value for best performance.
Info (20030): Parallel compilation is enabled and will use 2 of the 2 processors detected
Info (12021): Found 2 design units, including 1 entities, in source file bus_interface.vhd
    Info (12022): Found design unit 1: BUS_INTERFACE-STR File: C:/Users/User/Dropbox/Il mio PC (LAPTOP-ALD2IQR5)/Documents/github/SDI_20_21/labsRR/UART/general_components/bus_interface/quartus/bus_interface.vhd Line: 17
    Info (12023): Found entity 1: BUS_INTERFACE File: C:/Users/User/Dropbox/Il mio PC (LAPTOP-ALD2IQR5)/Documents/github/SDI_20_21/labsRR/UART/general_components/bus_interface/quartus/bus_interface.vhd Line: 4
Info (12021): Found 2 design units, including 1 entities, in source file /users/user/dropbox/il mio pc (laptop-ald2iqr5)/documents/github/sdi_20_21/labsrr/uart/general_components/bus_interface/bus_interfacedp.vhd
    Info (12022): Found design unit 1: bus_interfaceDP-behav File: C:/Users/User/Dropbox/Il mio PC (LAPTOP-ALD2IQR5)/Documents/github/SDI_20_21/labsRR/UART/general_components/bus_interface/bus_interfaceDP.vhd Line: 18
    Info (12023): Found entity 1: bus_interfaceDP File: C:/Users/User/Dropbox/Il mio PC (LAPTOP-ALD2IQR5)/Documents/github/SDI_20_21/labsRR/UART/general_components/bus_interface/bus_interfaceDP.vhd Line: 4
Info (12021): Found 2 design units, including 1 entities, in source file /users/user/dropbox/il mio pc (laptop-ald2iqr5)/documents/github/sdi_20_21/labsrr/uart/general_components/bus_interface/mux2to1.vhd
    Info (12022): Found design unit 1: mux_2_to_1-behavior File: C:/Users/User/Dropbox/Il mio PC (LAPTOP-ALD2IQR5)/Documents/github/SDI_20_21/labsRR/UART/general_components/bus_interface/MUX2TO1.vhd Line: 18
    Info (12023): Found entity 1: mux_2_to_1 File: C:/Users/User/Dropbox/Il mio PC (LAPTOP-ALD2IQR5)/Documents/github/SDI_20_21/labsRR/UART/general_components/bus_interface/MUX2TO1.vhd Line: 7
Info (12021): Found 2 design units, including 1 entities, in source file /users/user/dropbox/il mio pc (laptop-ald2iqr5)/documents/github/sdi_20_21/labsrr/uart/general_components/bus_interface/controlunit_bus.vhd
    Info (12022): Found design unit 1: ControlUnit_bus-behav File: C:/Users/User/Dropbox/Il mio PC (LAPTOP-ALD2IQR5)/Documents/github/SDI_20_21/labsRR/UART/general_components/bus_interface/CONTROLUNIT_BUS.vhd Line: 17
    Info (12023): Found entity 1: ControlUnit_bus File: C:/Users/User/Dropbox/Il mio PC (LAPTOP-ALD2IQR5)/Documents/github/SDI_20_21/labsRR/UART/general_components/bus_interface/CONTROLUNIT_BUS.vhd Line: 4
Info (12021): Found 2 design units, including 1 entities, in source file /users/user/dropbox/il mio pc (laptop-ald2iqr5)/documents/github/sdi_20_21/labsrr/uart/general_components/bus_interface/bus_reg.vhd
    Info (12022): Found design unit 1: bus_reg-behav File: C:/Users/User/Dropbox/Il mio PC (LAPTOP-ALD2IQR5)/Documents/github/SDI_20_21/labsRR/UART/general_components/bus_interface/BUS_REG.vhd Line: 23
    Info (12023): Found entity 1: bus_reg File: C:/Users/User/Dropbox/Il mio PC (LAPTOP-ALD2IQR5)/Documents/github/SDI_20_21/labsRR/UART/general_components/bus_interface/BUS_REG.vhd Line: 9
Info (12127): Elaborating entity "bus_interface" for the top level hierarchy
Info (12128): Elaborating entity "bus_interfaceDP" for hierarchy "bus_interfaceDP:DATAPATH" File: C:/Users/User/Dropbox/Il mio PC (LAPTOP-ALD2IQR5)/Documents/github/SDI_20_21/labsRR/UART/general_components/bus_interface/quartus/bus_interface.vhd Line: 55
Info (12128): Elaborating entity "mux_2_to_1" for hierarchy "bus_interfaceDP:DATAPATH|mux_2_to_1:mux" File: C:/Users/User/Dropbox/Il mio PC (LAPTOP-ALD2IQR5)/Documents/github/SDI_20_21/labsRR/UART/general_components/bus_interface/bus_interfaceDP.vhd Line: 109
Info (12128): Elaborating entity "bus_reg" for hierarchy "bus_interfaceDP:DATAPATH|bus_reg:reg_TX_Data" File: C:/Users/User/Dropbox/Il mio PC (LAPTOP-ALD2IQR5)/Documents/github/SDI_20_21/labsRR/UART/general_components/bus_interface/bus_interfaceDP.vhd Line: 112
Info (12128): Elaborating entity "ControlUnit_bus" for hierarchy "ControlUnit_bus:CONTROLUNIT" File: C:/Users/User/Dropbox/Il mio PC (LAPTOP-ALD2IQR5)/Documents/github/SDI_20_21/labsRR/UART/general_components/bus_interface/quartus/bus_interface.vhd Line: 63
Warning (10492): VHDL Process Statement warning at CONTROLUNIT_BUS.vhd(142): signal "ERROR_cu" is read inside the Process Statement but isn't in the Process Statement's sensitivity list File: C:/Users/User/Dropbox/Il mio PC (LAPTOP-ALD2IQR5)/Documents/github/SDI_20_21/labsRR/UART/general_components/bus_interface/CONTROLUNIT_BUS.vhd Line: 142
Warning (10492): VHDL Process Statement warning at CONTROLUNIT_BUS.vhd(152): signal "TX_EMPTY_cu" is read inside the Process Statement but isn't in the Process Statement's sensitivity list File: C:/Users/User/Dropbox/Il mio PC (LAPTOP-ALD2IQR5)/Documents/github/SDI_20_21/labsRR/UART/general_components/bus_interface/CONTROLUNIT_BUS.vhd Line: 152
Warning (10492): VHDL Process Statement warning at CONTROLUNIT_BUS.vhd(159): signal "RX_FULL_cu" is read inside the Process Statement but isn't in the Process Statement's sensitivity list File: C:/Users/User/Dropbox/Il mio PC (LAPTOP-ALD2IQR5)/Documents/github/SDI_20_21/labsRR/UART/general_components/bus_interface/CONTROLUNIT_BUS.vhd Line: 159
Warning (10492): VHDL Process Statement warning at CONTROLUNIT_BUS.vhd(182): signal "CLRatn_cu" is read inside the Process Statement but isn't in the Process Statement's sensitivity list File: C:/Users/User/Dropbox/Il mio PC (LAPTOP-ALD2IQR5)/Documents/github/SDI_20_21/labsRR/UART/general_components/bus_interface/CONTROLUNIT_BUS.vhd Line: 182
Warning (10492): VHDL Process Statement warning at CONTROLUNIT_BUS.vhd(196): signal "ATNack_cu" is read inside the Process Statement but isn't in the Process Statement's sensitivity list File: C:/Users/User/Dropbox/Il mio PC (LAPTOP-ALD2IQR5)/Documents/github/SDI_20_21/labsRR/UART/general_components/bus_interface/CONTROLUNIT_BUS.vhd Line: 196
Info (286030): Timing-Driven Synthesis is running
Info (16010): Generating hard_block partition "hard_block:auto_generated_inst"
    Info (16011): Adding 0 node(s), including 0 DDIO, 0 PLL, 0 transceiver and 0 LCELL
Warning (21074): Design contains 2 input pin(s) that do not drive logic
    Warning (15610): No output dependent on input pin "ADD[1]" File: C:/Users/User/Dropbox/Il mio PC (LAPTOP-ALD2IQR5)/Documents/github/SDI_20_21/labsRR/UART/general_components/bus_interface/quartus/bus_interface.vhd Line: 13
    Warning (15610): No output dependent on input pin "ADD[2]" File: C:/Users/User/Dropbox/Il mio PC (LAPTOP-ALD2IQR5)/Documents/github/SDI_20_21/labsRR/UART/general_components/bus_interface/quartus/bus_interface.vhd Line: 13
Info (21057): Implemented 97 device resources after synthesis - the final resource count might be different
    Info (21058): Implemented 27 input pins
    Info (21059): Implemented 20 output pins
    Info (21061): Implemented 50 logic cells
Info: Quartus Prime Analysis & Synthesis was successful. 0 errors, 9 warnings
    Info: Peak virtual memory: 4784 megabytes
    Info: Processing ended: Sat Jan 02 22:03:03 2021
    Info: Elapsed time: 00:00:18
    Info: Total CPU time (on all processors): 00:00:32


