Flow report for bus_interfaceDP
Sat Jan 02 22:03:24 2021
Quartus Prime Version 20.1.1 Build 720 11/11/2020 SJ Lite Edition


---------------------
; Table of Contents ;
---------------------
  1. Legal Notice
  2. Flow Summary
  3. Flow Settings
  4. Flow Non-Default Global Settings
  5. Flow Elapsed Time
  6. Flow OS Summary
  7. Flow Log
  8. Flow Messages
  9. Flow Suppressed Messages



----------------
; Legal Notice ;
----------------
Copyright (C) 2020  Intel Corporation. All rights reserved.
Your use of Intel Corporation's design tools, logic functions 
and other software and tools, and any partner logic 
functions, and any output files from any of the foregoing 
(including device programming or simulation files), and any 
associated documentation or information are expressly subject 
to the terms and conditions of the Intel Program License 
Subscription Agreement, the Intel Quartus Prime License Agreement,
the Intel FPGA IP License Agreement, or other applicable license
agreement, including, without limitation, that your use is for
the sole purpose of programming logic devices manufactured by
Intel and sold by Intel or its authorized distributors.  Please
refer to the applicable agreement for further details, at
https://fpgasoftware.intel.com/eula.



+----------------------------------------------------------------------------------+
; Flow Summary                                                                     ;
+------------------------------------+---------------------------------------------+
; Flow Status                        ; Successful - Sat Jan 02 22:03:19 2021       ;
; Quartus Prime Version              ; 20.1.1 Build 720 11/11/2020 SJ Lite Edition ;
; Revision Name                      ; bus_interfaceDP                             ;
; Top-level Entity Name              ; BUS_INTERFACE                               ;
; Family                             ; Cyclone 10 LP                               ;
; Total logic elements               ; 38 / 6,272 ( < 1 % )                        ;
;     Total combinational functions  ; 28 / 6,272 ( < 1 % )                        ;
;     Dedicated logic registers      ; 29 / 6,272 ( < 1 % )                        ;
; Total registers                    ; 29                                          ;
; Total pins                         ; 47 / 89 ( 53 % )                            ;
; Total virtual pins                 ; 0                                           ;
; Total memory bits                  ; 0 / 276,480 ( 0 % )                         ;
; Embedded Multiplier 9-bit elements ; 0 / 30 ( 0 % )                              ;
; Total PLLs                         ; 0 / 2 ( 0 % )                               ;
; Device                             ; 10CL006YE144C6G                             ;
; Timing Models                      ; Final                                       ;
+------------------------------------+---------------------------------------------+


+-----------------------------------------+
; Flow Settings                           ;
+-------------------+---------------------+
; Option            ; Setting             ;
+-------------------+---------------------+
; Start date & time ; 01/02/2021 22:02:46 ;
; Main task         ; Compilation         ;
; Revision Name     ; bus_interfaceDP     ;
+-------------------+---------------------+


+-----------------------------------------------------------------------------------------------------------------------------+
; Flow Non-Default Global Settings                                                                                            ;
+-------------------------------------+----------------------------------------+-----------------+---------------+------------+
; Assignment Name                     ; Value                                  ; Default Value   ; Entity Name   ; Section Id ;
+-------------------------------------+----------------------------------------+-----------------+---------------+------------+
; COMPILER_SIGNATURE_ID               ; 150461128790758.160962136611716        ; --              ; --            ; --         ;
; PARTITION_COLOR                     ; -- (Not supported for targeted family) ; --              ; bus_interface ; Top        ;
; PARTITION_FITTER_PRESERVATION_LEVEL ; -- (Not supported for targeted family) ; --              ; bus_interface ; Top        ;
; PARTITION_NETLIST_TYPE              ; -- (Not supported for targeted family) ; --              ; bus_interface ; Top        ;
; PROJECT_OUTPUT_DIRECTORY            ; output_files                           ; --              ; --            ; --         ;
; TOP_LEVEL_ENTITY                    ; bus_interface                          ; bus_interfaceDP ; --            ; --         ;
+-------------------------------------+----------------------------------------+-----------------+---------------+------------+


+--------------------------------------------------------------------------------------------------------------------------+
; Flow Elapsed Time                                                                                                        ;
+----------------------+--------------+-------------------------+---------------------+------------------------------------+
; Module Name          ; Elapsed Time ; Average Processors Used ; Peak Virtual Memory ; Total CPU Time (on all processors) ;
+----------------------+--------------+-------------------------+---------------------+------------------------------------+
; Analysis & Synthesis ; 00:00:18     ; 1.0                     ; 4784 MB             ; 00:00:32                           ;
; Fitter               ; 00:00:10     ; 1.0                     ; 5232 MB             ; 00:00:07                           ;
; Assembler            ; 00:00:02     ; 1.0                     ; 4677 MB             ; 00:00:01                           ;
; Timing Analyzer      ; 00:00:04     ; 1.0                     ; 4743 MB             ; 00:00:02                           ;
; Total                ; 00:00:34     ; --                      ; --                  ; 00:00:42                           ;
+----------------------+--------------+-------------------------+---------------------+------------------------------------+


+------------------------------------------------------------------------------------+
; Flow OS Summary                                                                    ;
+----------------------+------------------+------------+------------+----------------+
; Module Name          ; Machine Hostname ; OS Name    ; OS Version ; Processor type ;
+----------------------+------------------+------------+------------+----------------+
; Analysis & Synthesis ; LAPTOP-ALD2IQR5  ; Windows 10 ; 10.0       ; x86_64         ;
; Fitter               ; LAPTOP-ALD2IQR5  ; Windows 10 ; 10.0       ; x86_64         ;
; Assembler            ; LAPTOP-ALD2IQR5  ; Windows 10 ; 10.0       ; x86_64         ;
; Timing Analyzer      ; LAPTOP-ALD2IQR5  ; Windows 10 ; 10.0       ; x86_64         ;
+----------------------+------------------+------------+------------+----------------+


------------
; Flow Log ;
------------
quartus_map --read_settings_files=on --write_settings_files=off bus_interface -c bus_interfaceDP
quartus_fit --read_settings_files=off --write_settings_files=off bus_interface -c bus_interfaceDP
quartus_asm --read_settings_files=off --write_settings_files=off bus_interface -c bus_interfaceDP
quartus_sta bus_interface -c bus_interfaceDP



