Analysis & Synthesis report for tx
Wed Dec 16 12:24:23 2020
Quartus Prime Version 20.1.0 Build 711 06/05/2020 SJ Lite Edition


---------------------
; Table of Contents ;
---------------------
  1. Legal Notice
  2. Analysis & Synthesis Summary
  3. Analysis & Synthesis Settings
  4. Parallel Compilation
  5. Analysis & Synthesis Source Files Read
  6. Analysis & Synthesis Resource Usage Summary
  7. Analysis & Synthesis Resource Utilization by Entity
  8. State Machine - |tx|tx_cu:controlunit|present_state
  9. General Register Statistics
 10. Multiplexer Restructuring Statistics (Restructuring Performed)
 11. Parameter Settings for User Entity Instance: tx_dp:datapath|counter_nbit:counter_shift
 12. Parameter Settings for User Entity Instance: tx_dp:datapath|counter_nbit:counter_txempty
 13. Port Connectivity Checks: "tx_cu:controlunit"
 14. Port Connectivity Checks: "tx_dp:datapath|counter_nbit:counter_txempty"
 15. Port Connectivity Checks: "tx_dp:datapath|counter_nbit:counter_shift"
 16. Port Connectivity Checks: "tx_dp:datapath|shift_register_8bit:shift_reg"
 17. Post-Synthesis Netlist Statistics for Top Partition
 18. Elapsed Time Per Partition
 19. Analysis & Synthesis Messages



----------------
; Legal Notice ;
----------------
Copyright (C) 2020  Intel Corporation. All rights reserved.
Your use of Intel Corporation's design tools, logic functions 
and other software and tools, and any partner logic 
functions, and any output files from any of the foregoing 
(including device programming or simulation files), and any 
associated documentation or information are expressly subject 
to the terms and conditions of the Intel Program License 
Subscription Agreement, the Intel Quartus Prime License Agreement,
the Intel FPGA IP License Agreement, or other applicable license
agreement, including, without limitation, that your use is for
the sole purpose of programming logic devices manufactured by
Intel and sold by Intel or its authorized distributors.  Please
refer to the applicable agreement for further details, at
https://fpgasoftware.intel.com/eula.



+-------------------------------------------------------------------------------+
; Analysis & Synthesis Summary                                                  ;
+---------------------------------+---------------------------------------------+
; Analysis & Synthesis Status     ; Successful - Wed Dec 16 12:24:23 2020       ;
; Quartus Prime Version           ; 20.1.0 Build 711 06/05/2020 SJ Lite Edition ;
; Revision Name                   ; tx                                          ;
; Top-level Entity Name           ; tx                                          ;
; Family                          ; Cyclone V                                   ;
; Logic utilization (in ALMs)     ; N/A                                         ;
; Total registers                 ; 25                                          ;
; Total pins                      ; 12                                          ;
; Total virtual pins              ; 0                                           ;
; Total block memory bits         ; 0                                           ;
; Total DSP Blocks                ; 0                                           ;
; Total HSSI RX PCSs              ; 0                                           ;
; Total HSSI PMA RX Deserializers ; 0                                           ;
; Total HSSI TX PCSs              ; 0                                           ;
; Total HSSI PMA TX Serializers   ; 0                                           ;
; Total PLLs                      ; 0                                           ;
; Total DLLs                      ; 0                                           ;
+---------------------------------+---------------------------------------------+


+---------------------------------------------------------------------------------------------------------------------------+
; Analysis & Synthesis Settings                                                                                             ;
+---------------------------------------------------------------------------------+--------------------+--------------------+
; Option                                                                          ; Setting            ; Default Value      ;
+---------------------------------------------------------------------------------+--------------------+--------------------+
; Device                                                                          ; 5CGXFC7C7F23C8     ;                    ;
; Top-level entity name                                                           ; tx                 ; tx                 ;
; Family name                                                                     ; Cyclone V          ; Cyclone V          ;
; Use smart compilation                                                           ; Off                ; Off                ;
; Enable parallel Assembler and Timing Analyzer during compilation                ; On                 ; On                 ;
; Enable compact report table                                                     ; Off                ; Off                ;
; Restructure Multiplexers                                                        ; Auto               ; Auto               ;
; MLAB Add Timing Constraints For Mixed-Port Feed-Through Mode Setting Don't Care ; Off                ; Off                ;
; Create Debugging Nodes for IP Cores                                             ; Off                ; Off                ;
; Preserve fewer node names                                                       ; On                 ; On                 ;
; Intel FPGA IP Evaluation Mode                                                   ; Enable             ; Enable             ;
; Verilog Version                                                                 ; Verilog_2001       ; Verilog_2001       ;
; VHDL Version                                                                    ; VHDL_1993          ; VHDL_1993          ;
; State Machine Processing                                                        ; Auto               ; Auto               ;
; Safe State Machine                                                              ; Off                ; Off                ;
; Extract Verilog State Machines                                                  ; On                 ; On                 ;
; Extract VHDL State Machines                                                     ; On                 ; On                 ;
; Ignore Verilog initial constructs                                               ; Off                ; Off                ;
; Iteration limit for constant Verilog loops                                      ; 5000               ; 5000               ;
; Iteration limit for non-constant Verilog loops                                  ; 250                ; 250                ;
; Add Pass-Through Logic to Inferred RAMs                                         ; On                 ; On                 ;
; Infer RAMs from Raw Logic                                                       ; On                 ; On                 ;
; Parallel Synthesis                                                              ; On                 ; On                 ;
; DSP Block Balancing                                                             ; Auto               ; Auto               ;
; NOT Gate Push-Back                                                              ; On                 ; On                 ;
; Power-Up Don't Care                                                             ; On                 ; On                 ;
; Remove Redundant Logic Cells                                                    ; Off                ; Off                ;
; Remove Duplicate Registers                                                      ; On                 ; On                 ;
; Ignore CARRY Buffers                                                            ; Off                ; Off                ;
; Ignore CASCADE Buffers                                                          ; Off                ; Off                ;
; Ignore GLOBAL Buffers                                                           ; Off                ; Off                ;
; Ignore ROW GLOBAL Buffers                                                       ; Off                ; Off                ;
; Ignore LCELL Buffers                                                            ; Off                ; Off                ;
; Ignore SOFT Buffers                                                             ; On                 ; On                 ;
; Limit AHDL Integers to 32 Bits                                                  ; Off                ; Off                ;
; Optimization Technique                                                          ; Balanced           ; Balanced           ;
; Carry Chain Length                                                              ; 70                 ; 70                 ;
; Auto Carry Chains                                                               ; On                 ; On                 ;
; Auto Open-Drain Pins                                                            ; On                 ; On                 ;
; Perform WYSIWYG Primitive Resynthesis                                           ; Off                ; Off                ;
; Auto ROM Replacement                                                            ; On                 ; On                 ;
; Auto RAM Replacement                                                            ; On                 ; On                 ;
; Auto DSP Block Replacement                                                      ; On                 ; On                 ;
; Auto Shift Register Replacement                                                 ; Auto               ; Auto               ;
; Allow Shift Register Merging across Hierarchies                                 ; Auto               ; Auto               ;
; Auto Clock Enable Replacement                                                   ; On                 ; On                 ;
; Strict RAM Replacement                                                          ; Off                ; Off                ;
; Allow Synchronous Control Signals                                               ; On                 ; On                 ;
; Force Use of Synchronous Clear Signals                                          ; Off                ; Off                ;
; Auto Resource Sharing                                                           ; Off                ; Off                ;
; Allow Any RAM Size For Recognition                                              ; Off                ; Off                ;
; Allow Any ROM Size For Recognition                                              ; Off                ; Off                ;
; Allow Any Shift Register Size For Recognition                                   ; Off                ; Off                ;
; Use LogicLock Constraints during Resource Balancing                             ; On                 ; On                 ;
; Ignore translate_off and synthesis_off directives                               ; Off                ; Off                ;
; Timing-Driven Synthesis                                                         ; On                 ; On                 ;
; Report Parameter Settings                                                       ; On                 ; On                 ;
; Report Source Assignments                                                       ; On                 ; On                 ;
; Report Connectivity Checks                                                      ; On                 ; On                 ;
; Ignore Maximum Fan-Out Assignments                                              ; Off                ; Off                ;
; Synchronization Register Chain Length                                           ; 3                  ; 3                  ;
; Power Optimization During Synthesis                                             ; Normal compilation ; Normal compilation ;
; HDL message level                                                               ; Level2             ; Level2             ;
; Suppress Register Optimization Related Messages                                 ; Off                ; Off                ;
; Number of Removed Registers Reported in Synthesis Report                        ; 5000               ; 5000               ;
; Number of Swept Nodes Reported in Synthesis Report                              ; 5000               ; 5000               ;
; Number of Inverted Registers Reported in Synthesis Report                       ; 100                ; 100                ;
; Clock MUX Protection                                                            ; On                 ; On                 ;
; Auto Gated Clock Conversion                                                     ; Off                ; Off                ;
; Block Design Naming                                                             ; Auto               ; Auto               ;
; SDC constraint protection                                                       ; Off                ; Off                ;
; Synthesis Effort                                                                ; Auto               ; Auto               ;
; Shift Register Replacement - Allow Asynchronous Clear Signal                    ; On                 ; On                 ;
; Pre-Mapping Resynthesis Optimization                                            ; Off                ; Off                ;
; Analysis & Synthesis Message Level                                              ; Medium             ; Medium             ;
; Disable Register Merging Across Hierarchies                                     ; Auto               ; Auto               ;
; Resource Aware Inference For Block RAM                                          ; On                 ; On                 ;
; Automatic Parallel Synthesis                                                    ; On                 ; On                 ;
; Partial Reconfiguration Bitstream ID                                            ; Off                ; Off                ;
+---------------------------------------------------------------------------------+--------------------+--------------------+


+------------------------------------------+
; Parallel Compilation                     ;
+----------------------------+-------------+
; Processors                 ; Number      ;
+----------------------------+-------------+
; Number detected on machine ; 8           ;
; Maximum allowed            ; 4           ;
;                            ;             ;
; Average used               ; 1.00        ;
; Maximum used               ; 4           ;
;                            ;             ;
; Usage by Processor         ; % Time Used ;
;     Processor 1            ; 100.0%      ;
;     Processor 2            ;   0.0%      ;
;     Processors 3-4         ;   0.0%      ;
+----------------------------+-------------+


+-----------------------------------------------------------------------------------------------------------------------------------------------------------------------------------------------------------------------------+
; Analysis & Synthesis Source Files Read                                                                                                                                                                                      ;
+---------------------------------------------------------------------+-----------------+-----------------+---------------------------------------------------------------------------------------------------------+---------+
; File Name with User-Entered Path                                    ; Used in Netlist ; File Type       ; File Name with Absolute Path                                                                            ; Library ;
+---------------------------------------------------------------------+-----------------+-----------------+---------------------------------------------------------------------------------------------------------+---------+
; ../../general_components/shift_register/vhd/shift_register_8bit.vhd ; yes             ; User VHDL File  ; /home/wackoz/github/SDI_20_21/labsRR/UART/general_components/shift_register/vhd/shift_register_8bit.vhd ;         ;
; ../../general_components/counter/counter_nbit.vhd                   ; yes             ; User VHDL File  ; /home/wackoz/github/SDI_20_21/labsRR/UART/general_components/counter/counter_nbit.vhd                   ;         ;
; ../vhd/tx_dp.vhd                                                    ; yes             ; User VHDL File  ; /home/wackoz/github/SDI_20_21/labsRR/UART/tx/vhd/tx_dp.vhd                                              ;         ;
; ../vhd/tx_cu.vhd                                                    ; yes             ; User VHDL File  ; /home/wackoz/github/SDI_20_21/labsRR/UART/tx/vhd/tx_cu.vhd                                              ;         ;
; ../vhd/tx.vhd                                                       ; yes             ; User VHDL File  ; /home/wackoz/github/SDI_20_21/labsRR/UART/tx/vhd/tx.vhd                                                 ;         ;
+---------------------------------------------------------------------+-----------------+-----------------+---------------------------------------------------------------------------------------------------------+---------+


+-----------------------------------------------------------+
; Analysis & Synthesis Resource Usage Summary               ;
+---------------------------------------------+-------------+
; Resource                                    ; Usage       ;
+---------------------------------------------+-------------+
; Estimate of Logic utilization (ALMs needed) ; 18          ;
;                                             ;             ;
; Combinational ALUT usage for logic          ; 33          ;
;     -- 7 input functions                    ; 0           ;
;     -- 6 input functions                    ; 2           ;
;     -- 5 input functions                    ; 2           ;
;     -- 4 input functions                    ; 6           ;
;     -- <=3 input functions                  ; 23          ;
;                                             ;             ;
; Dedicated logic registers                   ; 25          ;
;                                             ;             ;
; I/O pins                                    ; 12          ;
;                                             ;             ;
; Total DSP Blocks                            ; 0           ;
;                                             ;             ;
; Maximum fan-out node                        ; clock~input ;
; Maximum fan-out                             ; 25          ;
; Total fan-out                               ; 197         ;
; Average fan-out                             ; 2.40        ;
+---------------------------------------------+-------------+


+----------------------------------------------------------------------------------------------------------------------------------------------------------------------------------------------------------------------------------------+
; Analysis & Synthesis Resource Utilization by Entity                                                                                                                                                                                    ;
+---------------------------------------+---------------------+---------------------------+-------------------+------------+------+--------------+--------------------------------------------------+---------------------+--------------+
; Compilation Hierarchy Node            ; Combinational ALUTs ; Dedicated Logic Registers ; Block Memory Bits ; DSP Blocks ; Pins ; Virtual Pins ; Full Hierarchy Name                              ; Entity Name         ; Library Name ;
+---------------------------------------+---------------------+---------------------------+-------------------+------------+------+--------------+--------------------------------------------------+---------------------+--------------+
; |tx                                   ; 33 (0)              ; 25 (0)                    ; 0                 ; 0          ; 12   ; 0            ; |tx                                              ; tx                  ; work         ;
;    |tx_cu:controlunit|                ; 7 (7)               ; 6 (6)                     ; 0                 ; 0          ; 0    ; 0            ; |tx|tx_cu:controlunit                            ; tx_cu               ; work         ;
;    |tx_dp:datapath|                   ; 26 (1)              ; 19 (0)                    ; 0                 ; 0          ; 0    ; 0            ; |tx|tx_dp:datapath                               ; tx_dp               ; work         ;
;       |counter_nbit:counter_shift|    ; 12 (12)             ; 8 (8)                     ; 0                 ; 0          ; 0    ; 0            ; |tx|tx_dp:datapath|counter_nbit:counter_shift    ; counter_nbit        ; work         ;
;       |counter_nbit:counter_txempty|  ; 4 (4)               ; 3 (3)                     ; 0                 ; 0          ; 0    ; 0            ; |tx|tx_dp:datapath|counter_nbit:counter_txempty  ; counter_nbit        ; work         ;
;       |shift_register_8bit:shift_reg| ; 9 (9)               ; 8 (8)                     ; 0                 ; 0          ; 0    ; 0            ; |tx|tx_dp:datapath|shift_register_8bit:shift_reg ; shift_register_8bit ; work         ;
+---------------------------------------+---------------------+---------------------------+-------------------+------------+------+--------------+--------------------------------------------------+---------------------+--------------+
Note: For table entries with two numbers listed, the numbers in parentheses indicate the number of resources of the given type used by the specific entity alone. The numbers listed outside of parentheses indicate the total resources of the given type used by the specific entity and all of its sub-entities in the hierarchy.


Encoding Type:  One-Hot
+---------------------------------------------------------------------------------------------------------------------------------------------------------------------+
; State Machine - |tx|tx_cu:controlunit|present_state                                                                                                                 ;
+--------------------------+---------------------+--------------------+-----------------------+--------------------+-----------------------+--------------------------+
; Name                     ; present_state.shift ; present_state.load ; present_state.force_0 ; present_state.idle ; present_state.res_cnt ; present_state.idle_start ;
+--------------------------+---------------------+--------------------+-----------------------+--------------------+-----------------------+--------------------------+
; present_state.idle_start ; 0                   ; 0                  ; 0                     ; 0                  ; 0                     ; 0                        ;
; present_state.res_cnt    ; 0                   ; 0                  ; 0                     ; 0                  ; 1                     ; 1                        ;
; present_state.idle       ; 0                   ; 0                  ; 0                     ; 1                  ; 0                     ; 1                        ;
; present_state.force_0    ; 0                   ; 0                  ; 1                     ; 0                  ; 0                     ; 1                        ;
; present_state.load       ; 0                   ; 1                  ; 0                     ; 0                  ; 0                     ; 1                        ;
; present_state.shift      ; 1                   ; 0                  ; 0                     ; 0                  ; 0                     ; 1                        ;
+--------------------------+---------------------+--------------------+-----------------------+--------------------+-----------------------+--------------------------+


+------------------------------------------------------+
; General Register Statistics                          ;
+----------------------------------------------+-------+
; Statistic                                    ; Value ;
+----------------------------------------------+-------+
; Total registers                              ; 25    ;
; Number of registers using Synchronous Clear  ; 8     ;
; Number of registers using Synchronous Load   ; 0     ;
; Number of registers using Asynchronous Clear ; 6     ;
; Number of registers using Asynchronous Load  ; 0     ;
; Number of registers using Clock Enable       ; 18    ;
; Number of registers using Preset             ; 0     ;
+----------------------------------------------+-------+


+------------------------------------------------------------------------------------------------------------------------------------------------------------------------+
; Multiplexer Restructuring Statistics (Restructuring Performed)                                                                                                         ;
+--------------------+-----------+---------------+----------------------+------------------------+------------+----------------------------------------------------------+
; Multiplexer Inputs ; Bus Width ; Baseline Area ; Area if Restructured ; Saving if Restructured ; Registered ; Example Multiplexer Output                               ;
+--------------------+-----------+---------------+----------------------+------------------------+------------+----------------------------------------------------------+
; 3:1                ; 7 bits    ; 14 LEs        ; 7 LEs                ; 7 LEs                  ; Yes        ; |tx|tx_dp:datapath|shift_register_8bit:shift_reg|data[1] ;
; 4:1                ; 3 bits    ; 6 LEs         ; 6 LEs                ; 0 LEs                  ; Yes        ; |tx|tx_dp:datapath|counter_nbit:counter_txempty|data[0]  ;
; 4:1                ; 8 bits    ; 16 LEs        ; 0 LEs                ; 16 LEs                 ; Yes        ; |tx|tx_dp:datapath|counter_nbit:counter_shift|data[3]    ;
+--------------------+-----------+---------------+----------------------+------------------------+------------+----------------------------------------------------------+


+----------------------------------------------------------------------------------------+
; Parameter Settings for User Entity Instance: tx_dp:datapath|counter_nbit:counter_shift ;
+----------------+-------+---------------------------------------------------------------+
; Parameter Name ; Value ; Type                                                          ;
+----------------+-------+---------------------------------------------------------------+
; n              ; 8     ; Signed Integer                                                ;
+----------------+-------+---------------------------------------------------------------+
Note: In order to hide this table in the UI and the text report file, please set the "Show Parameter Settings in Synthesis Report" option in "Analysis and Synthesis Settings -> More Settings" to "Off".


+------------------------------------------------------------------------------------------+
; Parameter Settings for User Entity Instance: tx_dp:datapath|counter_nbit:counter_txempty ;
+----------------+-------+-----------------------------------------------------------------+
; Parameter Name ; Value ; Type                                                            ;
+----------------+-------+-----------------------------------------------------------------+
; n              ; 3     ; Signed Integer                                                  ;
+----------------+-------+-----------------------------------------------------------------+
Note: In order to hide this table in the UI and the text report file, please set the "Show Parameter Settings in Synthesis Report" option in "Analysis and Synthesis Settings -> More Settings" to "Off".


+--------------------------------------------------------------------------------------------------------------------------------------+
; Port Connectivity Checks: "tx_cu:controlunit"                                                                                        ;
+-------+--------+----------+----------------------------------------------------------------------------------------------------------+
; Port  ; Type   ; Severity ; Details                                                                                                  ;
+-------+--------+----------+----------------------------------------------------------------------------------------------------------+
; clear ; Output ; Warning  ; Declared by entity but not connected by instance. Logic that only feeds a dangling port will be removed. ;
+-------+--------+----------+----------------------------------------------------------------------------------------------------------+


+----------------------------------------------------------------------------------------------------------------+
; Port Connectivity Checks: "tx_dp:datapath|counter_nbit:counter_txempty"                                        ;
+------+--------+----------+-------------------------------------------------------------------------------------+
; Port ; Type   ; Severity ; Details                                                                             ;
+------+--------+----------+-------------------------------------------------------------------------------------+
; tc   ; Input  ; Info     ; Stuck at VCC                                                                        ;
; ld   ; Input  ; Info     ; Stuck at GND                                                                        ;
; q    ; Output ; Info     ; Connected to dangling logic. Logic that only feeds a dangling port will be removed. ;
+------+--------+----------+-------------------------------------------------------------------------------------+


+--------------------------------------------------------------------------------------------------------------------+
; Port Connectivity Checks: "tx_dp:datapath|counter_nbit:counter_shift"                                              ;
+----------+--------+----------+-------------------------------------------------------------------------------------+
; Port     ; Type   ; Severity ; Details                                                                             ;
+----------+--------+----------+-------------------------------------------------------------------------------------+
; tc[6..4] ; Input  ; Info     ; Stuck at GND                                                                        ;
; tc[2..1] ; Input  ; Info     ; Stuck at GND                                                                        ;
; tc[7]    ; Input  ; Info     ; Stuck at VCC                                                                        ;
; tc[3]    ; Input  ; Info     ; Stuck at VCC                                                                        ;
; tc[0]    ; Input  ; Info     ; Stuck at VCC                                                                        ;
; ld       ; Input  ; Info     ; Stuck at GND                                                                        ;
; q        ; Output ; Info     ; Connected to dangling logic. Logic that only feeds a dangling port will be removed. ;
+----------+--------+----------+-------------------------------------------------------------------------------------+


+-----------------------------------------------------------------------------------------------------------------+
; Port Connectivity Checks: "tx_dp:datapath|shift_register_8bit:shift_reg"                                        ;
+-------+--------+----------+-------------------------------------------------------------------------------------+
; Port  ; Type   ; Severity ; Details                                                                             ;
+-------+--------+----------+-------------------------------------------------------------------------------------+
; s_in  ; Input  ; Info     ; Stuck at VCC                                                                        ;
; p_out ; Output ; Info     ; Connected to dangling logic. Logic that only feeds a dangling port will be removed. ;
+-------+--------+----------+-------------------------------------------------------------------------------------+


+-----------------------------------------------------+
; Post-Synthesis Netlist Statistics for Top Partition ;
+-----------------------+-----------------------------+
; Type                  ; Count                       ;
+-----------------------+-----------------------------+
; arriav_ff             ; 25                          ;
;     CLR               ; 6                           ;
;     ENA               ; 10                          ;
;     ENA SCLR          ; 8                           ;
;     plain             ; 1                           ;
; arriav_lcell_comb     ; 33                          ;
;     arith             ; 8                           ;
;         1 data inputs ; 8                           ;
;     normal            ; 25                          ;
;         2 data inputs ; 4                           ;
;         3 data inputs ; 11                          ;
;         4 data inputs ; 6                           ;
;         5 data inputs ; 2                           ;
;         6 data inputs ; 2                           ;
; boundary_port         ; 12                          ;
;                       ;                             ;
; Max LUT depth         ; 2.00                        ;
; Average LUT depth     ; 1.36                        ;
+-----------------------+-----------------------------+


+-------------------------------+
; Elapsed Time Per Partition    ;
+----------------+--------------+
; Partition Name ; Elapsed Time ;
+----------------+--------------+
; Top            ; 00:00:00     ;
+----------------+--------------+


+-------------------------------+
; Analysis & Synthesis Messages ;
+-------------------------------+
Info: *******************************************************************
Info: Running Quartus Prime Analysis & Synthesis
    Info: Version 20.1.0 Build 711 06/05/2020 SJ Lite Edition
    Info: Processing started: Wed Dec 16 12:24:16 2020
Info: Command: quartus_map --read_settings_files=on --write_settings_files=off tx -c tx
Warning (18236): Number of processors has not been specified which may cause overloading on shared machines.  Set the global assignment NUM_PARALLEL_PROCESSORS in your QSF to an appropriate value for best performance.
Info (20030): Parallel compilation is enabled and will use 4 of the 4 processors detected
Info (12021): Found 2 design units, including 1 entities, in source file /home/wackoz/github/SDI_20_21/labsRR/UART/general_components/shift_register/vhd/shift_register_8bit.vhd
    Info (12022): Found design unit 1: shift_register_8bit-arch File: /home/wackoz/github/SDI_20_21/labsRR/UART/general_components/shift_register/vhd/shift_register_8bit.vhd Line: 42
    Info (12023): Found entity 1: shift_register_8bit File: /home/wackoz/github/SDI_20_21/labsRR/UART/general_components/shift_register/vhd/shift_register_8bit.vhd Line: 27
Info (12021): Found 2 design units, including 1 entities, in source file /home/wackoz/github/SDI_20_21/labsRR/UART/general_components/counter/counter_nbit.vhd
    Info (12022): Found design unit 1: counter_nbit-arch File: /home/wackoz/github/SDI_20_21/labsRR/UART/general_components/counter/counter_nbit.vhd Line: 47
    Info (12023): Found entity 1: counter_nbit File: /home/wackoz/github/SDI_20_21/labsRR/UART/general_components/counter/counter_nbit.vhd Line: 29
Info (12021): Found 2 design units, including 1 entities, in source file /home/wackoz/github/SDI_20_21/labsRR/UART/tx/vhd/tx_dp.vhd
    Info (12022): Found design unit 1: tx_dp-arch File: /home/wackoz/github/SDI_20_21/labsRR/UART/tx/vhd/tx_dp.vhd Line: 48
    Info (12023): Found entity 1: tx_dp File: /home/wackoz/github/SDI_20_21/labsRR/UART/tx/vhd/tx_dp.vhd Line: 26
Info (12021): Found 2 design units, including 1 entities, in source file /home/wackoz/github/SDI_20_21/labsRR/UART/tx/vhd/tx_cu.vhd
    Info (12022): Found design unit 1: tx_cu-str File: /home/wackoz/github/SDI_20_21/labsRR/UART/tx/vhd/tx_cu.vhd Line: 46
    Info (12023): Found entity 1: tx_cu File: /home/wackoz/github/SDI_20_21/labsRR/UART/tx/vhd/tx_cu.vhd Line: 28
Info (12021): Found 2 design units, including 1 entities, in source file /home/wackoz/github/SDI_20_21/labsRR/UART/tx/vhd/tx.vhd
    Info (12022): Found design unit 1: tx-str File: /home/wackoz/github/SDI_20_21/labsRR/UART/tx/vhd/tx.vhd Line: 41
    Info (12023): Found entity 1: tx File: /home/wackoz/github/SDI_20_21/labsRR/UART/tx/vhd/tx.vhd Line: 27
Info (12127): Elaborating entity "tx" for the top level hierarchy
Info (12128): Elaborating entity "tx_dp" for hierarchy "tx_dp:datapath" File: /home/wackoz/github/SDI_20_21/labsRR/UART/tx/vhd/tx.vhd Line: 89
Warning (10540): VHDL Signal Declaration warning at tx_dp.vhd(53): used explicit default value for signal "ld" because signal was never assigned a value File: /home/wackoz/github/SDI_20_21/labsRR/UART/tx/vhd/tx_dp.vhd Line: 53
Warning (10541): VHDL Signal Declaration warning at tx_dp.vhd(56): used implicit default value for signal "d" because signal was never assigned a value or an explicit default value. Use of implicit default value may introduce unintended design optimizations. File: /home/wackoz/github/SDI_20_21/labsRR/UART/tx/vhd/tx_dp.vhd Line: 56
Warning (10541): VHDL Signal Declaration warning at tx_dp.vhd(57): used implicit default value for signal "d_txempty" because signal was never assigned a value or an explicit default value. Use of implicit default value may introduce unintended design optimizations. File: /home/wackoz/github/SDI_20_21/labsRR/UART/tx/vhd/tx_dp.vhd Line: 57
Warning (10036): Verilog HDL or VHDL warning at tx_dp.vhd(58): object "q_txempty" assigned a value but never read File: /home/wackoz/github/SDI_20_21/labsRR/UART/tx/vhd/tx_dp.vhd Line: 58
Warning (10036): Verilog HDL or VHDL warning at tx_dp.vhd(59): object "q_c_shift" assigned a value but never read File: /home/wackoz/github/SDI_20_21/labsRR/UART/tx/vhd/tx_dp.vhd Line: 59
Warning (10540): VHDL Signal Declaration warning at tx_dp.vhd(62): used explicit default value for signal "s_in" because signal was never assigned a value File: /home/wackoz/github/SDI_20_21/labsRR/UART/tx/vhd/tx_dp.vhd Line: 62
Warning (10036): Verilog HDL or VHDL warning at tx_dp.vhd(64): object "p_out" assigned a value but never read File: /home/wackoz/github/SDI_20_21/labsRR/UART/tx/vhd/tx_dp.vhd Line: 64
Info (12128): Elaborating entity "shift_register_8bit" for hierarchy "tx_dp:datapath|shift_register_8bit:shift_reg" File: /home/wackoz/github/SDI_20_21/labsRR/UART/tx/vhd/tx_dp.vhd Line: 98
Info (12128): Elaborating entity "counter_nbit" for hierarchy "tx_dp:datapath|counter_nbit:counter_shift" File: /home/wackoz/github/SDI_20_21/labsRR/UART/tx/vhd/tx_dp.vhd Line: 110
Info (12128): Elaborating entity "counter_nbit" for hierarchy "tx_dp:datapath|counter_nbit:counter_txempty" File: /home/wackoz/github/SDI_20_21/labsRR/UART/tx/vhd/tx_dp.vhd Line: 123
Info (12128): Elaborating entity "tx_cu" for hierarchy "tx_cu:controlunit" File: /home/wackoz/github/SDI_20_21/labsRR/UART/tx/vhd/tx.vhd Line: 104
Warning (10631): VHDL Process Statement warning at tx_cu.vhd(108): inferring latch(es) for signal or variable "clear", which holds its previous value in one or more paths through the process File: /home/wackoz/github/SDI_20_21/labsRR/UART/tx/vhd/tx_cu.vhd Line: 108
Info (10041): Inferred latch for "clear" at tx_cu.vhd(108) File: /home/wackoz/github/SDI_20_21/labsRR/UART/tx/vhd/tx_cu.vhd Line: 108
Warning (12241): 1 hierarchies have connectivity warnings - see the Connectivity Checks report folder
Info (286030): Timing-Driven Synthesis is running
Info (16010): Generating hard_block partition "hard_block:auto_generated_inst"
    Info (16011): Adding 0 node(s), including 0 DDIO, 0 PLL, 0 transceiver and 0 LCELL
Warning (21074): Design contains 1 input pin(s) that do not drive logic
    Warning (15610): No output dependent on input pin "tx_empty_ack" File: /home/wackoz/github/SDI_20_21/labsRR/UART/tx/vhd/tx.vhd Line: 34
Info (21057): Implemented 45 device resources after synthesis - the final resource count might be different
    Info (21058): Implemented 11 input pins
    Info (21059): Implemented 1 output pins
    Info (21061): Implemented 33 logic cells
Info: Quartus Prime Analysis & Synthesis was successful. 0 errors, 12 warnings
    Info: Peak virtual memory: 503 megabytes
    Info: Processing ended: Wed Dec 16 12:24:23 2020
    Info: Elapsed time: 00:00:07
    Info: Total CPU time (on all processors): 00:00:18


