Analysis & Elaboration report for butterfly
Mon Jan  4 18:05:51 2021
Quartus Prime Version 20.1.0 Build 711 06/05/2020 SJ Lite Edition


---------------------
; Table of Contents ;
---------------------
  1. Legal Notice
  2. Analysis & Elaboration Summary
  3. Parallel Compilation
  4. Parameter Settings for User Entity Instance: controlunit_butterfly:controlunit|microROM:rom
  5. Parameter Settings for User Entity Instance: controlunit_butterfly:controlunit|reg:uADR
  6. Parameter Settings for User Entity Instance: controlunit_butterfly:controlunit|reg:uIR
  7. Parameter Settings for User Entity Instance: butterfly_dp:datapath
  8. Parameter Settings for User Entity Instance: butterfly_dp:datapath|mpy_sh:mpy_sh_1
  9. Parameter Settings for User Entity Instance: butterfly_dp:datapath|adder:adder_1
 10. Parameter Settings for User Entity Instance: butterfly_dp:datapath|round_block:round_block_1
 11. Parameter Settings for User Entity Instance: butterfly_dp:datapath|reg:reg_Wr
 12. Parameter Settings for User Entity Instance: butterfly_dp:datapath|reg:reg_Wi
 13. Parameter Settings for User Entity Instance: butterfly_dp:datapath|reg:reg_Ar
 14. Parameter Settings for User Entity Instance: butterfly_dp:datapath|reg:reg_Aj
 15. Parameter Settings for User Entity Instance: butterfly_dp:datapath|reg:reg_Br
 16. Parameter Settings for User Entity Instance: butterfly_dp:datapath|reg:reg_Bj
 17. Parameter Settings for User Entity Instance: butterfly_dp:datapath|reg:reg_Br_out
 18. Parameter Settings for User Entity Instance: butterfly_dp:datapath|reg:reg_Bj_out
 19. Parameter Settings for User Entity Instance: butterfly_dp:datapath|reg:reg_Ar_out
 20. Parameter Settings for User Entity Instance: butterfly_dp:datapath|reg:reg_Aj_out
 21. Parameter Settings for User Entity Instance: butterfly_dp:datapath|mux4to1:mux4to1_1
 22. Parameter Settings for User Entity Instance: butterfly_dp:datapath|mux4to1:mux4to1_2
 23. Analysis & Elaboration Settings
 24. Port Connectivity Checks: "controlunit_butterfly:controlunit|reg:uIR"
 25. Port Connectivity Checks: "controlunit_butterfly:controlunit|reg:uADR"
 26. Port Connectivity Checks: "controlunit_butterfly:controlunit"
 27. Analysis & Elaboration Messages



----------------
; Legal Notice ;
----------------
Copyright (C) 2020  Intel Corporation. All rights reserved.
Your use of Intel Corporation's design tools, logic functions 
and other software and tools, and any partner logic 
functions, and any output files from any of the foregoing 
(including device programming or simulation files), and any 
associated documentation or information are expressly subject 
to the terms and conditions of the Intel Program License 
Subscription Agreement, the Intel Quartus Prime License Agreement,
the Intel FPGA IP License Agreement, or other applicable license
agreement, including, without limitation, that your use is for
the sole purpose of programming logic devices manufactured by
Intel and sold by Intel or its authorized distributors.  Please
refer to the applicable agreement for further details, at
https://fpgasoftware.intel.com/eula.



+----------------------------------------------------------------------------------+
; Analysis & Elaboration Summary                                                   ;
+------------------------------------+---------------------------------------------+
; Analysis & Elaboration Status      ; Successful - Mon Jan  4 18:05:51 2021       ;
; Quartus Prime Version              ; 20.1.0 Build 711 06/05/2020 SJ Lite Edition ;
; Revision Name                      ; butterfly                                   ;
; Top-level Entity Name              ; butterfly                                   ;
; Family                             ; Cyclone 10 LP                               ;
; Total logic elements               ; N/A until Partition Merge                   ;
;     Total combinational functions  ; N/A until Partition Merge                   ;
;     Dedicated logic registers      ; N/A until Partition Merge                   ;
; Total registers                    ; N/A until Partition Merge                   ;
; Total pins                         ; N/A until Partition Merge                   ;
; Total virtual pins                 ; N/A until Partition Merge                   ;
; Total memory bits                  ; N/A until Partition Merge                   ;
; Embedded Multiplier 9-bit elements ; N/A until Partition Merge                   ;
; Total PLLs                         ; N/A until Partition Merge                   ;
+------------------------------------+---------------------------------------------+


+------------------------------------------+
; Parallel Compilation                     ;
+----------------------------+-------------+
; Processors                 ; Number      ;
+----------------------------+-------------+
; Number detected on machine ; 8           ;
; Maximum allowed            ; 4           ;
;                            ;             ;
; Average used               ; 1.00        ;
; Maximum used               ; 1           ;
;                            ;             ;
; Usage by Processor         ; % Time Used ;
;     Processor 1            ; 100.0%      ;
+----------------------------+-------------+


+---------------------------------------------------------------------------------------------+
; Parameter Settings for User Entity Instance: controlunit_butterfly:controlunit|microROM:rom ;
+----------------+-------+--------------------------------------------------------------------+
; Parameter Name ; Value ; Type                                                               ;
+----------------+-------+--------------------------------------------------------------------+
; n              ; 26    ; Signed Integer                                                     ;
+----------------+-------+--------------------------------------------------------------------+
Note: In order to hide this table in the UI and the text report file, please set the "Show Parameter Settings in Synthesis Report" option in "Analysis and Synthesis Settings -> More Settings" to "Off".


+-----------------------------------------------------------------------------------------+
; Parameter Settings for User Entity Instance: controlunit_butterfly:controlunit|reg:uADR ;
+----------------+-------+----------------------------------------------------------------+
; Parameter Name ; Value ; Type                                                           ;
+----------------+-------+----------------------------------------------------------------+
; n              ; 5     ; Signed Integer                                                 ;
+----------------+-------+----------------------------------------------------------------+
Note: In order to hide this table in the UI and the text report file, please set the "Show Parameter Settings in Synthesis Report" option in "Analysis and Synthesis Settings -> More Settings" to "Off".


+----------------------------------------------------------------------------------------+
; Parameter Settings for User Entity Instance: controlunit_butterfly:controlunit|reg:uIR ;
+----------------+-------+---------------------------------------------------------------+
; Parameter Name ; Value ; Type                                                          ;
+----------------+-------+---------------------------------------------------------------+
; n              ; 26    ; Signed Integer                                                ;
+----------------+-------+---------------------------------------------------------------+
Note: In order to hide this table in the UI and the text report file, please set the "Show Parameter Settings in Synthesis Report" option in "Analysis and Synthesis Settings -> More Settings" to "Off".


+--------------------------------------------------------------------+
; Parameter Settings for User Entity Instance: butterfly_dp:datapath ;
+----------------+-------+-------------------------------------------+
; Parameter Name ; Value ; Type                                      ;
+----------------+-------+-------------------------------------------+
; n              ; 20    ; Signed Integer                            ;
+----------------+-------+-------------------------------------------+
Note: In order to hide this table in the UI and the text report file, please set the "Show Parameter Settings in Synthesis Report" option in "Analysis and Synthesis Settings -> More Settings" to "Off".


+------------------------------------------------------------------------------------+
; Parameter Settings for User Entity Instance: butterfly_dp:datapath|mpy_sh:mpy_sh_1 ;
+----------------+-------+-----------------------------------------------------------+
; Parameter Name ; Value ; Type                                                      ;
+----------------+-------+-----------------------------------------------------------+
; n              ; 20    ; Signed Integer                                            ;
+----------------+-------+-----------------------------------------------------------+
Note: In order to hide this table in the UI and the text report file, please set the "Show Parameter Settings in Synthesis Report" option in "Analysis and Synthesis Settings -> More Settings" to "Off".


+----------------------------------------------------------------------------------+
; Parameter Settings for User Entity Instance: butterfly_dp:datapath|adder:adder_1 ;
+----------------+-------+---------------------------------------------------------+
; Parameter Name ; Value ; Type                                                    ;
+----------------+-------+---------------------------------------------------------+
; n              ; 43    ; Signed Integer                                          ;
+----------------+-------+---------------------------------------------------------+
Note: In order to hide this table in the UI and the text report file, please set the "Show Parameter Settings in Synthesis Report" option in "Analysis and Synthesis Settings -> More Settings" to "Off".


+----------------------------------------------------------------------------------------------+
; Parameter Settings for User Entity Instance: butterfly_dp:datapath|round_block:round_block_1 ;
+----------------+-------+---------------------------------------------------------------------+
; Parameter Name ; Value ; Type                                                                ;
+----------------+-------+---------------------------------------------------------------------+
; n              ; 20    ; Signed Integer                                                      ;
; m              ; 44    ; Signed Integer                                                      ;
+----------------+-------+---------------------------------------------------------------------+
Note: In order to hide this table in the UI and the text report file, please set the "Show Parameter Settings in Synthesis Report" option in "Analysis and Synthesis Settings -> More Settings" to "Off".


+-------------------------------------------------------------------------------+
; Parameter Settings for User Entity Instance: butterfly_dp:datapath|reg:reg_Wr ;
+----------------+-------+------------------------------------------------------+
; Parameter Name ; Value ; Type                                                 ;
+----------------+-------+------------------------------------------------------+
; n              ; 20    ; Signed Integer                                       ;
+----------------+-------+------------------------------------------------------+
Note: In order to hide this table in the UI and the text report file, please set the "Show Parameter Settings in Synthesis Report" option in "Analysis and Synthesis Settings -> More Settings" to "Off".


+-------------------------------------------------------------------------------+
; Parameter Settings for User Entity Instance: butterfly_dp:datapath|reg:reg_Wi ;
+----------------+-------+------------------------------------------------------+
; Parameter Name ; Value ; Type                                                 ;
+----------------+-------+------------------------------------------------------+
; n              ; 20    ; Signed Integer                                       ;
+----------------+-------+------------------------------------------------------+
Note: In order to hide this table in the UI and the text report file, please set the "Show Parameter Settings in Synthesis Report" option in "Analysis and Synthesis Settings -> More Settings" to "Off".


+-------------------------------------------------------------------------------+
; Parameter Settings for User Entity Instance: butterfly_dp:datapath|reg:reg_Ar ;
+----------------+-------+------------------------------------------------------+
; Parameter Name ; Value ; Type                                                 ;
+----------------+-------+------------------------------------------------------+
; n              ; 20    ; Signed Integer                                       ;
+----------------+-------+------------------------------------------------------+
Note: In order to hide this table in the UI and the text report file, please set the "Show Parameter Settings in Synthesis Report" option in "Analysis and Synthesis Settings -> More Settings" to "Off".


+-------------------------------------------------------------------------------+
; Parameter Settings for User Entity Instance: butterfly_dp:datapath|reg:reg_Aj ;
+----------------+-------+------------------------------------------------------+
; Parameter Name ; Value ; Type                                                 ;
+----------------+-------+------------------------------------------------------+
; n              ; 20    ; Signed Integer                                       ;
+----------------+-------+------------------------------------------------------+
Note: In order to hide this table in the UI and the text report file, please set the "Show Parameter Settings in Synthesis Report" option in "Analysis and Synthesis Settings -> More Settings" to "Off".


+-------------------------------------------------------------------------------+
; Parameter Settings for User Entity Instance: butterfly_dp:datapath|reg:reg_Br ;
+----------------+-------+------------------------------------------------------+
; Parameter Name ; Value ; Type                                                 ;
+----------------+-------+------------------------------------------------------+
; n              ; 20    ; Signed Integer                                       ;
+----------------+-------+------------------------------------------------------+
Note: In order to hide this table in the UI and the text report file, please set the "Show Parameter Settings in Synthesis Report" option in "Analysis and Synthesis Settings -> More Settings" to "Off".


+-------------------------------------------------------------------------------+
; Parameter Settings for User Entity Instance: butterfly_dp:datapath|reg:reg_Bj ;
+----------------+-------+------------------------------------------------------+
; Parameter Name ; Value ; Type                                                 ;
+----------------+-------+------------------------------------------------------+
; n              ; 20    ; Signed Integer                                       ;
+----------------+-------+------------------------------------------------------+
Note: In order to hide this table in the UI and the text report file, please set the "Show Parameter Settings in Synthesis Report" option in "Analysis and Synthesis Settings -> More Settings" to "Off".


+-----------------------------------------------------------------------------------+
; Parameter Settings for User Entity Instance: butterfly_dp:datapath|reg:reg_Br_out ;
+----------------+-------+----------------------------------------------------------+
; Parameter Name ; Value ; Type                                                     ;
+----------------+-------+----------------------------------------------------------+
; n              ; 20    ; Signed Integer                                           ;
+----------------+-------+----------------------------------------------------------+
Note: In order to hide this table in the UI and the text report file, please set the "Show Parameter Settings in Synthesis Report" option in "Analysis and Synthesis Settings -> More Settings" to "Off".


+-----------------------------------------------------------------------------------+
; Parameter Settings for User Entity Instance: butterfly_dp:datapath|reg:reg_Bj_out ;
+----------------+-------+----------------------------------------------------------+
; Parameter Name ; Value ; Type                                                     ;
+----------------+-------+----------------------------------------------------------+
; n              ; 20    ; Signed Integer                                           ;
+----------------+-------+----------------------------------------------------------+
Note: In order to hide this table in the UI and the text report file, please set the "Show Parameter Settings in Synthesis Report" option in "Analysis and Synthesis Settings -> More Settings" to "Off".


+-----------------------------------------------------------------------------------+
; Parameter Settings for User Entity Instance: butterfly_dp:datapath|reg:reg_Ar_out ;
+----------------+-------+----------------------------------------------------------+
; Parameter Name ; Value ; Type                                                     ;
+----------------+-------+----------------------------------------------------------+
; n              ; 20    ; Signed Integer                                           ;
+----------------+-------+----------------------------------------------------------+
Note: In order to hide this table in the UI and the text report file, please set the "Show Parameter Settings in Synthesis Report" option in "Analysis and Synthesis Settings -> More Settings" to "Off".


+-----------------------------------------------------------------------------------+
; Parameter Settings for User Entity Instance: butterfly_dp:datapath|reg:reg_Aj_out ;
+----------------+-------+----------------------------------------------------------+
; Parameter Name ; Value ; Type                                                     ;
+----------------+-------+----------------------------------------------------------+
; n              ; 20    ; Signed Integer                                           ;
+----------------+-------+----------------------------------------------------------+
Note: In order to hide this table in the UI and the text report file, please set the "Show Parameter Settings in Synthesis Report" option in "Analysis and Synthesis Settings -> More Settings" to "Off".


+--------------------------------------------------------------------------------------+
; Parameter Settings for User Entity Instance: butterfly_dp:datapath|mux4to1:mux4to1_1 ;
+----------------+-------+-------------------------------------------------------------+
; Parameter Name ; Value ; Type                                                        ;
+----------------+-------+-------------------------------------------------------------+
; n              ; 20    ; Signed Integer                                              ;
+----------------+-------+-------------------------------------------------------------+
Note: In order to hide this table in the UI and the text report file, please set the "Show Parameter Settings in Synthesis Report" option in "Analysis and Synthesis Settings -> More Settings" to "Off".


+--------------------------------------------------------------------------------------+
; Parameter Settings for User Entity Instance: butterfly_dp:datapath|mux4to1:mux4to1_2 ;
+----------------+-------+-------------------------------------------------------------+
; Parameter Name ; Value ; Type                                                        ;
+----------------+-------+-------------------------------------------------------------+
; n              ; 43    ; Signed Integer                                              ;
+----------------+-------+-------------------------------------------------------------+
Note: In order to hide this table in the UI and the text report file, please set the "Show Parameter Settings in Synthesis Report" option in "Analysis and Synthesis Settings -> More Settings" to "Off".


+------------------------------------------------------------------------------------------------------------+
; Analysis & Elaboration Settings                                                                            ;
+------------------------------------------------------------------+--------------------+--------------------+
; Option                                                           ; Setting            ; Default Value      ;
+------------------------------------------------------------------+--------------------+--------------------+
; Top-level entity name                                            ; butterfly          ; butterfly          ;
; Family name                                                      ; Cyclone 10 LP      ; Cyclone V          ;
; Use smart compilation                                            ; Off                ; Off                ;
; Enable parallel Assembler and Timing Analyzer during compilation ; On                 ; On                 ;
; Enable compact report table                                      ; Off                ; Off                ;
; Restructure Multiplexers                                         ; Auto               ; Auto               ;
; Create Debugging Nodes for IP Cores                              ; Off                ; Off                ;
; Preserve fewer node names                                        ; On                 ; On                 ;
; Intel FPGA IP Evaluation Mode                                    ; Enable             ; Enable             ;
; Verilog Version                                                  ; Verilog_2001       ; Verilog_2001       ;
; VHDL Version                                                     ; VHDL_1993          ; VHDL_1993          ;
; State Machine Processing                                         ; Auto               ; Auto               ;
; Safe State Machine                                               ; Off                ; Off                ;
; Extract Verilog State Machines                                   ; On                 ; On                 ;
; Extract VHDL State Machines                                      ; On                 ; On                 ;
; Ignore Verilog initial constructs                                ; Off                ; Off                ;
; Iteration limit for constant Verilog loops                       ; 5000               ; 5000               ;
; Iteration limit for non-constant Verilog loops                   ; 250                ; 250                ;
; Add Pass-Through Logic to Inferred RAMs                          ; On                 ; On                 ;
; Infer RAMs from Raw Logic                                        ; On                 ; On                 ;
; Parallel Synthesis                                               ; On                 ; On                 ;
; DSP Block Balancing                                              ; Auto               ; Auto               ;
; NOT Gate Push-Back                                               ; On                 ; On                 ;
; Power-Up Don't Care                                              ; On                 ; On                 ;
; Remove Redundant Logic Cells                                     ; Off                ; Off                ;
; Remove Duplicate Registers                                       ; On                 ; On                 ;
; Ignore CARRY Buffers                                             ; Off                ; Off                ;
; Ignore CASCADE Buffers                                           ; Off                ; Off                ;
; Ignore GLOBAL Buffers                                            ; Off                ; Off                ;
; Ignore ROW GLOBAL Buffers                                        ; Off                ; Off                ;
; Ignore LCELL Buffers                                             ; Off                ; Off                ;
; Ignore SOFT Buffers                                              ; On                 ; On                 ;
; Limit AHDL Integers to 32 Bits                                   ; Off                ; Off                ;
; Optimization Technique                                           ; Balanced           ; Balanced           ;
; Carry Chain Length                                               ; 70                 ; 70                 ;
; Auto Carry Chains                                                ; On                 ; On                 ;
; Auto Open-Drain Pins                                             ; On                 ; On                 ;
; Perform WYSIWYG Primitive Resynthesis                            ; Off                ; Off                ;
; Auto ROM Replacement                                             ; On                 ; On                 ;
; Auto RAM Replacement                                             ; On                 ; On                 ;
; Auto DSP Block Replacement                                       ; On                 ; On                 ;
; Auto Shift Register Replacement                                  ; Auto               ; Auto               ;
; Allow Shift Register Merging across Hierarchies                  ; Auto               ; Auto               ;
; Auto Clock Enable Replacement                                    ; On                 ; On                 ;
; Strict RAM Replacement                                           ; Off                ; Off                ;
; Allow Synchronous Control Signals                                ; On                 ; On                 ;
; Force Use of Synchronous Clear Signals                           ; Off                ; Off                ;
; Auto RAM Block Balancing                                         ; On                 ; On                 ;
; Auto RAM to Logic Cell Conversion                                ; Off                ; Off                ;
; Auto Resource Sharing                                            ; Off                ; Off                ;
; Allow Any RAM Size For Recognition                               ; Off                ; Off                ;
; Allow Any ROM Size For Recognition                               ; Off                ; Off                ;
; Allow Any Shift Register Size For Recognition                    ; Off                ; Off                ;
; Use LogicLock Constraints during Resource Balancing              ; On                 ; On                 ;
; Ignore translate_off and synthesis_off directives                ; Off                ; Off                ;
; Timing-Driven Synthesis                                          ; On                 ; On                 ;
; Report Parameter Settings                                        ; On                 ; On                 ;
; Report Source Assignments                                        ; On                 ; On                 ;
; Report Connectivity Checks                                       ; On                 ; On                 ;
; Ignore Maximum Fan-Out Assignments                               ; Off                ; Off                ;
; Synchronization Register Chain Length                            ; 2                  ; 2                  ;
; Power Optimization During Synthesis                              ; Normal compilation ; Normal compilation ;
; HDL message level                                                ; Level2             ; Level2             ;
; Suppress Register Optimization Related Messages                  ; Off                ; Off                ;
; Number of Removed Registers Reported in Synthesis Report         ; 5000               ; 5000               ;
; Number of Swept Nodes Reported in Synthesis Report               ; 5000               ; 5000               ;
; Number of Inverted Registers Reported in Synthesis Report        ; 100                ; 100                ;
; Clock MUX Protection                                             ; On                 ; On                 ;
; Auto Gated Clock Conversion                                      ; Off                ; Off                ;
; Block Design Naming                                              ; Auto               ; Auto               ;
; SDC constraint protection                                        ; Off                ; Off                ;
; Synthesis Effort                                                 ; Auto               ; Auto               ;
; Shift Register Replacement - Allow Asynchronous Clear Signal     ; On                 ; On                 ;
; Pre-Mapping Resynthesis Optimization                             ; Off                ; Off                ;
; Analysis & Synthesis Message Level                               ; Medium             ; Medium             ;
; Disable Register Merging Across Hierarchies                      ; Auto               ; Auto               ;
; Resource Aware Inference For Block RAM                           ; On                 ; On                 ;
+------------------------------------------------------------------+--------------------+--------------------+


+--------------------------------------------------------------------------------------------------------------------+
; Port Connectivity Checks: "controlunit_butterfly:controlunit|reg:uIR"                                              ;
+----------+--------+----------+-------------------------------------------------------------------------------------+
; Port     ; Type   ; Severity ; Details                                                                             ;
+----------+--------+----------+-------------------------------------------------------------------------------------+
; enable   ; Input  ; Info     ; Stuck at VCC                                                                        ;
; q[25..5] ; Output ; Info     ; Connected to dangling logic. Logic that only feeds a dangling port will be removed. ;
+----------+--------+----------+-------------------------------------------------------------------------------------+


+------------------------------------------------------------------------+
; Port Connectivity Checks: "controlunit_butterfly:controlunit|reg:uADR" ;
+--------+-------+----------+--------------------------------------------+
; Port   ; Type  ; Severity ; Details                                    ;
+--------+-------+----------+--------------------------------------------+
; enable ; Input ; Info     ; Stuck at VCC                               ;
+--------+-------+----------+--------------------------------------------+


+------------------------------------------------------------------------------------------------------------------------------------------------------------------------------------------+
; Port Connectivity Checks: "controlunit_butterfly:controlunit"                                                                                                                            ;
+-----------------------+--------+----------+----------------------------------------------------------------------------------------------------------------------------------------------+
; Port                  ; Type   ; Severity ; Details                                                                                                                                      ;
+-----------------------+--------+----------+----------------------------------------------------------------------------------------------------------------------------------------------+
; datapath_commands[18] ; Output ; Info     ; Connected to dangling logic. Logic that only feeds a dangling port will be removed.                                                          ;
; reset                 ; Input  ; Warning  ; Declared by entity but not connected by instance. If a default value exists, it will be used.  Otherwise, the port will be connected to GND. ;
+-----------------------+--------+----------+----------------------------------------------------------------------------------------------------------------------------------------------+


+---------------------------------+
; Analysis & Elaboration Messages ;
+---------------------------------+
Info: *******************************************************************
Info: Running Quartus Prime Analysis & Elaboration
    Info: Version 20.1.0 Build 711 06/05/2020 SJ Lite Edition
    Info: Processing started: Mon Jan  4 18:05:41 2021
Info: Command: quartus_map --read_settings_files=on --write_settings_files=off butterfly -c butterfly --analysis_and_elaboration
Warning (18236): Number of processors has not been specified which may cause overloading on shared machines.  Set the global assignment NUM_PARALLEL_PROCESSORS in your QSF to an appropriate value for best performance.
Info (20030): Parallel compilation is enabled and will use 4 of the 4 processors detected
Info (12021): Found 2 design units, including 1 entities, in source file /home/wackoz/github/SDI_20_21/butterfly/vhd/round_block.vhd
    Info (12022): Found design unit 1: round_block-str File: /home/wackoz/github/SDI_20_21/butterfly/vhd/round_block.vhd Line: 44
    Info (12023): Found entity 1: round_block File: /home/wackoz/github/SDI_20_21/butterfly/vhd/round_block.vhd Line: 28
Info (12021): Found 2 design units, including 1 entities, in source file /home/wackoz/github/SDI_20_21/butterfly/vhd/reg.vhd
    Info (12022): Found design unit 1: reg-str File: /home/wackoz/github/SDI_20_21/butterfly/vhd/reg.vhd Line: 41
    Info (12023): Found entity 1: reg File: /home/wackoz/github/SDI_20_21/butterfly/vhd/reg.vhd Line: 27
Info (12021): Found 2 design units, including 1 entities, in source file /home/wackoz/github/SDI_20_21/butterfly/vhd/mux4to1.vhd
    Info (12022): Found design unit 1: mux4to1-str File: /home/wackoz/github/SDI_20_21/butterfly/vhd/mux4to1.vhd Line: 46
    Info (12023): Found entity 1: mux4to1 File: /home/wackoz/github/SDI_20_21/butterfly/vhd/mux4to1.vhd Line: 27
Info (12021): Found 2 design units, including 1 entities, in source file /home/wackoz/github/SDI_20_21/butterfly/vhd/mpy_sh.vhd
    Info (12022): Found design unit 1: mpy_sh-str File: /home/wackoz/github/SDI_20_21/butterfly/vhd/mpy_sh.vhd Line: 48
    Info (12023): Found entity 1: mpy_sh File: /home/wackoz/github/SDI_20_21/butterfly/vhd/mpy_sh.vhd Line: 28
Info (12021): Found 2 design units, including 1 entities, in source file /home/wackoz/github/SDI_20_21/butterfly/vhd/butterfly_dp.vhd
    Info (12022): Found design unit 1: butterfly_dp-str File: /home/wackoz/github/SDI_20_21/butterfly/vhd/butterfly_dp.vhd Line: 73
    Info (12023): Found entity 1: butterfly_dp File: /home/wackoz/github/SDI_20_21/butterfly/vhd/butterfly_dp.vhd Line: 29
Info (12021): Found 2 design units, including 1 entities, in source file /home/wackoz/github/SDI_20_21/butterfly/vhd/adder.vhd
    Info (12022): Found design unit 1: adder-str File: /home/wackoz/github/SDI_20_21/butterfly/vhd/adder.vhd Line: 44
    Info (12023): Found entity 1: adder File: /home/wackoz/github/SDI_20_21/butterfly/vhd/adder.vhd Line: 27
Info (12021): Found 2 design units, including 1 entities, in source file /home/wackoz/github/SDI_20_21/butterfly/vhd/quartus control/pla_status.vhd
    Info (12022): Found design unit 1: PLA_status-behav File: /home/wackoz/github/SDI_20_21/butterfly/vhd/quartus control/pla_status.vhd Line: 11
    Info (12023): Found entity 1: PLA_status File: /home/wackoz/github/SDI_20_21/butterfly/vhd/quartus control/pla_status.vhd Line: 4
Info (12021): Found 2 design units, including 1 entities, in source file /home/wackoz/github/SDI_20_21/butterfly/vhd/quartus control/mux2_to_1_rom.vhd
    Info (12022): Found design unit 1: mux_2_to_1_rom-behav File: /home/wackoz/github/SDI_20_21/butterfly/vhd/quartus control/mux2_to_1_rom.vhd Line: 11
    Info (12023): Found entity 1: mux_2_to_1_rom File: /home/wackoz/github/SDI_20_21/butterfly/vhd/quartus control/mux2_to_1_rom.vhd Line: 4
Info (12021): Found 2 design units, including 1 entities, in source file /home/wackoz/github/SDI_20_21/butterfly/vhd/quartus control/mux2_to_1.vhd
    Info (12022): Found design unit 1: mux_2_to_1-behav File: /home/wackoz/github/SDI_20_21/butterfly/vhd/quartus control/mux2_to_1.vhd Line: 11
    Info (12023): Found entity 1: mux_2_to_1 File: /home/wackoz/github/SDI_20_21/butterfly/vhd/quartus control/mux2_to_1.vhd Line: 4
Info (12021): Found 2 design units, including 1 entities, in source file /home/wackoz/github/SDI_20_21/butterfly/vhd/quartus control/microROM.vhd
    Info (12022): Found design unit 1: microROM-behav File: /home/wackoz/github/SDI_20_21/butterfly/vhd/quartus control/microROM.vhd Line: 14
    Info (12023): Found entity 1: microROM File: /home/wackoz/github/SDI_20_21/butterfly/vhd/quartus control/microROM.vhd Line: 6
Info (12021): Found 2 design units, including 1 entities, in source file /home/wackoz/github/SDI_20_21/butterfly/vhd/quartus control/controlunit_butterfly.vhd
    Info (12022): Found design unit 1: controlunit_butterfly-behav File: /home/wackoz/github/SDI_20_21/butterfly/vhd/quartus control/controlunit_butterfly.vhd Line: 12
    Info (12023): Found entity 1: controlunit_butterfly File: /home/wackoz/github/SDI_20_21/butterfly/vhd/quartus control/controlunit_butterfly.vhd Line: 4
Info (12021): Found 2 design units, including 1 entities, in source file butterfly.vhd
    Info (12022): Found design unit 1: butterfly-behav File: /home/wackoz/github/SDI_20_21/butterfly/vhd/quartus butterfly/butterfly.vhd Line: 14
    Info (12023): Found entity 1: butterfly File: /home/wackoz/github/SDI_20_21/butterfly/vhd/quartus butterfly/butterfly.vhd Line: 5
Info (12021): Found 2 design units, including 1 entities, in source file butterfly_tb.vhd
    Info (12022): Found design unit 1: butterfly_tb-arch File: /home/wackoz/github/SDI_20_21/butterfly/vhd/quartus butterfly/butterfly_tb.vhd Line: 12
    Info (12023): Found entity 1: butterfly_tb File: /home/wackoz/github/SDI_20_21/butterfly/vhd/quartus butterfly/butterfly_tb.vhd Line: 6
Info (12127): Elaborating entity "butterfly" for the top level hierarchy
Warning (10036): Verilog HDL or VHDL warning at butterfly.vhd(70): object "done_s" assigned a value but never read File: /home/wackoz/github/SDI_20_21/butterfly/vhd/quartus butterfly/butterfly.vhd Line: 70
Info (12128): Elaborating entity "controlunit_butterfly" for hierarchy "controlunit_butterfly:controlunit" File: /home/wackoz/github/SDI_20_21/butterfly/vhd/quartus butterfly/butterfly.vhd Line: 100
Info (12128): Elaborating entity "microROM" for hierarchy "controlunit_butterfly:controlunit|microROM:rom" File: /home/wackoz/github/SDI_20_21/butterfly/vhd/quartus control/controlunit_butterfly.vhd Line: 61
Info (12128): Elaborating entity "mux_2_to_1_rom" for hierarchy "controlunit_butterfly:controlunit|mux_2_to_1_rom:muxROM" File: /home/wackoz/github/SDI_20_21/butterfly/vhd/quartus control/controlunit_butterfly.vhd Line: 64
Info (12128): Elaborating entity "PLA_status" for hierarchy "controlunit_butterfly:controlunit|PLA_status:late_status" File: /home/wackoz/github/SDI_20_21/butterfly/vhd/quartus control/controlunit_butterfly.vhd Line: 67
Info (12128): Elaborating entity "mux_2_to_1" for hierarchy "controlunit_butterfly:controlunit|PLA_status:late_status|mux_2_to_1:mux" File: /home/wackoz/github/SDI_20_21/butterfly/vhd/quartus control/pla_status.vhd Line: 40
Info (12128): Elaborating entity "reg" for hierarchy "controlunit_butterfly:controlunit|reg:uADR" File: /home/wackoz/github/SDI_20_21/butterfly/vhd/quartus control/controlunit_butterfly.vhd Line: 75
Info (12128): Elaborating entity "reg" for hierarchy "controlunit_butterfly:controlunit|reg:uIR" File: /home/wackoz/github/SDI_20_21/butterfly/vhd/quartus control/controlunit_butterfly.vhd Line: 86
Info (12128): Elaborating entity "butterfly_dp" for hierarchy "butterfly_dp:datapath" File: /home/wackoz/github/SDI_20_21/butterfly/vhd/quartus butterfly/butterfly.vhd Line: 103
Warning (10541): VHDL Signal Declaration warning at butterfly_dp.vhd(68): used implicit default value for signal "done" because signal was never assigned a value or an explicit default value. Use of implicit default value may introduce unintended design optimizations. File: /home/wackoz/github/SDI_20_21/butterfly/vhd/butterfly_dp.vhd Line: 68
Info (12128): Elaborating entity "mpy_sh" for hierarchy "butterfly_dp:datapath|mpy_sh:mpy_sh_1" File: /home/wackoz/github/SDI_20_21/butterfly/vhd/butterfly_dp.vhd Line: 186
Info (12128): Elaborating entity "adder" for hierarchy "butterfly_dp:datapath|adder:adder_1" File: /home/wackoz/github/SDI_20_21/butterfly/vhd/butterfly_dp.vhd Line: 201
Info (12128): Elaborating entity "round_block" for hierarchy "butterfly_dp:datapath|round_block:round_block_1" File: /home/wackoz/github/SDI_20_21/butterfly/vhd/butterfly_dp.vhd Line: 215
Info (12128): Elaborating entity "reg" for hierarchy "butterfly_dp:datapath|reg:reg_Wr" File: /home/wackoz/github/SDI_20_21/butterfly/vhd/butterfly_dp.vhd Line: 228
Info (12128): Elaborating entity "mux4to1" for hierarchy "butterfly_dp:datapath|mux4to1:mux4to1_1" File: /home/wackoz/github/SDI_20_21/butterfly/vhd/butterfly_dp.vhd Line: 350
Info (12128): Elaborating entity "mux4to1" for hierarchy "butterfly_dp:datapath|mux4to1:mux4to1_2" File: /home/wackoz/github/SDI_20_21/butterfly/vhd/butterfly_dp.vhd Line: 362
Warning (12241): 1 hierarchies have connectivity warnings - see the Connectivity Checks report folder
Info: Quartus Prime Analysis & Elaboration was successful. 0 errors, 4 warnings
    Info: Peak virtual memory: 732 megabytes
    Info: Processing ended: Mon Jan  4 18:05:51 2021
    Info: Elapsed time: 00:00:10
    Info: Total CPU time (on all processors): 00:00:26


